#
# A fatal error has been detected by the Java Runtime Environment:
#
#  EXCEPTION_ACCESS_VIOLATION (0xc0000005) at pc=0x00007ffb1d7580f0, pid=9384, tid=0x00000000000032a4
#
# JRE version: Java(TM) SE Runtime Environment (8.0_221-b11) (build 1.8.0_221-b11)
# Java VM: Java HotSpot(TM) 64-Bit Server VM (25.221-b11 mixed mode windows-amd64 compressed oops)
# Problematic frame:
# C  [jfxwebkit.dll+0xc380f0]
#
# Failed to write core dump. Minidumps are not enabled by default on client versions of Windows
#
# If you would like to submit a bug report, please visit:
#   http://bugreport.java.com/bugreport/crash.jsp
# The crash happened outside the Java Virtual Machine in native code.
# See problematic frame for where to report the bug.
#

---------------  T H R E A D  ---------------

Current thread (0x000000001d7be800):  JavaThread "JavaFX Application Thread" [_thread_in_native, id=12964, stack(0x000000001dfa0000,0x000000001e0a0000)]

siginfo: ExceptionCode=0xc0000005, reading address 0x0000000000000048

Registers:
RAX=0x0000a034854eb98a, RBX=0x000000001e09cf10, RCX=0x0000000000000048, RDX=0x0000000000000000
RSP=0x000000001e09cda8, RBP=0x000000001e09ce19, RSI=0x0000000000000000, RDI=0x000000001e09cf40
R8 =0x000000001e09cf10, R9 =0x0000000000000000, R10=0x000000006b53a480, R11=0x0000000000000000
R12=0x000000006b53a430, R13=0x000000000000008d, R14=0x000000006bce55b0, R15=0x0000000000000000
RIP=0x00007ffb1d7580f0, EFLAGS=0x0000000000010246

Top of Stack: (sp=0x000000001e09cda8)
0x000000001e09cda8:   00007ffb1d71298d 0000000000000000
0x000000001e09cdb8:   0000000000000000 0000000000000052
0x000000001e09cdc8:   00007ffb1d742497 000000001e09ce40
0x000000001e09cdd8:   00007ffb96f414cb 0000000071371d10
0x000000001e09cde8:   0000000000000000 0000000000000000
0x000000001e09cdf8:   0000a034854eb9ea 000000006b53a430
0x000000001e09ce08:   0000000000000000 000000001e09ceb8
0x000000001e09ce18:   00007ffb1df62809 0000000000000000
0x000000001e09ce28:   0000000000000017 0000000000000000
0x000000001e09ce38:   00007ffb1d711236 0000a034854eb98a
0x000000001e09ce48:   00007ffb1d7459d8 0000000000000000
0x000000001e09ce58:   0000000000000000 0000000000000017
0x000000001e09ce68:   000000001e09cf08 000000001e09cf80
0x000000001e09ce78:   00007ffb1d7304aa 000000006bce55c8
0x000000001e09ce88:   000000001e09cf08 000000001e09cf80
0x000000001e09ce98:   00007ffb9985ba17 0000000000180000 

Instructions: (pc=0x00007ffb1d7580f0)
0x00007ffb1d7580d0:   48 8b 49 68 ff c0 48 85 c9 75 f5 c3 cc cc cc cc
0x00007ffb1d7580e0:   cc cc cc cc cc cc cc cc cc cc cc cc cc cc cc cc
0x00007ffb1d7580f0:   48 8b 01 48 85 c0 74 17 0f 1f 84 00 00 00 00 00
0x00007ffb1d758100:   48 8b c8 48 8b 40 50 48 85 c0 75 f4 48 8b c1 c3 


Register to memory mapping:

RAX=0x0000a034854eb98a is an unknown value
RBX=0x000000001e09cf10 is pointing into the stack for thread: 0x000000001d7be800
RCX=0x0000000000000048 is an unknown value
RDX=0x0000000000000000 is an unknown value
RSP=0x000000001e09cda8 is pointing into the stack for thread: 0x000000001d7be800
RBP=0x000000001e09ce19 is pointing into the stack for thread: 0x000000001d7be800
RSI=0x0000000000000000 is an unknown value
RDI=0x000000001e09cf40 is pointing into the stack for thread: 0x000000001d7be800
R8 =0x000000001e09cf10 is pointing into the stack for thread: 0x000000001d7be800
R9 =0x0000000000000000 is an unknown value
R10=0x000000006b53a480 is an unknown value
R11=0x0000000000000000 is an unknown value
R12=0x000000006b53a430 is an unknown value
R13=0x000000000000008d is an unknown value
R14=0x000000006bce55b0 is an unknown value
R15=0x0000000000000000 is an unknown value


Stack: [0x000000001dfa0000,0x000000001e0a0000],  sp=0x000000001e09cda8,  free space=1011k
Native frames: (J=compiled Java code, j=interpreted, Vv=VM code, C=native code)
C  [jfxwebkit.dll+0xc380f0]

Java frames: (J=compiled Java code, j=interpreted, Vv=VM code)
j  com.sun.webkit.network.URLLoader.twkDidReceiveResponse(ILjava/lang/String;Ljava/lang/String;JLjava/lang/String;Ljava/lang/String;J)V+0
j  com.sun.webkit.network.URLLoader.notifyDidReceiveResponse(ILjava/lang/String;Ljava/lang/String;JLjava/lang/String;Ljava/lang/String;)V+91
j  com.sun.webkit.network.URLLoader.lambda$didReceiveResponse$3(ILjava/lang/String;Ljava/lang/String;JLjava/lang/String;Ljava/lang/String;)V+17
j  com.sun.webkit.network.URLLoader$$Lambda$239.run()V+28
J 3321 C1 com.sun.javafx.application.PlatformImpl$$Lambda$49.run()Ljava/lang/Object; (8 bytes) @ 0x0000000002e1244c [0x0000000002e12300+0x14c]
v  ~StubRoutines::call_stub
J 2660  java.security.AccessController.doPrivileged(Ljava/security/PrivilegedAction;Ljava/security/AccessControlContext;)Ljava/lang/Object; (0 bytes) @ 0x0000000002a7d666 [0x0000000002a7d600+0x66]
J 3318 C1 com.sun.javafx.application.PlatformImpl.lambda$runLater$6(Ljava/lang/Runnable;Ljava/security/AccessControlContext;)V (38 bytes) @ 0x0000000002e110cc [0x0000000002e10d60+0x36c]
J 3317 C1 com.sun.javafx.application.PlatformImpl$$Lambda$48.run()V (12 bytes) @ 0x0000000002e0904c [0x0000000002e08fc0+0x8c]
J 3426 C1 com.sun.glass.ui.InvokeLaterDispatcher$Future.run()V (91 bytes) @ 0x0000000002e67e54 [0x0000000002e67d40+0x114]
v  ~StubRoutines::call_stub
j  com.sun.glass.ui.win.WinApplication._runLoop(Ljava/lang/Runnable;)V+0
j  com.sun.glass.ui.win.WinApplication.lambda$null$3(ILjava/lang/Runnable;)V+8
j  com.sun.glass.ui.win.WinApplication$$Lambda$37.run()V+12
j  java.lang.Thread.run()V+11
v  ~StubRoutines::call_stub

---------------  P R O C E S S  ---------------

Java Threads: ( => current thread )
  0x00000000254bb800 JavaThread "URL-Loader-28" daemon [_thread_blocked, id=15120, stack(0x000000006b1a0000,0x000000006b2a0000)]
  0x00000000254be800 JavaThread "URL-Loader-27" daemon [_thread_blocked, id=14364, stack(0x000000006a7a0000,0x000000006a8a0000)]
  0x00000000254b6800 JavaThread "URL-Loader-26" daemon [_thread_blocked, id=14612, stack(0x00000000696a0000,0x00000000697a0000)]
  0x00000000254c2800 JavaThread "AWT-Windows" daemon [_thread_in_native, id=12596, stack(0x0000000069ca0000,0x0000000069da0000)]
  0x00000000254ba000 JavaThread "AWT-Shutdown" [_thread_blocked, id=1628, stack(0x00000000694a0000,0x00000000695a0000)]
  0x00000000254bf800 JavaThread "Java2D Disposer" daemon [_thread_blocked, id=7116, stack(0x00000000693a0000,0x00000000694a0000)]
  0x00000000254b5800 JavaThread "URL-Loader-25" daemon [_thread_blocked, id=14624, stack(0x0000000069fa0000,0x000000006a0a0000)]
  0x00000000254bb000 JavaThread "URL-Loader-24" daemon [_thread_blocked, id=3944, stack(0x00000000697a0000,0x00000000698a0000)]
  0x00000000254bd000 JavaThread "URL-Loader-23" daemon [_thread_blocked, id=8812, stack(0x0000000069ea0000,0x0000000069fa0000)]
  0x00000000254c1800 JavaThread "URL-Loader-22" daemon [_thread_blocked, id=14716, stack(0x0000000069aa0000,0x0000000069ba0000)]
  0x00000000254c1000 JavaThread "URL-Loader-21" daemon [_thread_blocked, id=14544, stack(0x00000000695a0000,0x00000000696a0000)]
  0x00000000254b7000 JavaThread "URL-Loader-18" daemon [_thread_blocked, id=7588, stack(0x000000006a6a0000,0x000000006a7a0000)]
  0x00000000254be000 JavaThread "URL-Loader-17" daemon [_thread_blocked, id=552, stack(0x000000006b0a0000,0x000000006b1a0000)]
  0x00000000254bc800 JavaThread "Thread-6" daemon [_thread_in_native, id=6120, stack(0x000000006a5a0000,0x000000006a6a0000)]
  0x00000000254b9800 JavaThread "Keep-Alive-Timer" daemon [_thread_blocked, id=2960, stack(0x000000006a1a0000,0x000000006a2a0000)]
  0x00000000254b8800 JavaThread "URL-Loader-16" daemon [_thread_blocked, id=14192, stack(0x000000006a0a0000,0x000000006a1a0000)]
  0x0000000025275800 JavaThread "URL-Loader-11" daemon [_thread_blocked, id=9044, stack(0x0000000069ba0000,0x0000000069ca0000)]
  0x000000002527a000 JavaThread "URL-Loader-9" daemon [_thread_blocked, id=14912, stack(0x00000000699a0000,0x0000000069aa0000)]
  0x000000002527b800 JavaThread "URL-Loader-8" daemon [_thread_blocked, id=752, stack(0x00000000698a0000,0x00000000699a0000)]
  0x0000000025276800 JavaThread "URL-Loader-2" daemon [_thread_blocked, id=8392, stack(0x00000000692a0000,0x00000000693a0000)]
  0x0000000022bed800 JavaThread "URL-Loader-1" daemon [_thread_blocked, id=11676, stack(0x0000000066cb0000,0x0000000066db0000)]
  0x00000000251ef800 JavaThread "Disposer" daemon [_thread_blocked, id=7920, stack(0x00000000669b0000,0x0000000066ab0000)]
  0x0000000022c64800 JavaThread "Prism Font Disposer" daemon [_thread_blocked, id=11384, stack(0x00000000250c0000,0x00000000251c0000)]
  0x000000001d82c000 JavaThread "Thread-3" daemon [_thread_in_native, id=14032, stack(0x0000000023180000,0x0000000023280000)]
  0x000000001d82b800 JavaThread "JavaFX-Launcher" [_thread_blocked, id=11036, stack(0x0000000023280000,0x0000000023380000)]
=>0x000000001d7be800 JavaThread "JavaFX Application Thread" [_thread_in_native, id=12964, stack(0x000000001dfa0000,0x000000001e0a0000)]
  0x000000001d7b1000 JavaThread "Thread-1" daemon [_thread_blocked, id=9016, stack(0x000000001dea0000,0x000000001dfa0000)]
  0x000000001d78e000 JavaThread "QuantumRenderer-0" daemon [_thread_blocked, id=10660, stack(0x000000001dc20000,0x000000001dd20000)]
  0x000000001bb2d800 JavaThread "Service Thread" daemon [_thread_blocked, id=9392, stack(0x000000001d840000,0x000000001d940000)]
  0x000000001bb1f800 JavaThread "C1 CompilerThread2" daemon [_thread_blocked, id=15096, stack(0x000000001d340000,0x000000001d440000)]
  0x000000001bae2000 JavaThread "C2 CompilerThread1" daemon [_thread_blocked, id=15160, stack(0x000000001d240000,0x000000001d340000)]
  0x000000001bad9000 JavaThread "C2 CompilerThread0" daemon [_thread_blocked, id=9256, stack(0x000000001d140000,0x000000001d240000)]
  0x000000001bad7800 JavaThread "Attach Listener" daemon [_thread_blocked, id=14448, stack(0x000000001d040000,0x000000001d140000)]
  0x000000001bad4800 JavaThread "Signal Dispatcher" daemon [_thread_blocked, id=15012, stack(0x000000001cf40000,0x000000001d040000)]
  0x00000000024eb000 JavaThread "Finalizer" daemon [_thread_blocked, id=14396, stack(0x000000001cd40000,0x000000001ce40000)]
  0x000000001baba000 JavaThread "Reference Handler" daemon [_thread_blocked, id=12788, stack(0x000000001cc40000,0x000000001cd40000)]
  0x00000000023f2800 JavaThread "main" [_thread_blocked, id=15036, stack(0x00000000022f0000,0x00000000023f0000)]

Other Threads:
  0x000000001ba98000 VMThread [stack: 0x000000001cb40000,0x000000001cc40000] [id=14916]
  0x000000001d483000 WatcherThread [stack: 0x000000001d940000,0x000000001da40000] [id=14676]

VM state:not at safepoint (normal execution)

VM Mutex/Monitor currently owned by a thread: None

heap address: 0x00000006c1a00000, size: 4070 MB, Compressed Oops mode: Zero based, Oop shift amount: 3
Narrow klass base: 0x0000000000000000, Narrow klass shift: 3
Compressed class space size: 1073741824 Address: 0x00000007c0000000

Heap:
 PSYoungGen      total 290816K, used 63204K [0x000000076b380000, 0x000000077f580000, 0x00000007c0000000)
  eden space 265216K, 15% used [0x000000076b380000,0x000000076dbf45f8,0x000000077b680000)
  from space 25600K, 85% used [0x000000077dc80000,0x000000077f1c4c00,0x000000077f580000)
  to   space 32256K, 0% used [0x000000077b680000,0x000000077b680000,0x000000077d600000)
 ParOldGen       total 126464K, used 28529K [0x00000006c1a00000, 0x00000006c9580000, 0x000000076b380000)
  object space 126464K, 22% used [0x00000006c1a00000,0x00000006c35dc508,0x00000006c9580000)
 Metaspace       used 27071K, capacity 28112K, committed 28288K, reserved 1073152K
  class space    used 3422K, capacity 3676K, committed 3712K, reserved 1048576K

Card table byte_map: [0x00000000118b0000,0x00000000120b0000] byte_map_base: 0x000000000e2a3000

Marking Bits: (ParMarkBitMap*) 0x000000006ccb5ce0
 Begin Bits: [0x0000000012a00000, 0x0000000016998000)
 End Bits:   [0x0000000016998000, 0x000000001a930000)

Polling page: 0x00000000009f0000

CodeCache: size=245760Kb used=13352Kb max_used=13352Kb free=232407Kb
 bounds [0x00000000024f0000, 0x0000000003210000, 0x00000000114f0000]
 total_blobs=5112 nmethods=4260 adapters=762
 compilation: enabled

Compilation events (10 events):
Event: 20.500 Thread 0x000000001bb1f800 4846       1       java.util.Calendar::getZone (5 bytes)
Event: 20.501 Thread 0x000000001bb1f800 nmethod 4846 0x00000000031fb190 code [0x00000000031fb2e0, 0x00000000031fb3f0]
Event: 20.501 Thread 0x000000001bb1f800 4849       1       java.util.TreeMap$Entry::getKey (5 bytes)
Event: 20.501 Thread 0x000000001bb1f800 nmethod 4849 0x00000000031faed0 code [0x00000000031fb020, 0x00000000031fb130]
Event: 20.501 Thread 0x000000001bb1f800 4850       1       java.util.TreeMap$Entry::getValue (5 bytes)
Event: 20.501 Thread 0x000000001bb1f800 nmethod 4850 0x00000000031fab50 code [0x00000000031faca0, 0x00000000031fadb0]
Event: 20.506 Thread 0x000000001bb1f800 4851       3       com.sun.javafx.sg.prism.NodeEffectInput::getImageDataForBoundedNode (137 bytes)
Event: 20.508 Thread 0x000000001bb1f800 nmethod 4851 0x0000000003203650 code [0x00000000032038e0, 0x0000000003204a28]
Event: 20.512 Thread 0x000000001bb1f800 4852       3       java.io.FileDescriptor::valid (25 bytes)
Event: 20.512 Thread 0x000000001bb1f800 nmethod 4852 0x0000000003203290 code [0x00000000032033e0, 0x00000000032035d0]

GC Heap History (10 events):
Event: 5.061 GC heap before
{Heap before GC invocations=5 (full 1):
 PSYoungGen      total 76288K, used 65820K [0x000000076b380000, 0x0000000773380000, 0x00000007c0000000)
  eden space 65536K, 99% used [0x000000076b380000,0x000000076f35aa78,0x000000076f380000)
  from space 10752K, 4% used [0x000000076f380000,0x000000076f3ec930,0x000000076fe00000)
  to   space 10752K, 0% used [0x0000000772900000,0x0000000772900000,0x0000000773380000)
 ParOldGen       total 126464K, used 8725K [0x00000006c1a00000, 0x00000006c9580000, 0x000000076b380000)
  object space 126464K, 6% used [0x00000006c1a00000,0x00000006c2285408,0x00000006c9580000)
 Metaspace       used 20680K, capacity 21454K, committed 21632K, reserved 1069056K
  class space    used 2722K, capacity 2917K, committed 2944K, reserved 1048576K
Event: 5.063 GC heap after
Heap after GC invocations=5 (full 1):
 PSYoungGen      total 120320K, used 662K [0x000000076b380000, 0x0000000773800000, 0x00000007c0000000)
  eden space 109568K, 0% used [0x000000076b380000,0x000000076b380000,0x0000000771e80000)
  from space 10752K, 6% used [0x0000000772900000,0x00000007729a5a78,0x0000000773380000)
  to   space 10752K, 0% used [0x0000000771e80000,0x0000000771e80000,0x0000000772900000)
 ParOldGen       total 126464K, used 8725K [0x00000006c1a00000, 0x00000006c9580000, 0x000000076b380000)
  object space 126464K, 6% used [0x00000006c1a00000,0x00000006c2285408,0x00000006c9580000)
 Metaspace       used 20680K, capacity 21454K, committed 21632K, reserved 1069056K
  class space    used 2722K, capacity 2917K, committed 2944K, reserved 1048576K
}
Event: 6.046 GC heap before
{Heap before GC invocations=6 (full 1):
 PSYoungGen      total 120320K, used 110230K [0x000000076b380000, 0x0000000773800000, 0x00000007c0000000)
  eden space 109568K, 100% used [0x000000076b380000,0x0000000771e80000,0x0000000771e80000)
  from space 10752K, 6% used [0x0000000772900000,0x00000007729a5a78,0x0000000773380000)
  to   space 10752K, 0% used [0x0000000771e80000,0x0000000771e80000,0x0000000772900000)
 ParOldGen       total 126464K, used 8725K [0x00000006c1a00000, 0x00000006c9580000, 0x000000076b380000)
  object space 126464K, 6% used [0x00000006c1a00000,0x00000006c2285408,0x00000006c9580000)
 Metaspace       used 22962K, capacity 23856K, committed 24064K, reserved 1071104K
  class space    used 3051K, capacity 3286K, committed 3328K, reserved 1048576K
Event: 6.056 GC heap after
Heap after GC invocations=6 (full 1):
 PSYoungGen      total 120320K, used 4894K [0x000000076b380000, 0x0000000777c80000, 0x00000007c0000000)
  eden space 109568K, 0% used [0x000000076b380000,0x000000076b380000,0x0000000771e80000)
  from space 10752K, 45% used [0x0000000771e80000,0x00000007723479f8,0x0000000772900000)
  to   space 9728K, 0% used [0x0000000777300000,0x0000000777300000,0x0000000777c80000)
 ParOldGen       total 126464K, used 8733K [0x00000006c1a00000, 0x00000006c9580000, 0x000000076b380000)
  object space 126464K, 6% used [0x00000006c1a00000,0x00000006c2287408,0x00000006c9580000)
 Metaspace       used 22962K, capacity 23856K, committed 24064K, reserved 1071104K
  class space    used 3051K, capacity 3286K, committed 3328K, reserved 1048576K
}
Event: 8.426 GC heap before
{Heap before GC invocations=7 (full 1):
 PSYoungGen      total 120320K, used 112147K [0x000000076b380000, 0x0000000777c80000, 0x00000007c0000000)
  eden space 109568K, 97% used [0x000000076b380000,0x0000000771c3d488,0x0000000771e80000)
  from space 10752K, 45% used [0x0000000771e80000,0x00000007723479f8,0x0000000772900000)
  to   space 9728K, 0% used [0x0000000777300000,0x0000000777300000,0x0000000777c80000)
 ParOldGen       total 126464K, used 8733K [0x00000006c1a00000, 0x00000006c9580000, 0x000000076b380000)
  object space 126464K, 6% used [0x00000006c1a00000,0x00000006c2287408,0x00000006c9580000)
 Metaspace       used 23816K, capacity 24762K, committed 24832K, reserved 1071104K
  class space    used 3075K, capacity 3299K, committed 3328K, reserved 1048576K
Event: 8.440 GC heap after
Heap after GC invocations=7 (full 1):
 PSYoungGen      total 182272K, used 9717K [0x000000076b380000, 0x0000000779280000, 0x00000007c0000000)
  eden space 172544K, 0% used [0x000000076b380000,0x000000076b380000,0x0000000775c00000)
  from space 9728K, 99% used [0x0000000777300000,0x0000000777c7d738,0x0000000777c80000)
  to   space 23552K, 0% used [0x0000000775c00000,0x0000000775c00000,0x0000000777300000)
 ParOldGen       total 126464K, used 28406K [0x00000006c1a00000, 0x00000006c9580000, 0x000000076b380000)
  object space 126464K, 22% used [0x00000006c1a00000,0x00000006c35bdad0,0x00000006c9580000)
 Metaspace       used 23816K, capacity 24762K, committed 24832K, reserved 1071104K
  class space    used 3075K, capacity 3299K, committed 3328K, reserved 1048576K
}
Event: 14.555 GC heap before
{Heap before GC invocations=8 (full 1):
 PSYoungGen      total 182272K, used 182261K [0x000000076b380000, 0x0000000779280000, 0x00000007c0000000)
  eden space 172544K, 100% used [0x000000076b380000,0x0000000775c00000,0x0000000775c00000)
  from space 9728K, 99% used [0x0000000777300000,0x0000000777c7d738,0x0000000777c80000)
  to   space 23552K, 0% used [0x0000000775c00000,0x0000000775c00000,0x0000000777300000)
 ParOldGen       total 126464K, used 28406K [0x00000006c1a00000, 0x00000006c9580000, 0x000000076b380000)
  object space 126464K, 22% used [0x00000006c1a00000,0x00000006c35bdad0,0x00000006c9580000)
 Metaspace       used 25736K, capacity 26734K, committed 26880K, reserved 1073152K
  class space    used 3308K, capacity 3541K, committed 3584K, reserved 1048576K
Event: 14.568 GC heap after
Heap after GC invocations=8 (full 1):
 PSYoungGen      total 196096K, used 22934K [0x000000076b380000, 0x000000077f900000, 0x00000007c0000000)
  eden space 172544K, 0% used [0x000000076b380000,0x000000076b380000,0x0000000775c00000)
  from space 23552K, 97% used [0x0000000775c00000,0x0000000777265990,0x0000000777300000)
  to   space 29184K, 0% used [0x000000077dc80000,0x000000077dc80000,0x000000077f900000)
 ParOldGen       total 126464K, used 28521K [0x00000006c1a00000, 0x00000006c9580000, 0x000000076b380000)
  object space 126464K, 22% used [0x00000006c1a00000,0x00000006c35da508,0x00000006c9580000)
 Metaspace       used 25736K, capacity 26734K, committed 26880K, reserved 1073152K
  class space    used 3308K, capacity 3541K, committed 3584K, reserved 1048576K
}
Event: 18.265 GC heap before
{Heap before GC invocations=9 (full 1):
 PSYoungGen      total 196096K, used 193860K [0x000000076b380000, 0x000000077f900000, 0x00000007c0000000)
  eden space 172544K, 99% used [0x000000076b380000,0x0000000775a6b708,0x0000000775c00000)
  from space 23552K, 97% used [0x0000000775c00000,0x0000000777265990,0x0000000777300000)
  to   space 29184K, 0% used [0x000000077dc80000,0x000000077dc80000,0x000000077f900000)
 ParOldGen       total 126464K, used 28521K [0x00000006c1a00000, 0x00000006c9580000, 0x000000076b380000)
  object space 126464K, 22% used [0x00000006c1a00000,0x00000006c35da508,0x00000006c9580000)
 Metaspace       used 25928K, capacity 26998K, committed 27136K, reserved 1073152K
  class space    used 3308K, capacity 3541K, committed 3584K, reserved 1048576K
Event: 18.275 GC heap after
Heap after GC invocations=9 (full 1):
 PSYoungGen      total 290816K, used 21779K [0x000000076b380000, 0x000000077f580000, 0x00000007c0000000)
  eden space 265216K, 0% used [0x000000076b380000,0x000000076b380000,0x000000077b680000)
  from space 25600K, 85% used [0x000000077dc80000,0x000000077f1c4c00,0x000000077f580000)
  to   space 32256K, 0% used [0x000000077b680000,0x000000077b680000,0x000000077d600000)
 ParOldGen       total 126464K, used 28529K [0x00000006c1a00000, 0x00000006c9580000, 0x000000076b380000)
  object space 126464K, 22% used [0x00000006c1a00000,0x00000006c35dc508,0x00000006c9580000)
 Metaspace       used 25928K, capacity 26998K, committed 27136K, reserved 1073152K
  class space    used 3308K, capacity 3541K, committed 3584K, reserved 1048576K
}

Deoptimization events (10 events):
Event: 14.227 Thread 0x000000001d7be800 Uncommon trap: reason=bimorphic action=maybe_recompile pc=0x0000000002c57f18 method=java.util.concurrent.ConcurrentHashMap.putVal(Ljava/lang/Object;Ljava/lang/Object;Z)Ljava/lang/Object; @ 192
Event: 14.228 Thread 0x000000001d7be800 Uncommon trap: reason=bimorphic action=maybe_recompile pc=0x0000000002c57f18 method=java.util.concurrent.ConcurrentHashMap.putVal(Ljava/lang/Object;Ljava/lang/Object;Z)Ljava/lang/Object; @ 192
Event: 14.572 Thread 0x000000001d78e000 Uncommon trap: reason=unstable_if action=reinterpret pc=0x0000000002ef3c70 method=com.sun.prism.impl.ManagedResource._isgone(Lcom/sun/prism/impl/ManagedResource;)Z @ 1
Event: 15.399 Thread 0x000000001d78e000 Uncommon trap: reason=unstable_if action=reinterpret pc=0x0000000003072838 method=com.sun.scenario.effect.impl.ImagePool.checkOut(Lcom/sun/scenario/effect/impl/Renderer;II)Lcom/sun/scenario/effect/impl/PoolFilterable; @ 201
Event: 17.529 Thread 0x000000001d7be800 Uncommon trap: reason=unstable_if action=reinterpret pc=0x000000000270a258 method=java.lang.AbstractStringBuilder.append(Ljava/lang/String;)Ljava/lang/AbstractStringBuilder; @ 1
Event: 18.360 Thread 0x000000001d7be800 Uncommon trap: reason=array_check action=maybe_recompile pc=0x0000000002c57618 method=com.sun.javafx.css.SimpleSelector.applies(Ljavafx/css/Styleable;[Ljava/util/Set;I)Z @ 37
Event: 18.360 Thread 0x000000001d7be800 Uncommon trap: reason=array_check action=maybe_recompile pc=0x0000000002c57618 method=com.sun.javafx.css.SimpleSelector.applies(Ljavafx/css/Styleable;[Ljava/util/Set;I)Z @ 37
Event: 18.360 Thread 0x000000001d7be800 Uncommon trap: reason=array_check action=maybe_recompile pc=0x0000000002c57618 method=com.sun.javafx.css.SimpleSelector.applies(Ljavafx/css/Styleable;[Ljava/util/Set;I)Z @ 37
Event: 18.360 Thread 0x000000001d7be800 Uncommon trap: reason=array_check action=maybe_recompile pc=0x0000000002c57618 method=com.sun.javafx.css.SimpleSelector.applies(Ljavafx/css/Styleable;[Ljava/util/Set;I)Z @ 37
Event: 20.293 Thread 0x00000000254b6800 Uncommon trap: reason=unstable_if action=reinterpret pc=0x0000000002d62b44 method=sun.net.www.ParseUtil.match(CJJ)Z @ 13

Classes redefined (0 events):
No events

Internal exceptions (10 events):
Event: 7.349 Thread 0x000000001d7be800 Exception <a 'java/io/FileNotFoundException'> (0x000000076bc1bae8) thrown at [C:\re\workspace\8-2-build-windows-amd64-cygwin\jdk8u221\13320\hotspot\src\share\vm\prims\jni.cpp, line 710]
Event: 7.349 Thread 0x000000001d7be800 Exception <a 'java/io/FileNotFoundException'> (0x000000076bc1ca20) thrown at [C:\re\workspace\8-2-build-windows-amd64-cygwin\jdk8u221\13320\hotspot\src\share\vm\prims\jni.cpp, line 710]
Event: 7.350 Thread 0x000000001d7be800 Exception <a 'java/io/FileNotFoundException'> (0x000000076bc222d8) thrown at [C:\re\workspace\8-2-build-windows-amd64-cygwin\jdk8u221\13320\hotspot\src\share\vm\prims\jni.cpp, line 710]
Event: 7.350 Thread 0x000000001d7be800 Exception <a 'java/io/FileNotFoundException'> (0x000000076bc23180) thrown at [C:\re\workspace\8-2-build-windows-amd64-cygwin\jdk8u221\13320\hotspot\src\share\vm\prims\jni.cpp, line 710]
Event: 9.918 Thread 0x000000001d7be800 Implicit null exception at 0x0000000002ed6228 to 0x0000000002ed8715
Event: 9.919 Thread 0x000000001d7be800 Implicit null exception at 0x0000000002ef210b to 0x0000000002ef2161
Event: 11.764 Thread 0x000000001d7be800 Implicit null exception at 0x0000000002d76e16 to 0x0000000002d77051
Event: 14.572 Thread 0x000000001d78e000 Implicit null exception at 0x0000000002ef3bec to 0x0000000002ef3c61
Event: 17.529 Thread 0x000000001d7be800 Implicit null exception at 0x0000000002709e96 to 0x000000000270a241
Event: 19.962 Thread 0x000000001d7be800 Exception <a 'java/io/FileNotFoundException'> (0x000000076b958f30) thrown at [C:\re\workspace\8-2-build-windows-amd64-cygwin\jdk8u221\13320\hotspot\src\share\vm\prims\jni.cpp, line 710]

Events (10 events):
Event: 20.279 Thread 0x00000000254b6800 Thread added: 0x00000000254b6800
Event: 20.289 Thread 0x00000000254be800 Thread added: 0x00000000254be800
Event: 20.293 Thread 0x00000000254b6800 Uncommon trap: trap_request=0xffffff65 fr.pc=0x0000000002d62b44
Event: 20.293 Thread 0x00000000254b6800 DEOPT PACKING pc=0x0000000002d62b44 sp=0x000000006979d740
Event: 20.293 Thread 0x00000000254b6800 DEOPT UNPACKING pc=0x000000000253583b sp=0x000000006979d6c0 mode 2
Event: 20.343 Thread 0x00000000254bb800 Thread added: 0x00000000254bb800
Event: 20.393 Thread 0x00000000254c3000 Thread added: 0x00000000254c3000
Event: 20.393 Executing VM operation: RevokeBias
Event: 20.394 Executing VM operation: RevokeBias done
Event: 20.394 Thread 0x00000000254c3000 Thread exited: 0x00000000254c3000


Dynamic libraries:
0x00007ff717cd0000 - 0x00007ff717d07000 	C:\Program Files\Java\jdk1.8.0_221\bin\javaw.exe
0x00007ffb99820000 - 0x00007ffb99a10000 	C:\WINDOWS\SYSTEM32\ntdll.dll
0x00007ffb980e0000 - 0x00007ffb98192000 	C:\WINDOWS\System32\KERNEL32.DLL
0x00007ffb97370000 - 0x00007ffb97613000 	C:\WINDOWS\System32\KERNELBASE.dll
0x00007ffb986c0000 - 0x00007ffb98763000 	C:\WINDOWS\System32\ADVAPI32.dll
0x00007ffb98d60000 - 0x00007ffb98dfe000 	C:\WINDOWS\System32\msvcrt.dll
0x00007ffb99740000 - 0x00007ffb997d7000 	C:\WINDOWS\System32\sechost.dll
0x00007ffb99500000 - 0x00007ffb99620000 	C:\WINDOWS\System32\RPCRT4.dll
0x00007ffb98b10000 - 0x00007ffb98ca4000 	C:\WINDOWS\System32\USER32.dll
0x00007ffb978a0000 - 0x00007ffb978c1000 	C:\WINDOWS\System32\win32u.dll
0x00007ffb981a0000 - 0x00007ffb981c6000 	C:\WINDOWS\System32\GDI32.dll
0x00007ffb970b0000 - 0x00007ffb97244000 	C:\WINDOWS\System32\gdi32full.dll
0x00007ffb97270000 - 0x00007ffb9730e000 	C:\WINDOWS\System32\msvcp_win.dll
0x00007ffb96f30000 - 0x00007ffb9702a000 	C:\WINDOWS\System32\ucrtbase.dll
0x00007ffb862c0000 - 0x00007ffb86545000 	C:\WINDOWS\WinSxS\amd64_microsoft.windows.common-controls_6595b64144ccf1df_6.0.18362.476_none_e6c4b11b130f2595\COMCTL32.dll
0x00007ffb97cd0000 - 0x00007ffb98006000 	C:\WINDOWS\System32\combase.dll
0x00007ffb97030000 - 0x00007ffb970b0000 	C:\WINDOWS\System32\bcryptPrimitives.dll
0x00007ffb98930000 - 0x00007ffb9895e000 	C:\WINDOWS\System32\IMM32.DLL
0x00000000685c0000 - 0x0000000068692000 	C:\Program Files\Java\jdk1.8.0_221\jre\bin\msvcr100.dll
0x000000006c490000 - 0x000000006cd35000 	C:\Program Files\Java\jdk1.8.0_221\jre\bin\server\jvm.dll
0x00007ffb97950000 - 0x00007ffb97958000 	C:\WINDOWS\System32\PSAPI.DLL
0x00007ffb94750000 - 0x00007ffb94774000 	C:\WINDOWS\SYSTEM32\WINMM.dll
0x00007ffb82950000 - 0x00007ffb82959000 	C:\WINDOWS\SYSTEM32\WSOCK32.dll
0x00007ffb98010000 - 0x00007ffb9807f000 	C:\WINDOWS\System32\WS2_32.dll
0x00007ffb86950000 - 0x00007ffb8695a000 	C:\WINDOWS\SYSTEM32\VERSION.dll
0x00007ffb94720000 - 0x00007ffb9474d000 	C:\WINDOWS\SYSTEM32\winmmbase.dll
0x00007ffb97620000 - 0x00007ffb9766a000 	C:\WINDOWS\System32\cfgmgr32.dll
0x00007ffb8f2c0000 - 0x00007ffb8f2cf000 	C:\Program Files\Java\jdk1.8.0_221\jre\bin\verify.dll
0x00007ffb89c70000 - 0x00007ffb89c99000 	C:\Program Files\Java\jdk1.8.0_221\jre\bin\java.dll
0x00007ffb8bf70000 - 0x00007ffb8bf86000 	C:\Program Files\Java\jdk1.8.0_221\jre\bin\zip.dll
0x00007ffb98e00000 - 0x00007ffb994e5000 	C:\WINDOWS\System32\SHELL32.dll
0x00007ffb98cb0000 - 0x00007ffb98d59000 	C:\WINDOWS\System32\shcore.dll
0x00007ffb967b0000 - 0x00007ffb96f2e000 	C:\WINDOWS\System32\windows.storage.dll
0x00007ffb96770000 - 0x00007ffb9678f000 	C:\WINDOWS\System32\profapi.dll
0x00007ffb96720000 - 0x00007ffb9676a000 	C:\WINDOWS\System32\powrprof.dll
0x00007ffb966f0000 - 0x00007ffb96700000 	C:\WINDOWS\System32\UMPDC.dll
0x00007ffb99620000 - 0x00007ffb99672000 	C:\WINDOWS\System32\shlwapi.dll
0x00007ffb96700000 - 0x00007ffb96711000 	C:\WINDOWS\System32\kernel.appcore.dll
0x00007ffb97250000 - 0x00007ffb97267000 	C:\WINDOWS\System32\cryptsp.dll
0x0000000002240000 - 0x0000000002243000 	C:\Program Files\Java\jdk1.8.0_221\jre\bin\api-ms-win-core-console-l1-1-0.dll
0x0000000002250000 - 0x0000000002253000 	C:\Program Files\Java\jdk1.8.0_221\jre\bin\api-ms-win-core-datetime-l1-1-0.dll
0x0000000002260000 - 0x0000000002263000 	C:\Program Files\Java\jdk1.8.0_221\jre\bin\api-ms-win-core-debug-l1-1-0.dll
0x0000000002270000 - 0x0000000002273000 	C:\Program Files\Java\jdk1.8.0_221\jre\bin\api-ms-win-core-errorhandling-l1-1-0.dll
0x0000000002280000 - 0x0000000002284000 	C:\Program Files\Java\jdk1.8.0_221\jre\bin\api-ms-win-core-file-l1-1-0.dll
0x0000000002290000 - 0x0000000002293000 	C:\Program Files\Java\jdk1.8.0_221\jre\bin\api-ms-win-core-file-l1-2-0.dll
0x00000000022a0000 - 0x00000000022a3000 	C:\Program Files\Java\jdk1.8.0_221\jre\bin\api-ms-win-core-file-l2-1-0.dll
0x00000000022b0000 - 0x00000000022b3000 	C:\Program Files\Java\jdk1.8.0_221\jre\bin\api-ms-win-core-handle-l1-1-0.dll
0x00000000022c0000 - 0x00000000022c3000 	C:\Program Files\Java\jdk1.8.0_221\jre\bin\api-ms-win-core-heap-l1-1-0.dll
0x00000000022d0000 - 0x00000000022d3000 	C:\Program Files\Java\jdk1.8.0_221\jre\bin\api-ms-win-core-interlocked-l1-1-0.dll
0x000000001da40000 - 0x000000001da43000 	C:\Program Files\Java\jdk1.8.0_221\jre\bin\api-ms-win-core-libraryloader-l1-1-0.dll
0x000000001da50000 - 0x000000001da53000 	C:\Program Files\Java\jdk1.8.0_221\jre\bin\api-ms-win-core-localization-l1-2-0.dll
0x000000001da60000 - 0x000000001da63000 	C:\Program Files\Java\jdk1.8.0_221\jre\bin\api-ms-win-core-memory-l1-1-0.dll
0x000000001da70000 - 0x000000001da73000 	C:\Program Files\Java\jdk1.8.0_221\jre\bin\api-ms-win-core-namedpipe-l1-1-0.dll
0x000000001da80000 - 0x000000001da83000 	C:\Program Files\Java\jdk1.8.0_221\jre\bin\api-ms-win-core-processenvironment-l1-1-0.dll
0x000000001da90000 - 0x000000001da93000 	C:\Program Files\Java\jdk1.8.0_221\jre\bin\api-ms-win-core-processthreads-l1-1-0.dll
0x000000001daa0000 - 0x000000001daa3000 	C:\Program Files\Java\jdk1.8.0_221\jre\bin\api-ms-win-core-processthreads-l1-1-1.dll
0x000000001dab0000 - 0x000000001dab3000 	C:\Program Files\Java\jdk1.8.0_221\jre\bin\api-ms-win-core-profile-l1-1-0.dll
0x000000001dac0000 - 0x000000001dac3000 	C:\Program Files\Java\jdk1.8.0_221\jre\bin\api-ms-win-core-rtlsupport-l1-1-0.dll
0x000000001dad0000 - 0x000000001dad3000 	C:\Program Files\Java\jdk1.8.0_221\jre\bin\api-ms-win-core-string-l1-1-0.dll
0x000000001dae0000 - 0x000000001dae3000 	C:\Program Files\Java\jdk1.8.0_221\jre\bin\api-ms-win-core-synch-l1-1-0.dll
0x000000001daf0000 - 0x000000001daf3000 	C:\Program Files\Java\jdk1.8.0_221\jre\bin\api-ms-win-core-synch-l1-2-0.dll
0x000000001db00000 - 0x000000001db03000 	C:\Program Files\Java\jdk1.8.0_221\jre\bin\api-ms-win-core-sysinfo-l1-1-0.dll
0x000000001db10000 - 0x000000001db13000 	C:\Program Files\Java\jdk1.8.0_221\jre\bin\api-ms-win-core-timezone-l1-1-0.dll
0x000000001db20000 - 0x000000001db23000 	C:\Program Files\Java\jdk1.8.0_221\jre\bin\api-ms-win-core-util-l1-1-0.dll
0x000000001db30000 - 0x000000001db33000 	C:\Program Files\Java\jdk1.8.0_221\jre\bin\api-ms-win-crt-conio-l1-1-0.dll
0x000000001db40000 - 0x000000001db44000 	C:\Program Files\Java\jdk1.8.0_221\jre\bin\api-ms-win-crt-convert-l1-1-0.dll
0x000000001db50000 - 0x000000001db53000 	C:\Program Files\Java\jdk1.8.0_221\jre\bin\api-ms-win-crt-environment-l1-1-0.dll
0x000000001db60000 - 0x000000001db63000 	C:\Program Files\Java\jdk1.8.0_221\jre\bin\api-ms-win-crt-filesystem-l1-1-0.dll
0x000000001db70000 - 0x000000001db73000 	C:\Program Files\Java\jdk1.8.0_221\jre\bin\api-ms-win-crt-heap-l1-1-0.dll
0x000000001db80000 - 0x000000001db83000 	C:\Program Files\Java\jdk1.8.0_221\jre\bin\api-ms-win-crt-locale-l1-1-0.dll
0x000000001db90000 - 0x000000001db95000 	C:\Program Files\Java\jdk1.8.0_221\jre\bin\api-ms-win-crt-math-l1-1-0.dll
0x000000001dba0000 - 0x000000001dba5000 	C:\Program Files\Java\jdk1.8.0_221\jre\bin\api-ms-win-crt-multibyte-l1-1-0.dll
0x000000001dbb0000 - 0x000000001dbc0000 	C:\Program Files\Java\jdk1.8.0_221\jre\bin\api-ms-win-crt-private-l1-1-0.dll
0x000000001dbc0000 - 0x000000001dbc3000 	C:\Program Files\Java\jdk1.8.0_221\jre\bin\api-ms-win-crt-process-l1-1-0.dll
0x000000001dbd0000 - 0x000000001dbd4000 	C:\Program Files\Java\jdk1.8.0_221\jre\bin\api-ms-win-crt-runtime-l1-1-0.dll
0x000000001dbe0000 - 0x000000001dbe4000 	C:\Program Files\Java\jdk1.8.0_221\jre\bin\api-ms-win-crt-stdio-l1-1-0.dll
0x000000001dbf0000 - 0x000000001dbf4000 	C:\Program Files\Java\jdk1.8.0_221\jre\bin\api-ms-win-crt-string-l1-1-0.dll
0x000000001dc00000 - 0x000000001dc03000 	C:\Program Files\Java\jdk1.8.0_221\jre\bin\api-ms-win-crt-time-l1-1-0.dll
0x000000001dc10000 - 0x000000001dc13000 	C:\Program Files\Java\jdk1.8.0_221\jre\bin\api-ms-win-crt-utility-l1-1-0.dll
0x00007ffb44f20000 - 0x00007ffb45016000 	C:\Program Files\Java\jdk1.8.0_221\jre\bin\ucrtbase.dll
0x00007ffb8bfb0000 - 0x00007ffb8bfc6000 	C:\Program Files\Java\jdk1.8.0_221\jre\bin\vcruntime140.dll
0x00007ffb53ad0000 - 0x00007ffb53b7a000 	C:\Program Files\Java\jdk1.8.0_221\jre\bin\msvcp140.dll
0x00007ffb6d870000 - 0x00007ffb6d8c4000 	C:\Program Files\Java\jdk1.8.0_221\jre\bin\concrt140.dll
0x00007ffb86f40000 - 0x00007ffb86f63000 	C:\Program Files\Java\jdk1.8.0_221\jre\bin\prism_d3d.dll
0x00007ffb52a70000 - 0x00007ffb52c37000 	C:\WINDOWS\system32\d3d9.dll
0x00007ffb94a70000 - 0x00007ffb94a9d000 	C:\WINDOWS\SYSTEM32\dwmapi.dll
0x00007ffb95390000 - 0x00007ffb953b0000 	C:\WINDOWS\SYSTEM32\dxcore.dll
0x00007ffb94980000 - 0x00007ffb94a19000 	C:\WINDOWS\system32\uxtheme.dll
0x00007ffb42980000 - 0x00007ffb44ebd000 	C:\WINDOWS\SYSTEM32\igdumdim64.dll
0x00007ffb97a30000 - 0x00007ffb97af4000 	C:\WINDOWS\System32\OLEAUT32.dll
0x00007ffb987d0000 - 0x00007ffb98926000 	C:\WINDOWS\System32\ole32.dll
0x00007ffb98250000 - 0x00007ffb986c0000 	C:\WINDOWS\System32\SETUPAPI.dll
0x00007ffb97670000 - 0x00007ffb97696000 	C:\WINDOWS\System32\bcrypt.dll
0x00007ffb6d780000 - 0x00007ffb6d7c9000 	C:\Program Files\Java\jdk1.8.0_221\jre\bin\glass.dll
0x00007ffb97960000 - 0x00007ffb97a30000 	C:\WINDOWS\System32\COMDLG32.dll
0x00007ffb97b90000 - 0x00007ffb97cc6000 	C:\WINDOWS\System32\MSCTF.dll
0x00007ffb8cce0000 - 0x00007ffb8d71f000 	C:\WINDOWS\SYSTEM32\igdusc64.dll
0x00007ffb89ca0000 - 0x00007ffb89cb4000 	C:\Program Files\Java\jdk1.8.0_221\jre\bin\javafx_font.dll
0x00007ffb8d8e0000 - 0x00007ffb8dbde000 	C:\WINDOWS\SYSTEM32\dwrite.dll
0x00007ffb95ad0000 - 0x00007ffb95b03000 	C:\WINDOWS\system32\rsaenh.dll
0x00007ffb96610000 - 0x00007ffb96635000 	C:\WINDOWS\SYSTEM32\USERENV.dll
0x00007ffb96130000 - 0x00007ffb9613c000 	C:\WINDOWS\SYSTEM32\CRYPTBASE.dll
0x00007ffb8bd30000 - 0x00007ffb8bd4a000 	C:\Program Files\Java\jdk1.8.0_221\jre\bin\net.dll
0x00007ffb8fda0000 - 0x00007ffb8ff76000 	C:\WINDOWS\SYSTEM32\urlmon.dll
0x00007ffb902a0000 - 0x00007ffb90546000 	C:\WINDOWS\SYSTEM32\iertutil.dll
0x00007ffb95f60000 - 0x00007ffb95fc7000 	C:\WINDOWS\system32\mswsock.dll
0x00007ffb95c70000 - 0x00007ffb95caa000 	C:\WINDOWS\SYSTEM32\IPHLPAPI.DLL
0x00007ffb99730000 - 0x00007ffb99738000 	C:\WINDOWS\System32\NSI.dll
0x00007ffb8f170000 - 0x00007ffb8f186000 	C:\WINDOWS\SYSTEM32\dhcpcsvc6.DLL
0x00007ffb8dc80000 - 0x00007ffb8dc9c000 	C:\WINDOWS\SYSTEM32\dhcpcsvc.DLL
0x00007ffb95cb0000 - 0x00007ffb95d7a000 	C:\WINDOWS\SYSTEM32\DNSAPI.dll
0x00007ffb8aac0000 - 0x00007ffb8aad2000 	C:\Program Files\Java\jdk1.8.0_221\jre\bin\nio.dll
0x00007ffb1cb20000 - 0x00007ffb20b7b000 	C:\Program Files\Java\jdk1.8.0_221\jre\bin\jfxwebkit.dll
0x00007ffb86f70000 - 0x00007ffb86f94000 	C:\Program Files\Java\jdk1.8.0_221\jre\bin\sunec.dll
0x00007ffb99680000 - 0x00007ffb99722000 	C:\WINDOWS\System32\clbcatq.dll
0x00007ffb8e050000 - 0x00007ffb8e1ff000 	C:\WINDOWS\SYSTEM32\WindowsCodecs.dll
0x00007ffb6f8d0000 - 0x00007ffb6f90a000 	C:\WINDOWS\system32\dataexchange.dll
0x00007ffb93690000 - 0x00007ffb9386b000 	C:\WINDOWS\system32\dcomp.dll
0x00007ffb93390000 - 0x00007ffb935eb000 	C:\WINDOWS\system32\d3d11.dll
0x00007ffb954b0000 - 0x00007ffb9559b000 	C:\WINDOWS\system32\dxgi.dll
0x00007ffb94aa0000 - 0x00007ffb94cfa000 	C:\WINDOWS\system32\twinapi.appcore.dll
0x00007ffb94f80000 - 0x00007ffb94fa9000 	C:\WINDOWS\system32\RMCLIENT.dll
0x00007ffb83060000 - 0x00007ffb83093000 	C:\Program Files\Common Files\Microsoft Shared\Ink\rtscom.dll
0x00007ffb935f0000 - 0x00007ffb9368e000 	C:\WINDOWS\System32\TextInputFramework.dll
0x00007ffb92e50000 - 0x00007ffb9317a000 	C:\WINDOWS\System32\CoreUIComponents.dll
0x00007ffb939d0000 - 0x00007ffb93aa4000 	C:\WINDOWS\System32\CoreMessaging.dll
0x00007ffb95690000 - 0x00007ffb956c1000 	C:\WINDOWS\SYSTEM32\ntmarta.dll
0x00007ffb92730000 - 0x00007ffb92883000 	C:\WINDOWS\SYSTEM32\wintypes.dll

VM Arguments:
jvm_args: -Dfile.encoding=UTF-8 
java_command: pl.B4GU5.TW.Main
java_class_path (initial): C:\Users\mbn\eclipse-workspace\TW2\target\classes;C:\Users\mbn\.m2\repository\org\json\json\20190722\json-20190722.jar;C:\Users\mbn\.m2\repository\org\jfxtras\jmetro\8.6-RC-06\jmetro-8.6-RC-06.jar;C:\Users\mbn\.m2\repository\org\controlsfx\controlsfx\8.40.14\controlsfx-8.40.14.jar;C:\Users\mbn\.m2\repository\de\jensd\fontawesomefx\8.9\fontawesomefx-8.9.jar;C:\Users\mbn\.m2\repository\com\jfoenix\jfoenix\8.0.9\jfoenix-8.0.9.jar;C:\Users\mbn\.m2\repository\de\schlegel11\jfxanimation\2.0.0\jfxanimation-2.0.0.jar;C:\Users\mbn\.m2\repository\uk\co\rx14\jmclaunchlib\jMCLaunchLib\0.3.1\jMCLaunchLib-0.3.1.jar;C:\Users\mbn\.m2\repository\org\codehaus\groovy\groovy-all\2.3.11\groovy-all-2.3.11-indy.jar;C:\Users\mbn\.m2\repository\com\mashape\unirest\unirest-java\1.4.5\unirest-java-1.4.5.jar;C:\Users\mbn\.m2\repository\org\apache\httpcomponents\httpclient\4.3.6\httpclient-4.3.6.jar;C:\Users\mbn\.m2\repository\org\apache\httpcomponents\httpcore\4.3.3\httpcore-4.3.3.jar;C:\Users\mbn\.m2\repository\org\apache\httpcomponents\httpasyncclient\4.0.2\httpasyncclient-4.0.2.jar;C:\Users\mbn\.m2\repository\org\apache\httpcomponents\httpcore-nio\4.3.2\httpcore-nio-4.3.2.jar;C:\Users\mbn\.m2\repository\org\apache\httpcomponents\httpmime\4.3.6\httpmime-4.3.6.jar;C:\Users\mbn\.m2\repository\commons-codec\commons-codec\1.10\commons-codec-1.10.jar;C:\Users\mbn\.m2\repository\org\tukaani\xz\1.5\xz-1.5.jar;C:\Users\mbn\.m2\repository\commons-io\commons-io\2.4\commons-io-2.4.jar;C:\Users\mbn\.m2\repository\commons-logging\commons-logging\1.2\commons-logging-1.2.jar;C:\Users\mbn\.m2\repository\org\codefx\libfx\LibFX\0.3.0\LibFX-0.3.0.jar;C:\Users\mbn\.m2\repository\org\apache\commons\commons-lang3\3.0\commons-lang3-3.0.jar
Launcher Type: SUN_STANDARD

Environment Variables:
PATH=C:/Program Files/Java/jdk1.8.0_221/bin/../jre/bin/server;C:/Program Files/Java/jdk1.8.0_221/bin/../jre/bin;C:/Program Files/Java/jdk1.8.0_221/bin/../jre/lib/amd64;C:\Program Files (x86)\Common Files\Oracle\Java\javapath;C:\ProgramData\Oracle\Java\javapath;C:\Program Files (x86)\Intel\Intel(R) Management Engine Components\iCLS\;C:\Program Files\Intel\Intel(R) Management Engine Components\iCLS\;C:\WINDOWS\system32;C:\WINDOWS;C:\WINDOWS\System32\Wbem;C:\WINDOWS\System32\WindowsPowerShell\v1.0\;C:\WINDOWS\System32\OpenSSH\;C:\Program Files (x86)\Intel\Intel(R) Management Engine Components\DAL;C:\Program Files\Intel\Intel(R) Management Engine Components\DAL;C:\Program Files\Intel\WiFi\bin\;C:\Program Files\Common Files\Intel\WirelessCommon\;C:\Program Files (x86)\PuTTY\;C:\Program Files\Git\cmd;C:\Users\mbn\AppData\Local\Microsoft\WindowsApps;;C:\Users\mbn\Desktop;
USERNAME=mbn
OS=Windows_NT
PROCESSOR_IDENTIFIER=Intel64 Family 6 Model 61 Stepping 4, GenuineIntel



---------------  S Y S T E M  ---------------

OS: Windows 10.0 , 64 bit Build 18362 (10.0.18362.329)

CPU:total 4 (initial active 4) (2 cores per cpu, 2 threads per core) family 6 model 61 stepping 4, cmov, cx8, fxsr, mmx, sse, sse2, sse3, ssse3, sse4.1, sse4.2, popcnt, avx, avx2, aes, clmul, erms, rtm, 3dnowpref, lzcnt, ht, tsc, tscinvbit, bmi1, bmi2, adx

Memory: 4k page, physical 16666048k(8647272k free), swap 19156416k(9136604k free)

vm_info: Java HotSpot(TM) 64-Bit Server VM (25.221-b11) for windows-amd64 JRE (1.8.0_221-b11), built on Jul  4 2019 04:39:29 by "java_re" with MS VC++ 10.0 (VS2010)

time: Mon Dec 02 14:04:41 2019
timezone: Central European Standard Time
elapsed time: 20 seconds (0d 0h 0m 20s)

