#
# A fatal error has been detected by the Java Runtime Environment:
#
#  EXCEPTION_ACCESS_VIOLATION (0xc0000005) at pc=0x00007ffb1d7580f0, pid=4280, tid=0x0000000000003510
#
# JRE version: Java(TM) SE Runtime Environment (8.0_221-b11) (build 1.8.0_221-b11)
# Java VM: Java HotSpot(TM) 64-Bit Server VM (25.221-b11 mixed mode windows-amd64 compressed oops)
# Problematic frame:
# C  [jfxwebkit.dll+0xc380f0]
#
# Failed to write core dump. Minidumps are not enabled by default on client versions of Windows
#
# If you would like to submit a bug report, please visit:
#   http://bugreport.java.com/bugreport/crash.jsp
# The crash happened outside the Java Virtual Machine in native code.
# See problematic frame for where to report the bug.
#

---------------  T H R E A D  ---------------

Current thread (0x000000001dd80000):  JavaThread "JavaFX Application Thread" [_thread_in_native, id=13584, stack(0x000000001e340000,0x000000001e440000)]

siginfo: ExceptionCode=0xc0000005, reading address 0x0000000000000048

Registers:
RAX=0x000069c09426d3c7, RBX=0x000000001e43d2c0, RCX=0x0000000000000048, RDX=0x0000000000000000
RSP=0x000000001e43d158, RBP=0x000000001e43d1c9, RSI=0x0000000000000000, RDI=0x000000001e43d2f0
R8 =0x000000001e43d2c0, R9 =0x0000000000000000, R10=0x0000000024b1e040, R11=0x0000000000000000
R12=0x0000000024b1dff0, R13=0x0000000000000001, R14=0x00000000224ff620, R15=0x0000000000000000
RIP=0x00007ffb1d7580f0, EFLAGS=0x0000000000010246

Top of Stack: (sp=0x000000001e43d158)
0x000000001e43d158:   00007ffb1d71298d 0000000000000000
0x000000001e43d168:   0000000000000000 0000000000000052
0x000000001e43d178:   00007ffb1d742497 000000001e43d1f0
0x000000001e43d188:   00007ffb96f414cb 0000000024c93af0
0x000000001e43d198:   0000000000000000 0000000000000000
0x000000001e43d1a8:   000069c09426d327 0000000024b1dff0
0x000000001e43d1b8:   0000000000000000 000000001e43d268
0x000000001e43d1c8:   00007ffb1df62809 0000000000000000
0x000000001e43d1d8:   000000000000001c 0000000000000000
0x000000001e43d1e8:   00007ffb1d711236 000069c09426d3c7
0x000000001e43d1f8:   00007ffb1d7459d8 0000000000000000
0x000000001e43d208:   0000000000000000 000000000000001c
0x000000001e43d218:   000000001e43d2b8 000000001e43d330
0x000000001e43d228:   00007ffb1d7304aa 00000000224ff638
0x000000001e43d238:   000000001e43d2b8 000000001e43d330
0x000000001e43d248:   00007ffb9985ba17 0000000000830000 

Instructions: (pc=0x00007ffb1d7580f0)
0x00007ffb1d7580d0:   48 8b 49 68 ff c0 48 85 c9 75 f5 c3 cc cc cc cc
0x00007ffb1d7580e0:   cc cc cc cc cc cc cc cc cc cc cc cc cc cc cc cc
0x00007ffb1d7580f0:   48 8b 01 48 85 c0 74 17 0f 1f 84 00 00 00 00 00
0x00007ffb1d758100:   48 8b c8 48 8b 40 50 48 85 c0 75 f4 48 8b c1 c3 


Register to memory mapping:

RAX=0x000069c09426d3c7 is an unknown value
RBX=0x000000001e43d2c0 is pointing into the stack for thread: 0x000000001dd80000
RCX=0x0000000000000048 is an unknown value
RDX=0x0000000000000000 is an unknown value
RSP=0x000000001e43d158 is pointing into the stack for thread: 0x000000001dd80000
RBP=0x000000001e43d1c9 is pointing into the stack for thread: 0x000000001dd80000
RSI=0x0000000000000000 is an unknown value
RDI=0x000000001e43d2f0 is pointing into the stack for thread: 0x000000001dd80000
R8 =0x000000001e43d2c0 is pointing into the stack for thread: 0x000000001dd80000
R9 =0x0000000000000000 is an unknown value
R10=0x0000000024b1e040 is an unknown value
R11=0x0000000000000000 is an unknown value
R12=0x0000000024b1dff0 is an unknown value
R13=0x0000000000000001 is an unknown value
R14=0x00000000224ff620 is an unknown value
R15=0x0000000000000000 is an unknown value


Stack: [0x000000001e340000,0x000000001e440000],  sp=0x000000001e43d158,  free space=1012k
Native frames: (J=compiled Java code, j=interpreted, Vv=VM code, C=native code)
C  [jfxwebkit.dll+0xc380f0]

Java frames: (J=compiled Java code, j=interpreted, Vv=VM code)
j  com.sun.webkit.network.URLLoader.twkDidReceiveResponse(ILjava/lang/String;Ljava/lang/String;JLjava/lang/String;Ljava/lang/String;J)V+0
j  com.sun.webkit.network.URLLoader.notifyDidReceiveResponse(ILjava/lang/String;Ljava/lang/String;JLjava/lang/String;Ljava/lang/String;)V+91
j  com.sun.webkit.network.URLLoader.lambda$didReceiveResponse$3(ILjava/lang/String;Ljava/lang/String;JLjava/lang/String;Ljava/lang/String;)V+17
j  com.sun.webkit.network.URLLoader$$Lambda$242.run()V+28
j  com.sun.javafx.application.PlatformImpl.lambda$null$5(Ljava/lang/Runnable;)Ljava/lang/Void;+1
j  com.sun.javafx.application.PlatformImpl$$Lambda$49.run()Ljava/lang/Object;+4
v  ~StubRoutines::call_stub
J 2359  java.security.AccessController.doPrivileged(Ljava/security/PrivilegedAction;Ljava/security/AccessControlContext;)Ljava/lang/Object; (0 bytes) @ 0x00000000031a11a6 [0x00000000031a1140+0x66]
j  com.sun.javafx.application.PlatformImpl.lambda$runLater$6(Ljava/lang/Runnable;Ljava/security/AccessControlContext;)V+7
j  com.sun.javafx.application.PlatformImpl$$Lambda$48.run()V+8
j  com.sun.glass.ui.InvokeLaterDispatcher$Future.run()V+4
v  ~StubRoutines::call_stub
j  com.sun.glass.ui.win.WinApplication._runLoop(Ljava/lang/Runnable;)V+0
j  com.sun.glass.ui.win.WinApplication.lambda$null$3(ILjava/lang/Runnable;)V+8
j  com.sun.glass.ui.win.WinApplication$$Lambda$37.run()V+12
j  java.lang.Thread.run()V+11
v  ~StubRoutines::call_stub

---------------  P R O C E S S  ---------------

Java Threads: ( => current thread )
  0x00000000234db800 JavaThread "URL-Loader-1" daemon [_thread_blocked, id=15064, stack(0x0000000067490000,0x0000000067590000)]
  0x00000000230c9800 JavaThread "AWT-Windows" daemon [_thread_in_native, id=15204, stack(0x0000000067380000,0x0000000067480000)]
  0x00000000230c8000 JavaThread "Java2D Disposer" daemon [_thread_blocked, id=14680, stack(0x0000000067180000,0x0000000067280000)]
  0x000000002331a000 JavaThread "Disposer" daemon [_thread_blocked, id=5700, stack(0x0000000066d40000,0x0000000066e40000)]
  0x0000000022fed000 JavaThread "Prism Font Disposer" daemon [_thread_blocked, id=7000, stack(0x0000000025450000,0x0000000025550000)]
  0x0000000022d73800 JavaThread "Thread-3" daemon [_thread_in_native, id=13940, stack(0x0000000023510000,0x0000000023610000)]
  0x0000000022d5d000 JavaThread "JavaFX-Launcher" [_thread_blocked, id=3456, stack(0x0000000023610000,0x0000000023710000)]
=>0x000000001dd80000 JavaThread "JavaFX Application Thread" [_thread_in_native, id=13584, stack(0x000000001e340000,0x000000001e440000)]
  0x000000001dd7d000 JavaThread "Thread-1" daemon [_thread_blocked, id=14360, stack(0x000000001e240000,0x000000001e340000)]
  0x000000001dd4a800 JavaThread "QuantumRenderer-0" daemon [_thread_blocked, id=14652, stack(0x000000001dfc0000,0x000000001e0c0000)]
  0x000000001c09d800 JavaThread "Service Thread" daemon [_thread_blocked, id=12148, stack(0x000000001dda0000,0x000000001dea0000)]
  0x000000001c056800 JavaThread "C1 CompilerThread2" daemon [_thread_blocked, id=2252, stack(0x000000001d8a0000,0x000000001d9a0000)]
  0x000000001c052000 JavaThread "C2 CompilerThread1" daemon [_thread_blocked, id=11076, stack(0x000000001d7a0000,0x000000001d8a0000)]
  0x000000001c048000 JavaThread "C2 CompilerThread0" daemon [_thread_blocked, id=10780, stack(0x000000001d6a0000,0x000000001d7a0000)]
  0x000000001c046000 JavaThread "Attach Listener" daemon [_thread_blocked, id=8240, stack(0x000000001d5a0000,0x000000001d6a0000)]
  0x000000001c044800 JavaThread "Signal Dispatcher" daemon [_thread_blocked, id=1604, stack(0x000000001d4a0000,0x000000001d5a0000)]
  0x0000000002a5b800 JavaThread "Finalizer" daemon [_thread_blocked, id=10404, stack(0x000000001d2a0000,0x000000001d3a0000)]
  0x0000000002a53000 JavaThread "Reference Handler" daemon [_thread_blocked, id=14812, stack(0x000000001d1a0000,0x000000001d2a0000)]
  0x0000000002962800 JavaThread "main" [_thread_blocked, id=7784, stack(0x0000000002760000,0x0000000002860000)]

Other Threads:
  0x000000001c007000 VMThread [stack: 0x000000001d0a0000,0x000000001d1a0000] [id=15044]
  0x000000001c09e800 WatcherThread [stack: 0x000000001dea0000,0x000000001dfa0000] [id=14588]

VM state:not at safepoint (normal execution)

VM Mutex/Monitor currently owned by a thread: None

heap address: 0x00000006c1a00000, size: 4070 MB, Compressed Oops mode: Zero based, Oop shift amount: 3
Narrow klass base: 0x0000000000000000, Narrow klass shift: 3
Compressed class space size: 1073741824 Address: 0x00000007c0000000

Heap:
 PSYoungGen      total 124928K, used 88509K [0x000000076b380000, 0x0000000773c00000, 0x00000007c0000000)
  eden space 114176K, 76% used [0x000000076b380000,0x00000007709139a0,0x0000000772300000)
  from space 10752K, 8% used [0x0000000772d80000,0x0000000772e5baa0,0x0000000773800000)
  to   space 10752K, 0% used [0x0000000772300000,0x0000000772300000,0x0000000772d80000)
 ParOldGen       total 125440K, used 7536K [0x00000006c1a00000, 0x00000006c9480000, 0x000000076b380000)
  object space 125440K, 6% used [0x00000006c1a00000,0x00000006c215c148,0x00000006c9480000)
 Metaspace       used 23742K, capacity 24604K, committed 24704K, reserved 1071104K
  class space    used 3127K, capacity 3372K, committed 3456K, reserved 1048576K

Card table byte_map: [0x0000000011e20000,0x0000000012620000] byte_map_base: 0x000000000e813000

Marking Bits: (ParMarkBitMap*) 0x000000006ccb5ce0
 Begin Bits: [0x0000000012f70000, 0x0000000016f08000)
 End Bits:   [0x0000000016f08000, 0x000000001aea0000)

Polling page: 0x00000000008d0000

CodeCache: size=245760Kb used=7542Kb max_used=7556Kb free=238217Kb
 bounds [0x0000000002a60000, 0x00000000031d0000, 0x0000000011a60000]
 total_blobs=3178 nmethods=2378 adapters=711
 compilation: enabled

Compilation events (10 events):
Event: 5.964 Thread 0x000000001c056800 2404       3       com.sun.javafx.geom.RectBounds::contains (70 bytes)
Event: 5.965 Thread 0x000000001c056800 nmethod 2404 0x00000000031bf610 code [0x00000000031bf7a0, 0x00000000031bfeb0]
Event: 5.965 Thread 0x000000001c056800 2406       1       javafx.scene.layout.CornerRadii::isUniform (5 bytes)
Event: 5.965 Thread 0x000000001c056800 nmethod 2406 0x00000000031bffd0 code [0x00000000031c0120, 0x00000000031c0230]
Event: 5.965 Thread 0x000000001c056800 2402       1       javafx.scene.Scene::access$2900 (5 bytes)
Event: 5.965 Thread 0x000000001c056800 nmethod 2402 0x00000000031c0290 code [0x00000000031c03e0, 0x00000000031c04d0]
Event: 5.965 Thread 0x000000001c056800 2408       1       com.sun.javafx.sg.prism.NGGroup::getChildren (5 bytes)
Event: 5.965 Thread 0x000000001c056800 nmethod 2408 0x00000000031c0550 code [0x00000000031c06a0, 0x00000000031c07b0]
Event: 5.965 Thread 0x000000001c056800 2409       1       com.sun.scenario.effect.ImageData::getUntransformedImage (5 bytes)
Event: 5.965 Thread 0x000000001c056800 nmethod 2409 0x00000000031c0810 code [0x00000000031c0960, 0x00000000031c0a70]

GC Heap History (10 events):
Event: 4.767 GC heap before
{Heap before GC invocations=1 (full 0):
 PSYoungGen      total 76288K, used 54247K [0x000000076b380000, 0x0000000770880000, 0x00000007c0000000)
  eden space 65536K, 82% used [0x000000076b380000,0x000000076e879e88,0x000000076f380000)
  from space 10752K, 0% used [0x000000076fe00000,0x000000076fe00000,0x0000000770880000)
  to   space 10752K, 0% used [0x000000076f380000,0x000000076f380000,0x000000076fe00000)
 ParOldGen       total 175104K, used 0K [0x00000006c1a00000, 0x00000006cc500000, 0x000000076b380000)
  object space 175104K, 0% used [0x00000006c1a00000,0x00000006c1a00000,0x00000006cc500000)
 Metaspace       used 20572K, capacity 21238K, committed 21296K, reserved 1067008K
  class space    used 2717K, capacity 2887K, committed 2944K, reserved 1048576K
Event: 4.780 GC heap after
Heap after GC invocations=1 (full 0):
 PSYoungGen      total 76288K, used 7628K [0x000000076b380000, 0x0000000770880000, 0x00000007c0000000)
  eden space 65536K, 0% used [0x000000076b380000,0x000000076b380000,0x000000076f380000)
  from space 10752K, 70% used [0x000000076f380000,0x000000076faf3360,0x000000076fe00000)
  to   space 10752K, 0% used [0x000000076fe00000,0x000000076fe00000,0x0000000770880000)
 ParOldGen       total 175104K, used 88K [0x00000006c1a00000, 0x00000006cc500000, 0x000000076b380000)
  object space 175104K, 0% used [0x00000006c1a00000,0x00000006c1a16010,0x00000006cc500000)
 Metaspace       used 20572K, capacity 21238K, committed 21296K, reserved 1067008K
  class space    used 2717K, capacity 2887K, committed 2944K, reserved 1048576K
}
Event: 4.780 GC heap before
{Heap before GC invocations=2 (full 1):
 PSYoungGen      total 76288K, used 7628K [0x000000076b380000, 0x0000000770880000, 0x00000007c0000000)
  eden space 65536K, 0% used [0x000000076b380000,0x000000076b380000,0x000000076f380000)
  from space 10752K, 70% used [0x000000076f380000,0x000000076faf3360,0x000000076fe00000)
  to   space 10752K, 0% used [0x000000076fe00000,0x000000076fe00000,0x0000000770880000)
 ParOldGen       total 175104K, used 88K [0x00000006c1a00000, 0x00000006cc500000, 0x000000076b380000)
  object space 175104K, 0% used [0x00000006c1a00000,0x00000006c1a16010,0x00000006cc500000)
 Metaspace       used 20572K, capacity 21238K, committed 21296K, reserved 1067008K
  class space    used 2717K, capacity 2887K, committed 2944K, reserved 1048576K
Event: 4.825 GC heap after
Heap after GC invocations=2 (full 1):
 PSYoungGen      total 76288K, used 0K [0x000000076b380000, 0x0000000770880000, 0x00000007c0000000)
  eden space 65536K, 0% used [0x000000076b380000,0x000000076b380000,0x000000076f380000)
  from space 10752K, 0% used [0x000000076f380000,0x000000076f380000,0x000000076fe00000)
  to   space 10752K, 0% used [0x000000076fe00000,0x000000076fe00000,0x0000000770880000)
 ParOldGen       total 125440K, used 7512K [0x00000006c1a00000, 0x00000006c9480000, 0x000000076b380000)
  object space 125440K, 5% used [0x00000006c1a00000,0x00000006c2156148,0x00000006c9480000)
 Metaspace       used 20572K, capacity 21238K, committed 21296K, reserved 1067008K
  class space    used 2717K, capacity 2887K, committed 2944K, reserved 1048576K
}
Event: 5.149 GC heap before
{Heap before GC invocations=3 (full 1):
 PSYoungGen      total 76288K, used 65476K [0x000000076b380000, 0x0000000770880000, 0x00000007c0000000)
  eden space 65536K, 99% used [0x000000076b380000,0x000000076f371298,0x000000076f380000)
  from space 10752K, 0% used [0x000000076f380000,0x000000076f380000,0x000000076fe00000)
  to   space 10752K, 0% used [0x000000076fe00000,0x000000076fe00000,0x0000000770880000)
 ParOldGen       total 125440K, used 7512K [0x00000006c1a00000, 0x00000006c9480000, 0x000000076b380000)
  object space 125440K, 5% used [0x00000006c1a00000,0x00000006c2156148,0x00000006c9480000)
 Metaspace       used 21799K, capacity 22542K, committed 22784K, reserved 1069056K
  class space    used 2837K, capacity 3019K, committed 3072K, reserved 1048576K
Event: 5.154 GC heap after
Heap after GC invocations=3 (full 1):
 PSYoungGen      total 76288K, used 1752K [0x000000076b380000, 0x0000000772580000, 0x00000007c0000000)
  eden space 65536K, 0% used [0x000000076b380000,0x000000076b380000,0x000000076f380000)
  from space 10752K, 16% used [0x000000076fe00000,0x000000076ffb6170,0x0000000770880000)
  to   space 10752K, 0% used [0x000000076f380000,0x000000076f380000,0x000000076fe00000)
 ParOldGen       total 125440K, used 7520K [0x00000006c1a00000, 0x00000006c9480000, 0x000000076b380000)
  object space 125440K, 5% used [0x00000006c1a00000,0x00000006c2158148,0x00000006c9480000)
 Metaspace       used 21799K, capacity 22542K, committed 22784K, reserved 1069056K
  class space    used 2837K, capacity 3019K, committed 3072K, reserved 1048576K
}
Event: 5.175 GC heap before
{Heap before GC invocations=4 (full 1):
 PSYoungGen      total 76288K, used 67186K [0x000000076b380000, 0x0000000772580000, 0x00000007c0000000)
  eden space 65536K, 99% used [0x000000076b380000,0x000000076f366820,0x000000076f380000)
  from space 10752K, 16% used [0x000000076fe00000,0x000000076ffb6170,0x0000000770880000)
  to   space 10752K, 0% used [0x000000076f380000,0x000000076f380000,0x000000076fe00000)
 ParOldGen       total 125440K, used 7520K [0x00000006c1a00000, 0x00000006c9480000, 0x000000076b380000)
  object space 125440K, 5% used [0x00000006c1a00000,0x00000006c2158148,0x00000006c9480000)
 Metaspace       used 21803K, capacity 22542K, committed 22784K, reserved 1069056K
  class space    used 2837K, capacity 3019K, committed 3072K, reserved 1048576K
Event: 5.177 GC heap after
Heap after GC invocations=4 (full 1):
 PSYoungGen      total 76288K, used 782K [0x000000076b380000, 0x0000000773800000, 0x00000007c0000000)
  eden space 65536K, 0% used [0x000000076b380000,0x000000076b380000,0x000000076f380000)
  from space 10752K, 7% used [0x000000076f380000,0x000000076f443948,0x000000076fe00000)
  to   space 10752K, 0% used [0x0000000772d80000,0x0000000772d80000,0x0000000773800000)
 ParOldGen       total 125440K, used 7528K [0x00000006c1a00000, 0x00000006c9480000, 0x000000076b380000)
  object space 125440K, 6% used [0x00000006c1a00000,0x00000006c215a148,0x00000006c9480000)
 Metaspace       used 21803K, capacity 22542K, committed 22784K, reserved 1069056K
  class space    used 2837K, capacity 3019K, committed 3072K, reserved 1048576K
}
Event: 5.194 GC heap before
{Heap before GC invocations=5 (full 1):
 PSYoungGen      total 76288K, used 66186K [0x000000076b380000, 0x0000000773800000, 0x00000007c0000000)
  eden space 65536K, 99% used [0x000000076b380000,0x000000076f35f188,0x000000076f380000)
  from space 10752K, 7% used [0x000000076f380000,0x000000076f443948,0x000000076fe00000)
  to   space 10752K, 0% used [0x0000000772d80000,0x0000000772d80000,0x0000000773800000)
 ParOldGen       total 125440K, used 7528K [0x00000006c1a00000, 0x00000006c9480000, 0x000000076b380000)
  object space 125440K, 6% used [0x00000006c1a00000,0x00000006c215a148,0x00000006c9480000)
 Metaspace       used 21803K, capacity 22542K, committed 22784K, reserved 1069056K
  class space    used 2837K, capacity 3019K, committed 3072K, reserved 1048576K
Event: 5.195 GC heap after
Heap after GC invocations=5 (full 1):
 PSYoungGen      total 124928K, used 878K [0x000000076b380000, 0x0000000773c00000, 0x00000007c0000000)
  eden space 114176K, 0% used [0x000000076b380000,0x000000076b380000,0x0000000772300000)
  from space 10752K, 8% used [0x0000000772d80000,0x0000000772e5baa0,0x0000000773800000)
  to   space 10752K, 0% used [0x0000000772300000,0x0000000772300000,0x0000000772d80000)
 ParOldGen       total 125440K, used 7536K [0x00000006c1a00000, 0x00000006c9480000, 0x000000076b380000)
  object space 125440K, 6% used [0x00000006c1a00000,0x00000006c215c148,0x00000006c9480000)
 Metaspace       used 21803K, capacity 22542K, committed 22784K, reserved 1069056K
  class space    used 2837K, capacity 3019K, committed 3072K, reserved 1048576K
}

Deoptimization events (10 events):
Event: 5.094 Thread 0x000000001dd80000 Uncommon trap: reason=bimorphic action=maybe_recompile pc=0x0000000002fbc224 method=java.io.DataInputStream.readChar()C @ 4
Event: 5.094 Thread 0x000000001dd80000 Uncommon trap: reason=bimorphic action=maybe_recompile pc=0x0000000002fbc224 method=java.io.DataInputStream.readChar()C @ 4
Event: 5.095 Thread 0x000000001dd80000 Uncommon trap: reason=bimorphic action=maybe_recompile pc=0x0000000002fbc224 method=java.io.DataInputStream.readChar()C @ 4
Event: 5.214 Thread 0x000000001dd80000 Uncommon trap: reason=unstable_if action=reinterpret pc=0x00000000030857e0 method=sun.text.normalizer.TrieIterator.calculateNextSupplementaryElement(Lsun/text/normalizer/RangeValueIterator$Element;)V @ 145
Event: 5.214 Thread 0x000000001dd80000 Uncommon trap: reason=unstable_if action=reinterpret pc=0x0000000003087448 method=sun.text.normalizer.TrieIterator.next(Lsun/text/normalizer/RangeValueIterator$Element;)Z @ 6
Event: 5.265 Thread 0x000000001dd80000 Uncommon trap: reason=unstable_if action=reinterpret pc=0x0000000002f0b00c method=java.util.regex.Pattern$Ctype.isSatisfiedBy(I)Z @ 4
Event: 5.304 Thread 0x000000001dd80000 Uncommon trap: reason=unstable_if action=reinterpret pc=0x000000000307eef8 method=sun.text.normalizer.UnicodeSet.findCodePoint(I)I @ 32
Event: 5.332 Thread 0x000000001dd80000 Uncommon trap: reason=unstable_if action=reinterpret pc=0x0000000002c66a40 method=java.lang.CharacterData.of(I)Ljava/lang/CharacterData; @ 4
Event: 5.369 Thread 0x000000001dd80000 Uncommon trap: reason=unstable_if action=reinterpret pc=0x0000000002ed996c method=java.lang.ClassLoader.checkName(Ljava/lang/String;)Z @ 20
Event: 5.448 Thread 0x000000001dd80000 Uncommon trap: reason=unstable_if action=reinterpret pc=0x0000000002dbb868 method=jdk.internal.org.objectweb.asm.Type.getArgumentsAndReturnSizes(Ljava/lang/String;)I @ 47

Classes redefined (0 events):
No events

Internal exceptions (10 events):
Event: 3.113 Thread 0x000000001dd80000 Implicit null exception at 0x0000000002ccf654 to 0x0000000002ccfa0d
Event: 3.127 Thread 0x000000001dd80000 Exception <a 'java/io/FileNotFoundException'> (0x000000076d50b658) thrown at [C:\re\workspace\8-2-build-windows-amd64-cygwin\jdk8u221\13320\hotspot\src\share\vm\prims\jni.cpp, line 710]
Event: 3.170 Thread 0x000000001dd80000 Implicit null exception at 0x0000000002c74fd6 to 0x0000000002c75381
Event: 3.235 Thread 0x000000001dd80000 Implicit null exception at 0x0000000002da3f35 to 0x0000000002da4165
Event: 3.235 Thread 0x000000001dd80000 Implicit null exception at 0x0000000002d80a58 to 0x0000000002d80ae6
Event: 3.251 Thread 0x000000001dd80000 Exception <a 'java/io/FileNotFoundException'> (0x000000076d94e068) thrown at [C:\re\workspace\8-2-build-windows-amd64-cygwin\jdk8u221\13320\hotspot\src\share\vm\prims\jni.cpp, line 710]
Event: 3.305 Thread 0x000000001dd80000 Exception <a 'java/io/FileNotFoundException'> (0x000000076d9771d0) thrown at [C:\re\workspace\8-2-build-windows-amd64-cygwin\jdk8u221\13320\hotspot\src\share\vm\prims\jni.cpp, line 710]
Event: 3.305 Thread 0x000000001dd80000 Exception <a 'java/io/FileNotFoundException'> (0x000000076d978600) thrown at [C:\re\workspace\8-2-build-windows-amd64-cygwin\jdk8u221\13320\hotspot\src\share\vm\prims\jni.cpp, line 710]
Event: 3.333 Thread 0x000000001dd80000 Exception <a 'java/io/FileNotFoundException'> (0x000000076d9d92b0) thrown at [C:\re\workspace\8-2-build-windows-amd64-cygwin\jdk8u221\13320\hotspot\src\share\vm\prims\jni.cpp, line 710]
Event: 3.368 Thread 0x000000001dd80000 Exception <a 'java/io/FileNotFoundException'> (0x000000076da069f0) thrown at [C:\re\workspace\8-2-build-windows-amd64-cygwin\jdk8u221\13320\hotspot\src\share\vm\prims\jni.cpp, line 710]

Events (10 events):
Event: 5.959 loading class sun/util/calendar/JulianCalendar$Date
Event: 5.959 loading class sun/util/calendar/JulianCalendar$Date done
Event: 5.961 Executing VM operation: RevokeBias
Event: 5.961 Executing VM operation: RevokeBias done
Event: 5.962 loading class com/sun/webkit/network/URLLoader
Event: 5.962 loading class com/sun/webkit/network/URLLoader done
Event: 5.965 loading class java/util/zip/CheckedInputStream
Event: 5.965 loading class java/util/zip/CheckedInputStream done
Event: 5.965 loading class com/sun/webkit/network/ByteBufferPool$ByteBufferAllocatorImpl
Event: 5.965 loading class com/sun/webkit/network/ByteBufferPool$ByteBufferAllocatorImpl done


Dynamic libraries:
0x00007ff717cd0000 - 0x00007ff717d07000 	C:\Program Files\Java\jdk1.8.0_221\bin\javaw.exe
0x00007ffb99820000 - 0x00007ffb99a10000 	C:\WINDOWS\SYSTEM32\ntdll.dll
0x00007ffb980e0000 - 0x00007ffb98192000 	C:\WINDOWS\System32\KERNEL32.DLL
0x00007ffb97370000 - 0x00007ffb97613000 	C:\WINDOWS\System32\KERNELBASE.dll
0x00007ffb986c0000 - 0x00007ffb98763000 	C:\WINDOWS\System32\ADVAPI32.dll
0x00007ffb98d60000 - 0x00007ffb98dfe000 	C:\WINDOWS\System32\msvcrt.dll
0x00007ffb99740000 - 0x00007ffb997d7000 	C:\WINDOWS\System32\sechost.dll
0x00007ffb99500000 - 0x00007ffb99620000 	C:\WINDOWS\System32\RPCRT4.dll
0x00007ffb98b10000 - 0x00007ffb98ca4000 	C:\WINDOWS\System32\USER32.dll
0x00007ffb978a0000 - 0x00007ffb978c1000 	C:\WINDOWS\System32\win32u.dll
0x00007ffb981a0000 - 0x00007ffb981c6000 	C:\WINDOWS\System32\GDI32.dll
0x00007ffb970b0000 - 0x00007ffb97244000 	C:\WINDOWS\System32\gdi32full.dll
0x00007ffb97270000 - 0x00007ffb9730e000 	C:\WINDOWS\System32\msvcp_win.dll
0x00007ffb96f30000 - 0x00007ffb9702a000 	C:\WINDOWS\System32\ucrtbase.dll
0x00007ffb862c0000 - 0x00007ffb86545000 	C:\WINDOWS\WinSxS\amd64_microsoft.windows.common-controls_6595b64144ccf1df_6.0.18362.476_none_e6c4b11b130f2595\COMCTL32.dll
0x00007ffb97cd0000 - 0x00007ffb98006000 	C:\WINDOWS\System32\combase.dll
0x00007ffb97030000 - 0x00007ffb970b0000 	C:\WINDOWS\System32\bcryptPrimitives.dll
0x00007ffb98930000 - 0x00007ffb9895e000 	C:\WINDOWS\System32\IMM32.DLL
0x00000000685c0000 - 0x0000000068692000 	C:\Program Files\Java\jdk1.8.0_221\jre\bin\msvcr100.dll
0x000000006c490000 - 0x000000006cd35000 	C:\Program Files\Java\jdk1.8.0_221\jre\bin\server\jvm.dll
0x00007ffb97950000 - 0x00007ffb97958000 	C:\WINDOWS\System32\PSAPI.DLL
0x00007ffb82950000 - 0x00007ffb82959000 	C:\WINDOWS\SYSTEM32\WSOCK32.dll
0x00007ffb98010000 - 0x00007ffb9807f000 	C:\WINDOWS\System32\WS2_32.dll
0x00007ffb94750000 - 0x00007ffb94774000 	C:\WINDOWS\SYSTEM32\WINMM.dll
0x00007ffb86950000 - 0x00007ffb8695a000 	C:\WINDOWS\SYSTEM32\VERSION.dll
0x00007ffb94720000 - 0x00007ffb9474d000 	C:\WINDOWS\SYSTEM32\WINMMBASE.dll
0x00007ffb97620000 - 0x00007ffb9766a000 	C:\WINDOWS\System32\cfgmgr32.dll
0x00007ffb8f2c0000 - 0x00007ffb8f2cf000 	C:\Program Files\Java\jdk1.8.0_221\jre\bin\verify.dll
0x00007ffb89c70000 - 0x00007ffb89c99000 	C:\Program Files\Java\jdk1.8.0_221\jre\bin\java.dll
0x00007ffb8bf70000 - 0x00007ffb8bf86000 	C:\Program Files\Java\jdk1.8.0_221\jre\bin\zip.dll
0x00007ffb98e00000 - 0x00007ffb994e5000 	C:\WINDOWS\System32\SHELL32.dll
0x00007ffb98cb0000 - 0x00007ffb98d59000 	C:\WINDOWS\System32\shcore.dll
0x00007ffb967b0000 - 0x00007ffb96f2e000 	C:\WINDOWS\System32\windows.storage.dll
0x00007ffb96770000 - 0x00007ffb9678f000 	C:\WINDOWS\System32\profapi.dll
0x00007ffb96720000 - 0x00007ffb9676a000 	C:\WINDOWS\System32\powrprof.dll
0x00007ffb966f0000 - 0x00007ffb96700000 	C:\WINDOWS\System32\UMPDC.dll
0x00007ffb99620000 - 0x00007ffb99672000 	C:\WINDOWS\System32\shlwapi.dll
0x00007ffb96700000 - 0x00007ffb96711000 	C:\WINDOWS\System32\kernel.appcore.dll
0x00007ffb97250000 - 0x00007ffb97267000 	C:\WINDOWS\System32\cryptsp.dll
0x0000000000e30000 - 0x0000000000e33000 	C:\Program Files\Java\jdk1.8.0_221\jre\bin\api-ms-win-core-console-l1-1-0.dll
0x0000000000e40000 - 0x0000000000e43000 	C:\Program Files\Java\jdk1.8.0_221\jre\bin\api-ms-win-core-datetime-l1-1-0.dll
0x0000000000e50000 - 0x0000000000e53000 	C:\Program Files\Java\jdk1.8.0_221\jre\bin\api-ms-win-core-debug-l1-1-0.dll
0x0000000000e60000 - 0x0000000000e63000 	C:\Program Files\Java\jdk1.8.0_221\jre\bin\api-ms-win-core-errorhandling-l1-1-0.dll
0x0000000000e70000 - 0x0000000000e74000 	C:\Program Files\Java\jdk1.8.0_221\jre\bin\api-ms-win-core-file-l1-1-0.dll
0x0000000000e80000 - 0x0000000000e83000 	C:\Program Files\Java\jdk1.8.0_221\jre\bin\api-ms-win-core-file-l1-2-0.dll
0x0000000000e90000 - 0x0000000000e93000 	C:\Program Files\Java\jdk1.8.0_221\jre\bin\api-ms-win-core-file-l2-1-0.dll
0x0000000000ea0000 - 0x0000000000ea3000 	C:\Program Files\Java\jdk1.8.0_221\jre\bin\api-ms-win-core-handle-l1-1-0.dll
0x0000000002660000 - 0x0000000002663000 	C:\Program Files\Java\jdk1.8.0_221\jre\bin\api-ms-win-core-heap-l1-1-0.dll
0x0000000002670000 - 0x0000000002673000 	C:\Program Files\Java\jdk1.8.0_221\jre\bin\api-ms-win-core-interlocked-l1-1-0.dll
0x0000000002680000 - 0x0000000002683000 	C:\Program Files\Java\jdk1.8.0_221\jre\bin\api-ms-win-core-libraryloader-l1-1-0.dll
0x0000000002690000 - 0x0000000002693000 	C:\Program Files\Java\jdk1.8.0_221\jre\bin\api-ms-win-core-localization-l1-2-0.dll
0x00000000026a0000 - 0x00000000026a3000 	C:\Program Files\Java\jdk1.8.0_221\jre\bin\api-ms-win-core-memory-l1-1-0.dll
0x00000000026b0000 - 0x00000000026b3000 	C:\Program Files\Java\jdk1.8.0_221\jre\bin\api-ms-win-core-namedpipe-l1-1-0.dll
0x00000000026c0000 - 0x00000000026c3000 	C:\Program Files\Java\jdk1.8.0_221\jre\bin\api-ms-win-core-processenvironment-l1-1-0.dll
0x00000000026d0000 - 0x00000000026d3000 	C:\Program Files\Java\jdk1.8.0_221\jre\bin\api-ms-win-core-processthreads-l1-1-0.dll
0x00000000026e0000 - 0x00000000026e3000 	C:\Program Files\Java\jdk1.8.0_221\jre\bin\api-ms-win-core-processthreads-l1-1-1.dll
0x00000000026f0000 - 0x00000000026f3000 	C:\Program Files\Java\jdk1.8.0_221\jre\bin\api-ms-win-core-profile-l1-1-0.dll
0x0000000002700000 - 0x0000000002703000 	C:\Program Files\Java\jdk1.8.0_221\jre\bin\api-ms-win-core-rtlsupport-l1-1-0.dll
0x0000000002710000 - 0x0000000002713000 	C:\Program Files\Java\jdk1.8.0_221\jre\bin\api-ms-win-core-string-l1-1-0.dll
0x0000000002720000 - 0x0000000002723000 	C:\Program Files\Java\jdk1.8.0_221\jre\bin\api-ms-win-core-synch-l1-1-0.dll
0x0000000002730000 - 0x0000000002733000 	C:\Program Files\Java\jdk1.8.0_221\jre\bin\api-ms-win-core-synch-l1-2-0.dll
0x0000000002740000 - 0x0000000002743000 	C:\Program Files\Java\jdk1.8.0_221\jre\bin\api-ms-win-core-sysinfo-l1-1-0.dll
0x0000000002860000 - 0x0000000002863000 	C:\Program Files\Java\jdk1.8.0_221\jre\bin\api-ms-win-core-timezone-l1-1-0.dll
0x0000000002870000 - 0x0000000002873000 	C:\Program Files\Java\jdk1.8.0_221\jre\bin\api-ms-win-core-util-l1-1-0.dll
0x0000000002880000 - 0x0000000002883000 	C:\Program Files\Java\jdk1.8.0_221\jre\bin\api-ms-win-crt-conio-l1-1-0.dll
0x0000000002890000 - 0x0000000002894000 	C:\Program Files\Java\jdk1.8.0_221\jre\bin\api-ms-win-crt-convert-l1-1-0.dll
0x00000000028a0000 - 0x00000000028a3000 	C:\Program Files\Java\jdk1.8.0_221\jre\bin\api-ms-win-crt-environment-l1-1-0.dll
0x00000000028b0000 - 0x00000000028b3000 	C:\Program Files\Java\jdk1.8.0_221\jre\bin\api-ms-win-crt-filesystem-l1-1-0.dll
0x00000000028c0000 - 0x00000000028c3000 	C:\Program Files\Java\jdk1.8.0_221\jre\bin\api-ms-win-crt-heap-l1-1-0.dll
0x00000000028d0000 - 0x00000000028d3000 	C:\Program Files\Java\jdk1.8.0_221\jre\bin\api-ms-win-crt-locale-l1-1-0.dll
0x00000000028e0000 - 0x00000000028e5000 	C:\Program Files\Java\jdk1.8.0_221\jre\bin\api-ms-win-crt-math-l1-1-0.dll
0x00000000028f0000 - 0x00000000028f5000 	C:\Program Files\Java\jdk1.8.0_221\jre\bin\api-ms-win-crt-multibyte-l1-1-0.dll
0x0000000002900000 - 0x0000000002910000 	C:\Program Files\Java\jdk1.8.0_221\jre\bin\api-ms-win-crt-private-l1-1-0.dll
0x0000000002910000 - 0x0000000002913000 	C:\Program Files\Java\jdk1.8.0_221\jre\bin\api-ms-win-crt-process-l1-1-0.dll
0x0000000002920000 - 0x0000000002924000 	C:\Program Files\Java\jdk1.8.0_221\jre\bin\api-ms-win-crt-runtime-l1-1-0.dll
0x0000000002930000 - 0x0000000002934000 	C:\Program Files\Java\jdk1.8.0_221\jre\bin\api-ms-win-crt-stdio-l1-1-0.dll
0x0000000002940000 - 0x0000000002944000 	C:\Program Files\Java\jdk1.8.0_221\jre\bin\api-ms-win-crt-string-l1-1-0.dll
0x000000001dfa0000 - 0x000000001dfa3000 	C:\Program Files\Java\jdk1.8.0_221\jre\bin\api-ms-win-crt-time-l1-1-0.dll
0x000000001dfb0000 - 0x000000001dfb3000 	C:\Program Files\Java\jdk1.8.0_221\jre\bin\api-ms-win-crt-utility-l1-1-0.dll
0x00007ffb44f20000 - 0x00007ffb45016000 	C:\Program Files\Java\jdk1.8.0_221\jre\bin\ucrtbase.dll
0x00007ffb8bfb0000 - 0x00007ffb8bfc6000 	C:\Program Files\Java\jdk1.8.0_221\jre\bin\vcruntime140.dll
0x00007ffb53ad0000 - 0x00007ffb53b7a000 	C:\Program Files\Java\jdk1.8.0_221\jre\bin\msvcp140.dll
0x00007ffb52730000 - 0x00007ffb52784000 	C:\Program Files\Java\jdk1.8.0_221\jre\bin\concrt140.dll
0x00007ffb815c0000 - 0x00007ffb815e3000 	C:\Program Files\Java\jdk1.8.0_221\jre\bin\prism_d3d.dll
0x00007ffb52a70000 - 0x00007ffb52c37000 	C:\WINDOWS\system32\d3d9.dll
0x00007ffb94a70000 - 0x00007ffb94a9d000 	C:\WINDOWS\SYSTEM32\dwmapi.dll
0x00007ffb95390000 - 0x00007ffb953b0000 	C:\WINDOWS\SYSTEM32\dxcore.dll
0x00007ffb94980000 - 0x00007ffb94a19000 	C:\WINDOWS\system32\uxtheme.dll
0x00007ffb42980000 - 0x00007ffb44ebd000 	C:\WINDOWS\SYSTEM32\igdumdim64.dll
0x00007ffb97a30000 - 0x00007ffb97af4000 	C:\WINDOWS\System32\OLEAUT32.dll
0x00007ffb987d0000 - 0x00007ffb98926000 	C:\WINDOWS\System32\ole32.dll
0x00007ffb98250000 - 0x00007ffb986c0000 	C:\WINDOWS\System32\SETUPAPI.dll
0x00007ffb97670000 - 0x00007ffb97696000 	C:\WINDOWS\System32\bcrypt.dll
0x00007ffb6d780000 - 0x00007ffb6d7c9000 	C:\Program Files\Java\jdk1.8.0_221\jre\bin\glass.dll
0x00007ffb97960000 - 0x00007ffb97a30000 	C:\WINDOWS\System32\COMDLG32.dll
0x00007ffb97b90000 - 0x00007ffb97cc6000 	C:\WINDOWS\System32\MSCTF.dll
0x00007ffb8cce0000 - 0x00007ffb8d71f000 	C:\WINDOWS\SYSTEM32\igdusc64.dll
0x00007ffb7e0a0000 - 0x00007ffb7e0b4000 	C:\Program Files\Java\jdk1.8.0_221\jre\bin\javafx_font.dll
0x00007ffb8d8e0000 - 0x00007ffb8dbde000 	C:\WINDOWS\SYSTEM32\dwrite.dll
0x00007ffb95ad0000 - 0x00007ffb95b03000 	C:\WINDOWS\system32\rsaenh.dll
0x00007ffb96610000 - 0x00007ffb96635000 	C:\WINDOWS\SYSTEM32\USERENV.dll
0x00007ffb96130000 - 0x00007ffb9613c000 	C:\WINDOWS\SYSTEM32\CRYPTBASE.dll
0x00007ffb8bd30000 - 0x00007ffb8bd4a000 	C:\Program Files\Java\jdk1.8.0_221\jre\bin\net.dll
0x00007ffb8fda0000 - 0x00007ffb8ff76000 	C:\WINDOWS\SYSTEM32\urlmon.dll
0x00007ffb902a0000 - 0x00007ffb90546000 	C:\WINDOWS\SYSTEM32\iertutil.dll
0x00007ffb95f60000 - 0x00007ffb95fc7000 	C:\WINDOWS\system32\mswsock.dll
0x00007ffb95c70000 - 0x00007ffb95caa000 	C:\WINDOWS\SYSTEM32\IPHLPAPI.DLL
0x00007ffb99730000 - 0x00007ffb99738000 	C:\WINDOWS\System32\NSI.dll
0x00007ffb8f170000 - 0x00007ffb8f186000 	C:\WINDOWS\SYSTEM32\dhcpcsvc6.DLL
0x00007ffb8dc80000 - 0x00007ffb8dc9c000 	C:\WINDOWS\SYSTEM32\dhcpcsvc.DLL
0x00007ffb95cb0000 - 0x00007ffb95d7a000 	C:\WINDOWS\SYSTEM32\DNSAPI.dll
0x00007ffb8aac0000 - 0x00007ffb8aad2000 	C:\Program Files\Java\jdk1.8.0_221\jre\bin\nio.dll
0x00007ffb1cb20000 - 0x00007ffb20b7b000 	C:\Program Files\Java\jdk1.8.0_221\jre\bin\jfxwebkit.dll
0x00007ffb830a0000 - 0x00007ffb83239000 	C:\Program Files\Java\jdk1.8.0_221\jre\bin\awt.dll
0x00007ffb94180000 - 0x00007ffb9420f000 	C:\WINDOWS\SYSTEM32\apphelp.dll
0x00007ffb86f70000 - 0x00007ffb86f94000 	C:\Program Files\Java\jdk1.8.0_221\jre\bin\sunec.dll
0x00007ffb99680000 - 0x00007ffb99722000 	C:\WINDOWS\System32\clbcatq.dll
0x00007ffb8e050000 - 0x00007ffb8e1ff000 	C:\WINDOWS\SYSTEM32\WindowsCodecs.dll
0x00007ffb6f8d0000 - 0x00007ffb6f90a000 	C:\WINDOWS\system32\dataexchange.dll
0x00007ffb93390000 - 0x00007ffb935eb000 	C:\WINDOWS\system32\d3d11.dll
0x00007ffb93690000 - 0x00007ffb9386b000 	C:\WINDOWS\system32\dcomp.dll
0x00007ffb954b0000 - 0x00007ffb9559b000 	C:\WINDOWS\system32\dxgi.dll
0x00007ffb94aa0000 - 0x00007ffb94cfa000 	C:\WINDOWS\system32\twinapi.appcore.dll
0x00007ffb94f80000 - 0x00007ffb94fa9000 	C:\WINDOWS\system32\RMCLIENT.dll
0x00007ffb83060000 - 0x00007ffb83093000 	C:\Program Files\Common Files\Microsoft Shared\Ink\rtscom.dll
0x00007ffb935f0000 - 0x00007ffb9368e000 	C:\WINDOWS\System32\TextInputFramework.dll
0x00007ffb939d0000 - 0x00007ffb93aa4000 	C:\WINDOWS\System32\CoreMessaging.dll
0x00007ffb92e50000 - 0x00007ffb9317a000 	C:\WINDOWS\System32\CoreUIComponents.dll

VM Arguments:
jvm_args: -Dfile.encoding=UTF-8 
java_command: pl.B4GU5.TW.Main
java_class_path (initial): C:\Users\mbn\eclipse-workspace\TW2\target\classes;C:\Users\mbn\.m2\repository\org\json\json\20190722\json-20190722.jar;C:\Users\mbn\.m2\repository\org\jfxtras\jmetro\8.6-RC-06\jmetro-8.6-RC-06.jar;C:\Users\mbn\.m2\repository\org\controlsfx\controlsfx\8.40.14\controlsfx-8.40.14.jar;C:\Users\mbn\.m2\repository\de\jensd\fontawesomefx\8.9\fontawesomefx-8.9.jar;C:\Users\mbn\.m2\repository\com\jfoenix\jfoenix\8.0.9\jfoenix-8.0.9.jar;C:\Users\mbn\.m2\repository\de\schlegel11\jfxanimation\2.0.0\jfxanimation-2.0.0.jar;C:\Users\mbn\.m2\repository\uk\co\rx14\jmclaunchlib\jMCLaunchLib\0.3.1\jMCLaunchLib-0.3.1.jar;C:\Users\mbn\.m2\repository\org\codehaus\groovy\groovy-all\2.3.11\groovy-all-2.3.11-indy.jar;C:\Users\mbn\.m2\repository\com\mashape\unirest\unirest-java\1.4.5\unirest-java-1.4.5.jar;C:\Users\mbn\.m2\repository\org\apache\httpcomponents\httpclient\4.3.6\httpclient-4.3.6.jar;C:\Users\mbn\.m2\repository\org\apache\httpcomponents\httpcore\4.3.3\httpcore-4.3.3.jar;C:\Users\mbn\.m2\repository\org\apache\httpcomponents\httpasyncclient\4.0.2\httpasyncclient-4.0.2.jar;C:\Users\mbn\.m2\repository\org\apache\httpcomponents\httpcore-nio\4.3.2\httpcore-nio-4.3.2.jar;C:\Users\mbn\.m2\repository\org\apache\httpcomponents\httpmime\4.3.6\httpmime-4.3.6.jar;C:\Users\mbn\.m2\repository\commons-codec\commons-codec\1.10\commons-codec-1.10.jar;C:\Users\mbn\.m2\repository\org\tukaani\xz\1.5\xz-1.5.jar;C:\Users\mbn\.m2\repository\commons-io\commons-io\2.4\commons-io-2.4.jar;C:\Users\mbn\.m2\repository\commons-logging\commons-logging\1.2\commons-logging-1.2.jar;C:\Users\mbn\.m2\repository\org\codefx\libfx\LibFX\0.3.0\LibFX-0.3.0.jar;C:\Users\mbn\.m2\repository\org\apache\commons\commons-lang3\3.0\commons-lang3-3.0.jar
Launcher Type: SUN_STANDARD

Environment Variables:
PATH=C:/Program Files/Java/jdk1.8.0_221/bin/../jre/bin/server;C:/Program Files/Java/jdk1.8.0_221/bin/../jre/bin;C:/Program Files/Java/jdk1.8.0_221/bin/../jre/lib/amd64;C:\Program Files (x86)\Common Files\Oracle\Java\javapath;C:\ProgramData\Oracle\Java\javapath;C:\Program Files (x86)\Intel\Intel(R) Management Engine Components\iCLS\;C:\Program Files\Intel\Intel(R) Management Engine Components\iCLS\;C:\WINDOWS\system32;C:\WINDOWS;C:\WINDOWS\System32\Wbem;C:\WINDOWS\System32\WindowsPowerShell\v1.0\;C:\WINDOWS\System32\OpenSSH\;C:\Program Files (x86)\Intel\Intel(R) Management Engine Components\DAL;C:\Program Files\Intel\Intel(R) Management Engine Components\DAL;C:\Program Files\Intel\WiFi\bin\;C:\Program Files\Common Files\Intel\WirelessCommon\;C:\Program Files (x86)\PuTTY\;C:\Program Files\Git\cmd;C:\Users\mbn\AppData\Local\Microsoft\WindowsApps;;C:\Users\mbn\Desktop;
USERNAME=mbn
OS=Windows_NT
PROCESSOR_IDENTIFIER=Intel64 Family 6 Model 61 Stepping 4, GenuineIntel



---------------  S Y S T E M  ---------------

OS: Windows 10.0 , 64 bit Build 18362 (10.0.18362.329)

CPU:total 4 (initial active 4) (2 cores per cpu, 2 threads per core) family 6 model 61 stepping 4, cmov, cx8, fxsr, mmx, sse, sse2, sse3, ssse3, sse4.1, sse4.2, popcnt, avx, avx2, aes, clmul, erms, rtm, 3dnowpref, lzcnt, ht, tsc, tscinvbit, bmi1, bmi2, adx

Memory: 4k page, physical 16666048k(9542180k free), swap 19156416k(10328812k free)

vm_info: Java HotSpot(TM) 64-Bit Server VM (25.221-b11) for windows-amd64 JRE (1.8.0_221-b11), built on Jul  4 2019 04:39:29 by "java_re" with MS VC++ 10.0 (VS2010)

time: Mon Dec 02 14:10:17 2019
timezone: Central European Standard Time
elapsed time: 6 seconds (0d 0h 0m 6s)

