#
# A fatal error has been detected by the Java Runtime Environment:
#
#  EXCEPTION_ACCESS_VIOLATION (0xc0000005) at pc=0x00007ffb1d7580f0, pid=4004, tid=0x000000000000096c
#
# JRE version: Java(TM) SE Runtime Environment (8.0_221-b11) (build 1.8.0_221-b11)
# Java VM: Java HotSpot(TM) 64-Bit Server VM (25.221-b11 mixed mode windows-amd64 compressed oops)
# Problematic frame:
# C  [jfxwebkit.dll+0xc380f0]
#
# Failed to write core dump. Minidumps are not enabled by default on client versions of Windows
#
# If you would like to submit a bug report, please visit:
#   http://bugreport.java.com/bugreport/crash.jsp
# The crash happened outside the Java Virtual Machine in native code.
# See problematic frame for where to report the bug.
#

---------------  T H R E A D  ---------------

Current thread (0x000000001dcee000):  JavaThread "JavaFX Application Thread" [_thread_in_native, id=2412, stack(0x000000001e8b0000,0x000000001e9b0000)]

siginfo: ExceptionCode=0xc0000005, reading address 0x0000000000000048

Registers:
RAX=0x00004e776bac623e, RBX=0x000000001e9ad320, RCX=0x0000000000000048, RDX=0x0000000000000000
RSP=0x000000001e9ad1b8, RBP=0x000000001e9ad229, RSI=0x0000000000000000, RDI=0x000000001e9ad350
R8 =0x000000001e9ad320, R9 =0x0000000000000000, R10=0x000000006d38f970, R11=0x0000000000000000
R12=0x000000006d38f920, R13=0x0000000000000049, R14=0x000000006c33d220, R15=0x0000000000000000
RIP=0x00007ffb1d7580f0, EFLAGS=0x0000000000010246

Top of Stack: (sp=0x000000001e9ad1b8)
0x000000001e9ad1b8:   00007ffb1d71298d 0000000000000000
0x000000001e9ad1c8:   0000000000000000 0000000000000052
0x000000001e9ad1d8:   00007ffb1d742497 000000001e9ad250
0x000000001e9ad1e8:   00007ffb96f414cb 000000006fea9090
0x000000001e9ad1f8:   0000000000000000 0000000000000000
0x000000001e9ad208:   00004e776bac621e 000000006d38f920
0x000000001e9ad218:   0000000000000000 000000001e9ad2c8
0x000000001e9ad228:   00007ffb1df62809 0000000000000000
0x000000001e9ad238:   0000000000000017 0000000000000000
0x000000001e9ad248:   00007ffb1d711236 00004e776bac623e
0x000000001e9ad258:   00007ffb1d7459d8 0000000000000000
0x000000001e9ad268:   0000000000000000 0000000000000017
0x000000001e9ad278:   000000001e9ad318 000000001e9ad390
0x000000001e9ad288:   00007ffb1d7304aa 000000006c33d238
0x000000001e9ad298:   000000001e9ad318 000000001e9ad390
0x000000001e9ad2a8:   00007ffb9985ba17 0000000000550000 

Instructions: (pc=0x00007ffb1d7580f0)
0x00007ffb1d7580d0:   48 8b 49 68 ff c0 48 85 c9 75 f5 c3 cc cc cc cc
0x00007ffb1d7580e0:   cc cc cc cc cc cc cc cc cc cc cc cc cc cc cc cc
0x00007ffb1d7580f0:   48 8b 01 48 85 c0 74 17 0f 1f 84 00 00 00 00 00
0x00007ffb1d758100:   48 8b c8 48 8b 40 50 48 85 c0 75 f4 48 8b c1 c3 


Register to memory mapping:

RAX=0x00004e776bac623e is an unknown value
RBX=0x000000001e9ad320 is pointing into the stack for thread: 0x000000001dcee000
RCX=0x0000000000000048 is an unknown value
RDX=0x0000000000000000 is an unknown value
RSP=0x000000001e9ad1b8 is pointing into the stack for thread: 0x000000001dcee000
RBP=0x000000001e9ad229 is pointing into the stack for thread: 0x000000001dcee000
RSI=0x0000000000000000 is an unknown value
RDI=0x000000001e9ad350 is pointing into the stack for thread: 0x000000001dcee000
R8 =0x000000001e9ad320 is pointing into the stack for thread: 0x000000001dcee000
R9 =0x0000000000000000 is an unknown value
R10=0x000000006d38f970 is an unknown value
R11=0x0000000000000000 is an unknown value
R12=0x000000006d38f920 is an unknown value
R13=0x0000000000000049 is an unknown value
R14=0x000000006c33d220 is an unknown value
R15=0x0000000000000000 is an unknown value


Stack: [0x000000001e8b0000,0x000000001e9b0000],  sp=0x000000001e9ad1b8,  free space=1012k
Native frames: (J=compiled Java code, j=interpreted, Vv=VM code, C=native code)
C  [jfxwebkit.dll+0xc380f0]

Java frames: (J=compiled Java code, j=interpreted, Vv=VM code)
j  com.sun.webkit.network.URLLoader.twkDidReceiveResponse(ILjava/lang/String;Ljava/lang/String;JLjava/lang/String;Ljava/lang/String;J)V+0
j  com.sun.webkit.network.URLLoader.notifyDidReceiveResponse(ILjava/lang/String;Ljava/lang/String;JLjava/lang/String;Ljava/lang/String;)V+91
j  com.sun.webkit.network.URLLoader.lambda$didReceiveResponse$3(ILjava/lang/String;Ljava/lang/String;JLjava/lang/String;Ljava/lang/String;)V+17
j  com.sun.webkit.network.URLLoader$$Lambda$236.run()V+28
J 3213 C1 com.sun.javafx.application.PlatformImpl$$Lambda$49.run()Ljava/lang/Object; (8 bytes) @ 0x0000000002def44c [0x0000000002def300+0x14c]
v  ~StubRoutines::call_stub
J 2438  java.security.AccessController.doPrivileged(Ljava/security/PrivilegedAction;Ljava/security/AccessControlContext;)Ljava/lang/Object; (0 bytes) @ 0x0000000002cc24e6 [0x0000000002cc2480+0x66]
J 2964 C1 com.sun.javafx.application.PlatformImpl.lambda$runLater$6(Ljava/lang/Runnable;Ljava/security/AccessControlContext;)V (38 bytes) @ 0x0000000002d3aa9c [0x0000000002d3a680+0x41c]
J 2963 C1 com.sun.javafx.application.PlatformImpl$$Lambda$47.run()V (12 bytes) @ 0x0000000002d3a2cc [0x0000000002d3a240+0x8c]
J 2886 C1 com.sun.glass.ui.InvokeLaterDispatcher$Future.run()V (91 bytes) @ 0x00000000027a2714 [0x00000000027a2600+0x114]
v  ~StubRoutines::call_stub
j  com.sun.glass.ui.win.WinApplication._runLoop(Ljava/lang/Runnable;)V+0
j  com.sun.glass.ui.win.WinApplication.lambda$null$3(ILjava/lang/Runnable;)V+8
j  com.sun.glass.ui.win.WinApplication$$Lambda$37.run()V+12
j  java.lang.Thread.run()V+11
v  ~StubRoutines::call_stub

---------------  P R O C E S S  ---------------

Java Threads: ( => current thread )
  0x0000000025466000 JavaThread "URL-Loader-25" daemon [_thread_blocked, id=9044, stack(0x000000006a7a0000,0x000000006a8a0000)]
  0x000000002545e800 JavaThread "URL-Loader-24" daemon [_thread_blocked, id=11384, stack(0x000000006a2a0000,0x000000006a3a0000)]
  0x0000000025464800 JavaThread "URL-Loader-23" daemon [_thread_blocked, id=11036, stack(0x0000000069fa0000,0x000000006a0a0000)]
  0x0000000025464000 JavaThread "AWT-Windows" daemon [_thread_in_native, id=15160, stack(0x0000000069da0000,0x0000000069ea0000)]
  0x000000002545c800 JavaThread "AWT-Shutdown" [_thread_blocked, id=9256, stack(0x0000000069ab0000,0x0000000069bb0000)]
  0x0000000025461000 JavaThread "Java2D Disposer" daemon [_thread_blocked, id=14448, stack(0x00000000693a0000,0x00000000694a0000)]
  0x000000002545d000 JavaThread "Keep-Alive-Timer" daemon [_thread_blocked, id=14816, stack(0x00000000692a0000,0x00000000693a0000)]
  0x0000000025463000 JavaThread "URL-Loader-22" daemon [_thread_blocked, id=15032, stack(0x00000000695a0000,0x00000000696a0000)]
  0x0000000025462800 JavaThread "URL-Loader-21" daemon [_thread_blocked, id=12880, stack(0x00000000691a0000,0x00000000692a0000)]
  0x0000000025465800 JavaThread "Thread-6" daemon [_thread_in_native, id=4316, stack(0x000000006a6a0000,0x000000006a7a0000)]
  0x000000002545f800 JavaThread "URL-Loader-15" daemon [_thread_blocked, id=4220, stack(0x0000000069ea0000,0x0000000069fa0000)]
  0x000000002545e000 JavaThread "URL-Loader-13" daemon [_thread_blocked, id=824, stack(0x0000000069ca0000,0x0000000069da0000)]
  0x000000001d361000 JavaThread "URL-Loader-5" daemon [_thread_blocked, id=14424, stack(0x00000000694a0000,0x00000000695a0000)]
  0x000000001e10b000 JavaThread "URL-Loader-1" daemon [_thread_blocked, id=10740, stack(0x0000000066d50000,0x0000000066e50000)]
  0x000000001e099800 JavaThread "Disposer" daemon [_thread_blocked, id=14628, stack(0x0000000066a50000,0x0000000066b50000)]
  0x000000001e01e800 JavaThread "Prism Font Disposer" daemon [_thread_blocked, id=15300, stack(0x0000000025160000,0x0000000025260000)]
  0x000000001dd7b800 JavaThread "Thread-3" daemon [_thread_in_native, id=15256, stack(0x0000000023280000,0x0000000023380000)]
  0x000000001d758000 JavaThread "JavaFX-Launcher" [_thread_blocked, id=2188, stack(0x0000000023380000,0x0000000023480000)]
=>0x000000001dcee000 JavaThread "JavaFX Application Thread" [_thread_in_native, id=2412, stack(0x000000001e8b0000,0x000000001e9b0000)]
  0x000000001dce2000 JavaThread "Thread-1" daemon [_thread_blocked, id=8788, stack(0x000000001e7b0000,0x000000001e8b0000)]
  0x000000001d74e800 JavaThread "QuantumRenderer-0" daemon [_thread_blocked, id=3868, stack(0x000000001e4d0000,0x000000001e5d0000)]
  0x000000001d3a2000 JavaThread "Service Thread" daemon [_thread_blocked, id=6228, stack(0x000000001d860000,0x000000001d960000)]
  0x000000001d363800 JavaThread "C1 CompilerThread2" daemon [_thread_blocked, id=9524, stack(0x000000001d760000,0x000000001d860000)]
  0x000000001bb56000 JavaThread "C2 CompilerThread1" daemon [_thread_blocked, id=13192, stack(0x000000001d260000,0x000000001d360000)]
  0x000000001bb17800 JavaThread "C2 CompilerThread0" daemon [_thread_blocked, id=13480, stack(0x000000001d160000,0x000000001d260000)]
  0x000000001bb15800 JavaThread "Attach Listener" daemon [_thread_blocked, id=6268, stack(0x000000001d060000,0x000000001d160000)]
  0x000000001bb14800 JavaThread "Signal Dispatcher" daemon [_thread_blocked, id=1916, stack(0x000000001cf60000,0x000000001d060000)]
  0x000000001baf9800 JavaThread "Finalizer" daemon [_thread_blocked, id=10824, stack(0x000000001cd60000,0x000000001ce60000)]
  0x00000000024a2000 JavaThread "Reference Handler" daemon [_thread_blocked, id=6656, stack(0x000000001cc60000,0x000000001cd60000)]
  0x00000000023b2800 JavaThread "main" [_thread_blocked, id=5548, stack(0x0000000002280000,0x0000000002380000)]

Other Threads:
  0x000000001bad8000 VMThread [stack: 0x000000001cb60000,0x000000001cc60000] [id=7836]
  0x000000001bb6c800 WatcherThread [stack: 0x000000001d960000,0x000000001da60000] [id=1048]

VM state:not at safepoint (normal execution)

VM Mutex/Monitor currently owned by a thread: None

heap address: 0x00000006c1a00000, size: 4070 MB, Compressed Oops mode: Zero based, Oop shift amount: 3
Narrow klass base: 0x0000000000000000, Narrow klass shift: 3
Compressed class space size: 1073741824 Address: 0x00000007c0000000

Heap:
 PSYoungGen      total 288768K, used 60128K [0x000000076b380000, 0x000000077f080000, 0x00000007c0000000)
  eden space 266240K, 14% used [0x000000076b380000,0x000000076d9052c8,0x000000077b780000)
  from space 22528K, 96% used [0x000000077da80000,0x000000077efb3020,0x000000077f080000)
  to   space 29184K, 0% used [0x000000077b780000,0x000000077b780000,0x000000077d400000)
 ParOldGen       total 127488K, used 26624K [0x00000006c1a00000, 0x00000006c9680000, 0x000000076b380000)
  object space 127488K, 20% used [0x00000006c1a00000,0x00000006c3400190,0x00000006c9680000)
 Metaspace       used 27049K, capacity 28084K, committed 28288K, reserved 1073152K
  class space    used 3388K, capacity 3628K, committed 3712K, reserved 1048576K

Card table byte_map: [0x00000000118f0000,0x00000000120f0000] byte_map_base: 0x000000000e2e3000

Marking Bits: (ParMarkBitMap*) 0x000000006ccb5ce0
 Begin Bits: [0x0000000012a40000, 0x00000000169d8000)
 End Bits:   [0x00000000169d8000, 0x000000001a970000)

Polling page: 0x00000000005c0000

CodeCache: size=245760Kb used=13446Kb max_used=13456Kb free=232313Kb
 bounds [0x0000000002530000, 0x0000000003270000, 0x0000000011530000]
 total_blobs=5193 nmethods=4347 adapters=757
 compilation: enabled

Compilation events (10 events):
Event: 18.220 Thread 0x000000001d363800 4824       1       java.util.TreeMap$Entry::getKey (5 bytes)
Event: 18.220 Thread 0x000000001d363800 nmethod 4824 0x0000000003254410 code [0x0000000003254560, 0x0000000003254670]
Event: 18.220 Thread 0x000000001d363800 4825       1       java.util.TreeMap$Entry::getValue (5 bytes)
Event: 18.220 Thread 0x000000001d363800 nmethod 4825 0x0000000003254150 code [0x00000000032542a0, 0x00000000032543b0]
Event: 18.244 Thread 0x000000001d363800 4826       3       java.net.URI::access$1600 (4 bytes)
Event: 18.244 Thread 0x000000001bb17800 4828       4       java.util.ArrayList$SubList$1::next (79 bytes)
Event: 18.244 Thread 0x000000001d363800 nmethod 4826 0x0000000003253e50 code [0x0000000003253fa0, 0x00000000032540d0]
Event: 18.244 Thread 0x000000001d363800 4827       3       java.net.URI::access$2000 (4 bytes)
Event: 18.244 Thread 0x000000001d363800 nmethod 4827 0x0000000003253b50 code [0x0000000003253ca0, 0x0000000003253dd0]
Event: 18.246 Thread 0x000000001bb17800 nmethod 4828 0x0000000003252250 code [0x00000000032523a0, 0x00000000032524d8]

GC Heap History (10 events):
Event: 4.701 GC heap before
{Heap before GC invocations=5 (full 1):
 PSYoungGen      total 76288K, used 66070K [0x000000076b380000, 0x0000000773300000, 0x00000007c0000000)
  eden space 65536K, 99% used [0x000000076b380000,0x000000076f37d268,0x000000076f380000)
  from space 10752K, 5% used [0x000000076f380000,0x000000076f408628,0x000000076fe00000)
  to   space 10752K, 0% used [0x0000000772880000,0x0000000772880000,0x0000000773300000)
 ParOldGen       total 127488K, used 8739K [0x00000006c1a00000, 0x00000006c9680000, 0x000000076b380000)
  object space 127488K, 6% used [0x00000006c1a00000,0x00000006c2288e58,0x00000006c9680000)
 Metaspace       used 20683K, capacity 21462K, committed 21632K, reserved 1069056K
  class space    used 2718K, capacity 2917K, committed 2944K, reserved 1048576K
Event: 4.702 GC heap after
Heap after GC invocations=5 (full 1):
 PSYoungGen      total 119808K, used 576K [0x000000076b380000, 0x0000000773880000, 0x00000007c0000000)
  eden space 109056K, 0% used [0x000000076b380000,0x000000076b380000,0x0000000771e00000)
  from space 10752K, 5% used [0x0000000772880000,0x0000000772910208,0x0000000773300000)
  to   space 10752K, 0% used [0x0000000771e00000,0x0000000771e00000,0x0000000772880000)
 ParOldGen       total 127488K, used 8747K [0x00000006c1a00000, 0x00000006c9680000, 0x000000076b380000)
  object space 127488K, 6% used [0x00000006c1a00000,0x00000006c228ae58,0x00000006c9680000)
 Metaspace       used 20683K, capacity 21462K, committed 21632K, reserved 1069056K
  class space    used 2718K, capacity 2917K, committed 2944K, reserved 1048576K
}
Event: 5.539 GC heap before
{Heap before GC invocations=6 (full 1):
 PSYoungGen      total 119808K, used 109632K [0x000000076b380000, 0x0000000773880000, 0x00000007c0000000)
  eden space 109056K, 100% used [0x000000076b380000,0x0000000771e00000,0x0000000771e00000)
  from space 10752K, 5% used [0x0000000772880000,0x0000000772910208,0x0000000773300000)
  to   space 10752K, 0% used [0x0000000771e00000,0x0000000771e00000,0x0000000772880000)
 ParOldGen       total 127488K, used 8747K [0x00000006c1a00000, 0x00000006c9680000, 0x000000076b380000)
  object space 127488K, 6% used [0x00000006c1a00000,0x00000006c228ae58,0x00000006c9680000)
 Metaspace       used 22992K, capacity 23834K, committed 24064K, reserved 1071104K
  class space    used 3046K, capacity 3279K, committed 3328K, reserved 1048576K
Event: 5.546 GC heap after
Heap after GC invocations=6 (full 1):
 PSYoungGen      total 119808K, used 4757K [0x000000076b380000, 0x0000000777c00000, 0x00000007c0000000)
  eden space 109056K, 0% used [0x000000076b380000,0x000000076b380000,0x0000000771e00000)
  from space 10752K, 44% used [0x0000000771e00000,0x00000007722a5650,0x0000000772880000)
  to   space 9728K, 0% used [0x0000000777280000,0x0000000777280000,0x0000000777c00000)
 ParOldGen       total 127488K, used 8755K [0x00000006c1a00000, 0x00000006c9680000, 0x000000076b380000)
  object space 127488K, 6% used [0x00000006c1a00000,0x00000006c228ce58,0x00000006c9680000)
 Metaspace       used 22992K, capacity 23834K, committed 24064K, reserved 1071104K
  class space    used 3046K, capacity 3279K, committed 3328K, reserved 1048576K
}
Event: 7.478 GC heap before
{Heap before GC invocations=7 (full 1):
 PSYoungGen      total 119808K, used 108591K [0x000000076b380000, 0x0000000777c00000, 0x00000007c0000000)
  eden space 109056K, 95% used [0x000000076b380000,0x00000007718e6988,0x0000000771e00000)
  from space 10752K, 44% used [0x0000000771e00000,0x00000007722a5650,0x0000000772880000)
  to   space 9728K, 0% used [0x0000000777280000,0x0000000777280000,0x0000000777c00000)
 ParOldGen       total 127488K, used 8755K [0x00000006c1a00000, 0x00000006c9680000, 0x000000076b380000)
  object space 127488K, 6% used [0x00000006c1a00000,0x00000006c228ce58,0x00000006c9680000)
 Metaspace       used 23792K, capacity 24674K, committed 24832K, reserved 1071104K
  class space    used 3068K, capacity 3293K, committed 3328K, reserved 1048576K
Event: 7.491 GC heap after
Heap after GC invocations=7 (full 1):
 PSYoungGen      total 182784K, used 9713K [0x000000076b380000, 0x0000000779000000, 0x00000007c0000000)
  eden space 173056K, 0% used [0x000000076b380000,0x000000076b380000,0x0000000775c80000)
  from space 9728K, 99% used [0x0000000777280000,0x0000000777bfc7d0,0x0000000777c00000)
  to   space 22528K, 0% used [0x0000000775c80000,0x0000000775c80000,0x0000000777280000)
 ParOldGen       total 127488K, used 26568K [0x00000006c1a00000, 0x00000006c9680000, 0x000000076b380000)
  object space 127488K, 20% used [0x00000006c1a00000,0x00000006c33f2190,0x00000006c9680000)
 Metaspace       used 23792K, capacity 24674K, committed 24832K, reserved 1071104K
  class space    used 3068K, capacity 3293K, committed 3328K, reserved 1048576K
}
Event: 12.230 GC heap before
{Heap before GC invocations=8 (full 1):
 PSYoungGen      total 182784K, used 181739K [0x000000076b380000, 0x0000000779000000, 0x00000007c0000000)
  eden space 173056K, 99% used [0x000000076b380000,0x0000000775b7e678,0x0000000775c80000)
  from space 9728K, 99% used [0x0000000777280000,0x0000000777bfc7d0,0x0000000777c00000)
  to   space 22528K, 0% used [0x0000000775c80000,0x0000000775c80000,0x0000000777280000)
 ParOldGen       total 127488K, used 26568K [0x00000006c1a00000, 0x00000006c9680000, 0x000000076b380000)
  object space 127488K, 20% used [0x00000006c1a00000,0x00000006c33f2190,0x00000006c9680000)
 Metaspace       used 25442K, capacity 26492K, committed 26624K, reserved 1073152K
  class space    used 3249K, capacity 3510K, committed 3584K, reserved 1048576K
Event: 12.240 GC heap after
Heap after GC invocations=8 (full 1):
 PSYoungGen      total 195584K, used 17332K [0x000000076b380000, 0x000000077f380000, 0x00000007c0000000)
  eden space 173056K, 0% used [0x000000076b380000,0x000000076b380000,0x0000000775c80000)
  from space 22528K, 76% used [0x0000000775c80000,0x0000000776d6d2d0,0x0000000777280000)
  to   space 25600K, 0% used [0x000000077da80000,0x000000077da80000,0x000000077f380000)
 ParOldGen       total 127488K, used 26616K [0x00000006c1a00000, 0x00000006c9680000, 0x000000076b380000)
  object space 127488K, 20% used [0x00000006c1a00000,0x00000006c33fe190,0x00000006c9680000)
 Metaspace       used 25442K, capacity 26492K, committed 26624K, reserved 1073152K
  class space    used 3249K, capacity 3510K, committed 3584K, reserved 1048576K
}
Event: 18.069 GC heap before
{Heap before GC invocations=9 (full 1):
 PSYoungGen      total 195584K, used 189213K [0x000000076b380000, 0x000000077f380000, 0x00000007c0000000)
  eden space 173056K, 99% used [0x000000076b380000,0x0000000775b5a268,0x0000000775c80000)
  from space 22528K, 76% used [0x0000000775c80000,0x0000000776d6d2d0,0x0000000777280000)
  to   space 25600K, 0% used [0x000000077da80000,0x000000077da80000,0x000000077f380000)
 ParOldGen       total 127488K, used 26616K [0x00000006c1a00000, 0x00000006c9680000, 0x000000076b380000)
  object space 127488K, 20% used [0x00000006c1a00000,0x00000006c33fe190,0x00000006c9680000)
 Metaspace       used 27042K, capacity 28084K, committed 28288K, reserved 1073152K
  class space    used 3388K, capacity 3628K, committed 3712K, reserved 1048576K
Event: 18.084 GC heap after
Heap after GC invocations=9 (full 1):
 PSYoungGen      total 288768K, used 21708K [0x000000076b380000, 0x000000077f080000, 0x00000007c0000000)
  eden space 266240K, 0% used [0x000000076b380000,0x000000076b380000,0x000000077b780000)
  from space 22528K, 96% used [0x000000077da80000,0x000000077efb3020,0x000000077f080000)
  to   space 29184K, 0% used [0x000000077b780000,0x000000077b780000,0x000000077d400000)
 ParOldGen       total 127488K, used 26624K [0x00000006c1a00000, 0x00000006c9680000, 0x000000076b380000)
  object space 127488K, 20% used [0x00000006c1a00000,0x00000006c3400190,0x00000006c9680000)
 Metaspace       used 27042K, capacity 28084K, committed 28288K, reserved 1073152K
  class space    used 3388K, capacity 3628K, committed 3712K, reserved 1048576K
}

Deoptimization events (10 events):
Event: 12.457 Thread 0x000000001dcee000 Uncommon trap: reason=bimorphic action=maybe_recompile pc=0x0000000002fa69c8 method=javafx.scene.Node.updateLocalToParentTransform()V @ 11
Event: 12.473 Thread 0x000000001dcee000 Uncommon trap: reason=bimorphic action=maybe_recompile pc=0x0000000002fa69c8 method=javafx.scene.Node.updateLocalToParentTransform()V @ 11
Event: 12.490 Thread 0x000000001dcee000 Uncommon trap: reason=bimorphic action=maybe_recompile pc=0x0000000002fa69c8 method=javafx.scene.Node.updateLocalToParentTransform()V @ 11
Event: 14.415 Thread 0x000000001d74e800 Uncommon trap: reason=unstable_if action=reinterpret pc=0x000000000304938c method=com.sun.prism.impl.GlyphCache.getCachedGlyph(II)Lcom/sun/prism/impl/GlyphCache$GlyphData; @ 275
Event: 15.247 Thread 0x000000001d74e800 Uncommon trap: reason=class_check action=maybe_recompile pc=0x0000000003095ce8 method=com.sun.javafx.sg.prism.NGNode.getOpaqueRegion()Lcom/sun/javafx/geom/RectBounds; @ 114
Event: 15.250 Thread 0x000000001d74e800 Uncommon trap: reason=unstable_if action=reinterpret pc=0x000000000305b050 method=com.sun.javafx.sg.prism.NGGroup.clearDirty()V @ 8
Event: 15.255 Thread 0x000000001dcee000 Uncommon trap: reason=null_check action=make_not_entrant pc=0x0000000002f15d14 method=javafx.scene.Node$MiscProperties.getClip()Ljavafx/scene/Node; @ 20
Event: 15.256 Thread 0x000000001dcee000 Uncommon trap: reason=null_check action=make_not_entrant pc=0x0000000002c2a628 method=javafx.scene.Node$MiscProperties.getClip()Ljavafx/scene/Node; @ 20
Event: 18.049 Thread 0x0000000025464800 Uncommon trap: reason=unstable_if action=reinterpret pc=0x0000000002d46cc4 method=sun.net.www.ParseUtil.match(CJJ)Z @ 13
Event: 18.052 Thread 0x000000001d74e800 Uncommon trap: reason=class_check action=maybe_recompile pc=0x0000000003095ce8 method=com.sun.javafx.sg.prism.NGNode.getOpaqueRegion()Lcom/sun/javafx/geom/RectBounds; @ 114

Classes redefined (0 events):
No events

Internal exceptions (10 events):
Event: 6.173 Thread 0x000000001dcee000 Exception <a 'java/io/FileNotFoundException'> (0x000000076b7f1d08) thrown at [C:\re\workspace\8-2-build-windows-amd64-cygwin\jdk8u221\13320\hotspot\src\share\vm\prims\jni.cpp, line 710]
Event: 6.174 Thread 0x000000001dcee000 Exception <a 'java/io/FileNotFoundException'> (0x000000076b7f2e28) thrown at [C:\re\workspace\8-2-build-windows-amd64-cygwin\jdk8u221\13320\hotspot\src\share\vm\prims\jni.cpp, line 710]
Event: 6.175 Thread 0x000000001dcee000 Exception <a 'java/io/FileNotFoundException'> (0x000000076b7f88c8) thrown at [C:\re\workspace\8-2-build-windows-amd64-cygwin\jdk8u221\13320\hotspot\src\share\vm\prims\jni.cpp, line 710]
Event: 6.175 Thread 0x000000001dcee000 Exception <a 'java/io/FileNotFoundException'> (0x000000076b7f9958) thrown at [C:\re\workspace\8-2-build-windows-amd64-cygwin\jdk8u221\13320\hotspot\src\share\vm\prims\jni.cpp, line 710]
Event: 11.617 Thread 0x000000001dcee000 Exception <a 'java/lang/IncompatibleClassChangeError': Found class java.lang.Object, but interface was expected> (0x0000000772932b30) thrown at [C:\re\workspace\8-2-build-windows-amd64-cygwin\jdk8u221\13320\hotspot\src\share\vm\interpreter\linkResolver.cp
Event: 11.618 Thread 0x000000001dcee000 Exception <a 'java/lang/NoSuchMethodError': java.lang.Object.lambda$andThen$0(Ljava/util/function/Consumer;Ljava/lang/Object;)V> (0x000000077293a238) thrown at [C:\re\workspace\8-2-build-windows-amd64-cygwin\jdk8u221\13320\hotspot\src\share\vm\interpreter
Event: 12.240 Thread 0x000000001d74e800 Implicit null exception at 0x0000000002f26cec to 0x0000000002f26d61
Event: 15.255 Thread 0x000000001dcee000 Implicit null exception at 0x0000000002f135eb to 0x0000000002f15d05
Event: 15.256 Thread 0x000000001dcee000 Implicit null exception at 0x0000000002c2a5ce to 0x0000000002c2a61d
Event: 17.731 Thread 0x000000001dcee000 Exception <a 'java/io/FileNotFoundException'> (0x000000077456f698) thrown at [C:\re\workspace\8-2-build-windows-amd64-cygwin\jdk8u221\13320\hotspot\src\share\vm\prims\jni.cpp, line 710]

Events (10 events):
Event: 18.087 Executing VM operation: RevokeBias done
Event: 18.088 Executing VM operation: BulkRevokeBias
Event: 18.088 Executing VM operation: BulkRevokeBias done
Event: 18.088 Executing VM operation: RevokeBias
Event: 18.088 Executing VM operation: RevokeBias done
Event: 18.134 Thread 0x0000000025466000 Thread added: 0x0000000025466000
Event: 18.180 Thread 0x0000000025460000 Thread added: 0x0000000025460000
Event: 18.193 Executing VM operation: RevokeBias
Event: 18.194 Executing VM operation: RevokeBias done
Event: 18.194 Thread 0x0000000025460000 Thread exited: 0x0000000025460000


Dynamic libraries:
0x00007ff717cd0000 - 0x00007ff717d07000 	C:\Program Files\Java\jdk1.8.0_221\bin\javaw.exe
0x00007ffb99820000 - 0x00007ffb99a10000 	C:\WINDOWS\SYSTEM32\ntdll.dll
0x00007ffb980e0000 - 0x00007ffb98192000 	C:\WINDOWS\System32\KERNEL32.DLL
0x00007ffb97370000 - 0x00007ffb97613000 	C:\WINDOWS\System32\KERNELBASE.dll
0x00007ffb986c0000 - 0x00007ffb98763000 	C:\WINDOWS\System32\ADVAPI32.dll
0x00007ffb98d60000 - 0x00007ffb98dfe000 	C:\WINDOWS\System32\msvcrt.dll
0x00007ffb99740000 - 0x00007ffb997d7000 	C:\WINDOWS\System32\sechost.dll
0x00007ffb99500000 - 0x00007ffb99620000 	C:\WINDOWS\System32\RPCRT4.dll
0x00007ffb98b10000 - 0x00007ffb98ca4000 	C:\WINDOWS\System32\USER32.dll
0x00007ffb978a0000 - 0x00007ffb978c1000 	C:\WINDOWS\System32\win32u.dll
0x00007ffb981a0000 - 0x00007ffb981c6000 	C:\WINDOWS\System32\GDI32.dll
0x00007ffb970b0000 - 0x00007ffb97244000 	C:\WINDOWS\System32\gdi32full.dll
0x00007ffb97270000 - 0x00007ffb9730e000 	C:\WINDOWS\System32\msvcp_win.dll
0x00007ffb96f30000 - 0x00007ffb9702a000 	C:\WINDOWS\System32\ucrtbase.dll
0x00007ffb862c0000 - 0x00007ffb86545000 	C:\WINDOWS\WinSxS\amd64_microsoft.windows.common-controls_6595b64144ccf1df_6.0.18362.476_none_e6c4b11b130f2595\COMCTL32.dll
0x00007ffb97cd0000 - 0x00007ffb98006000 	C:\WINDOWS\System32\combase.dll
0x00007ffb97030000 - 0x00007ffb970b0000 	C:\WINDOWS\System32\bcryptPrimitives.dll
0x00007ffb98930000 - 0x00007ffb9895e000 	C:\WINDOWS\System32\IMM32.DLL
0x00000000685c0000 - 0x0000000068692000 	C:\Program Files\Java\jdk1.8.0_221\jre\bin\msvcr100.dll
0x000000006c490000 - 0x000000006cd35000 	C:\Program Files\Java\jdk1.8.0_221\jre\bin\server\jvm.dll
0x00007ffb97950000 - 0x00007ffb97958000 	C:\WINDOWS\System32\PSAPI.DLL
0x00007ffb82950000 - 0x00007ffb82959000 	C:\WINDOWS\SYSTEM32\WSOCK32.dll
0x00007ffb98010000 - 0x00007ffb9807f000 	C:\WINDOWS\System32\WS2_32.dll
0x00007ffb86950000 - 0x00007ffb8695a000 	C:\WINDOWS\SYSTEM32\VERSION.dll
0x00007ffb94750000 - 0x00007ffb94774000 	C:\WINDOWS\SYSTEM32\WINMM.dll
0x00007ffb94720000 - 0x00007ffb9474d000 	C:\WINDOWS\SYSTEM32\WINMMBASE.dll
0x00007ffb97620000 - 0x00007ffb9766a000 	C:\WINDOWS\System32\cfgmgr32.dll
0x00007ffb8f2c0000 - 0x00007ffb8f2cf000 	C:\Program Files\Java\jdk1.8.0_221\jre\bin\verify.dll
0x00007ffb89c70000 - 0x00007ffb89c99000 	C:\Program Files\Java\jdk1.8.0_221\jre\bin\java.dll
0x00007ffb8bf70000 - 0x00007ffb8bf86000 	C:\Program Files\Java\jdk1.8.0_221\jre\bin\zip.dll
0x00007ffb98e00000 - 0x00007ffb994e5000 	C:\WINDOWS\System32\SHELL32.dll
0x00007ffb98cb0000 - 0x00007ffb98d59000 	C:\WINDOWS\System32\shcore.dll
0x00007ffb967b0000 - 0x00007ffb96f2e000 	C:\WINDOWS\System32\windows.storage.dll
0x00007ffb96770000 - 0x00007ffb9678f000 	C:\WINDOWS\System32\profapi.dll
0x00007ffb96720000 - 0x00007ffb9676a000 	C:\WINDOWS\System32\powrprof.dll
0x00007ffb966f0000 - 0x00007ffb96700000 	C:\WINDOWS\System32\UMPDC.dll
0x00007ffb99620000 - 0x00007ffb99672000 	C:\WINDOWS\System32\shlwapi.dll
0x00007ffb96700000 - 0x00007ffb96711000 	C:\WINDOWS\System32\kernel.appcore.dll
0x00007ffb97250000 - 0x00007ffb97267000 	C:\WINDOWS\System32\cryptsp.dll
0x0000000002510000 - 0x0000000002513000 	C:\Program Files\Java\jdk1.8.0_221\jre\bin\api-ms-win-core-console-l1-1-0.dll
0x000000001da60000 - 0x000000001da63000 	C:\Program Files\Java\jdk1.8.0_221\jre\bin\api-ms-win-core-datetime-l1-1-0.dll
0x000000001da70000 - 0x000000001da73000 	C:\Program Files\Java\jdk1.8.0_221\jre\bin\api-ms-win-core-debug-l1-1-0.dll
0x000000001da80000 - 0x000000001da83000 	C:\Program Files\Java\jdk1.8.0_221\jre\bin\api-ms-win-core-errorhandling-l1-1-0.dll
0x000000001da90000 - 0x000000001da94000 	C:\Program Files\Java\jdk1.8.0_221\jre\bin\api-ms-win-core-file-l1-1-0.dll
0x000000001daa0000 - 0x000000001daa3000 	C:\Program Files\Java\jdk1.8.0_221\jre\bin\api-ms-win-core-file-l1-2-0.dll
0x000000001dab0000 - 0x000000001dab3000 	C:\Program Files\Java\jdk1.8.0_221\jre\bin\api-ms-win-core-file-l2-1-0.dll
0x000000001dac0000 - 0x000000001dac3000 	C:\Program Files\Java\jdk1.8.0_221\jre\bin\api-ms-win-core-handle-l1-1-0.dll
0x000000001dad0000 - 0x000000001dad3000 	C:\Program Files\Java\jdk1.8.0_221\jre\bin\api-ms-win-core-heap-l1-1-0.dll
0x000000001dae0000 - 0x000000001dae3000 	C:\Program Files\Java\jdk1.8.0_221\jre\bin\api-ms-win-core-interlocked-l1-1-0.dll
0x000000001daf0000 - 0x000000001daf3000 	C:\Program Files\Java\jdk1.8.0_221\jre\bin\api-ms-win-core-libraryloader-l1-1-0.dll
0x000000001db00000 - 0x000000001db03000 	C:\Program Files\Java\jdk1.8.0_221\jre\bin\api-ms-win-core-localization-l1-2-0.dll
0x000000001db10000 - 0x000000001db13000 	C:\Program Files\Java\jdk1.8.0_221\jre\bin\api-ms-win-core-memory-l1-1-0.dll
0x000000001db20000 - 0x000000001db23000 	C:\Program Files\Java\jdk1.8.0_221\jre\bin\api-ms-win-core-namedpipe-l1-1-0.dll
0x000000001db30000 - 0x000000001db33000 	C:\Program Files\Java\jdk1.8.0_221\jre\bin\api-ms-win-core-processenvironment-l1-1-0.dll
0x000000001db40000 - 0x000000001db43000 	C:\Program Files\Java\jdk1.8.0_221\jre\bin\api-ms-win-core-processthreads-l1-1-0.dll
0x000000001db50000 - 0x000000001db53000 	C:\Program Files\Java\jdk1.8.0_221\jre\bin\api-ms-win-core-processthreads-l1-1-1.dll
0x000000001db60000 - 0x000000001db63000 	C:\Program Files\Java\jdk1.8.0_221\jre\bin\api-ms-win-core-profile-l1-1-0.dll
0x000000001db70000 - 0x000000001db73000 	C:\Program Files\Java\jdk1.8.0_221\jre\bin\api-ms-win-core-rtlsupport-l1-1-0.dll
0x000000001db80000 - 0x000000001db83000 	C:\Program Files\Java\jdk1.8.0_221\jre\bin\api-ms-win-core-string-l1-1-0.dll
0x000000001db90000 - 0x000000001db93000 	C:\Program Files\Java\jdk1.8.0_221\jre\bin\api-ms-win-core-synch-l1-1-0.dll
0x000000001dba0000 - 0x000000001dba3000 	C:\Program Files\Java\jdk1.8.0_221\jre\bin\api-ms-win-core-synch-l1-2-0.dll
0x000000001dbb0000 - 0x000000001dbb3000 	C:\Program Files\Java\jdk1.8.0_221\jre\bin\api-ms-win-core-sysinfo-l1-1-0.dll
0x000000001dbc0000 - 0x000000001dbc3000 	C:\Program Files\Java\jdk1.8.0_221\jre\bin\api-ms-win-core-timezone-l1-1-0.dll
0x000000001dbd0000 - 0x000000001dbd3000 	C:\Program Files\Java\jdk1.8.0_221\jre\bin\api-ms-win-core-util-l1-1-0.dll
0x000000001dbe0000 - 0x000000001dbe3000 	C:\Program Files\Java\jdk1.8.0_221\jre\bin\api-ms-win-crt-conio-l1-1-0.dll
0x000000001dbf0000 - 0x000000001dbf4000 	C:\Program Files\Java\jdk1.8.0_221\jre\bin\api-ms-win-crt-convert-l1-1-0.dll
0x000000001dc00000 - 0x000000001dc03000 	C:\Program Files\Java\jdk1.8.0_221\jre\bin\api-ms-win-crt-environment-l1-1-0.dll
0x000000001dc10000 - 0x000000001dc13000 	C:\Program Files\Java\jdk1.8.0_221\jre\bin\api-ms-win-crt-filesystem-l1-1-0.dll
0x000000001dc20000 - 0x000000001dc23000 	C:\Program Files\Java\jdk1.8.0_221\jre\bin\api-ms-win-crt-heap-l1-1-0.dll
0x000000001dc30000 - 0x000000001dc33000 	C:\Program Files\Java\jdk1.8.0_221\jre\bin\api-ms-win-crt-locale-l1-1-0.dll
0x000000001dc40000 - 0x000000001dc45000 	C:\Program Files\Java\jdk1.8.0_221\jre\bin\api-ms-win-crt-math-l1-1-0.dll
0x000000001dc50000 - 0x000000001dc55000 	C:\Program Files\Java\jdk1.8.0_221\jre\bin\api-ms-win-crt-multibyte-l1-1-0.dll
0x000000001dc60000 - 0x000000001dc70000 	C:\Program Files\Java\jdk1.8.0_221\jre\bin\api-ms-win-crt-private-l1-1-0.dll
0x000000001dc70000 - 0x000000001dc73000 	C:\Program Files\Java\jdk1.8.0_221\jre\bin\api-ms-win-crt-process-l1-1-0.dll
0x000000001dc80000 - 0x000000001dc84000 	C:\Program Files\Java\jdk1.8.0_221\jre\bin\api-ms-win-crt-runtime-l1-1-0.dll
0x000000001dc90000 - 0x000000001dc94000 	C:\Program Files\Java\jdk1.8.0_221\jre\bin\api-ms-win-crt-stdio-l1-1-0.dll
0x000000001dca0000 - 0x000000001dca4000 	C:\Program Files\Java\jdk1.8.0_221\jre\bin\api-ms-win-crt-string-l1-1-0.dll
0x000000001dcb0000 - 0x000000001dcb3000 	C:\Program Files\Java\jdk1.8.0_221\jre\bin\api-ms-win-crt-time-l1-1-0.dll
0x000000001dcc0000 - 0x000000001dcc3000 	C:\Program Files\Java\jdk1.8.0_221\jre\bin\api-ms-win-crt-utility-l1-1-0.dll
0x00007ffb44f20000 - 0x00007ffb45016000 	C:\Program Files\Java\jdk1.8.0_221\jre\bin\ucrtbase.dll
0x00007ffb8bfb0000 - 0x00007ffb8bfc6000 	C:\Program Files\Java\jdk1.8.0_221\jre\bin\vcruntime140.dll
0x00007ffb53ad0000 - 0x00007ffb53b7a000 	C:\Program Files\Java\jdk1.8.0_221\jre\bin\msvcp140.dll
0x00007ffb6d870000 - 0x00007ffb6d8c4000 	C:\Program Files\Java\jdk1.8.0_221\jre\bin\concrt140.dll
0x00007ffb86f40000 - 0x00007ffb86f63000 	C:\Program Files\Java\jdk1.8.0_221\jre\bin\prism_d3d.dll
0x00007ffb52a70000 - 0x00007ffb52c37000 	C:\WINDOWS\system32\d3d9.dll
0x00007ffb94a70000 - 0x00007ffb94a9d000 	C:\WINDOWS\SYSTEM32\dwmapi.dll
0x00007ffb95390000 - 0x00007ffb953b0000 	C:\WINDOWS\SYSTEM32\dxcore.dll
0x00007ffb94980000 - 0x00007ffb94a19000 	C:\WINDOWS\system32\uxtheme.dll
0x00007ffb42980000 - 0x00007ffb44ebd000 	C:\WINDOWS\SYSTEM32\igdumdim64.dll
0x00007ffb97a30000 - 0x00007ffb97af4000 	C:\WINDOWS\System32\OLEAUT32.dll
0x00007ffb987d0000 - 0x00007ffb98926000 	C:\WINDOWS\System32\ole32.dll
0x00007ffb98250000 - 0x00007ffb986c0000 	C:\WINDOWS\System32\SETUPAPI.dll
0x00007ffb97670000 - 0x00007ffb97696000 	C:\WINDOWS\System32\bcrypt.dll
0x00007ffb6d780000 - 0x00007ffb6d7c9000 	C:\Program Files\Java\jdk1.8.0_221\jre\bin\glass.dll
0x00007ffb97960000 - 0x00007ffb97a30000 	C:\WINDOWS\System32\COMDLG32.dll
0x00007ffb97b90000 - 0x00007ffb97cc6000 	C:\WINDOWS\System32\MSCTF.dll
0x00007ffb8cce0000 - 0x00007ffb8d71f000 	C:\WINDOWS\SYSTEM32\igdusc64.dll
0x00007ffb89ca0000 - 0x00007ffb89cb4000 	C:\Program Files\Java\jdk1.8.0_221\jre\bin\javafx_font.dll
0x00007ffb8d8e0000 - 0x00007ffb8dbde000 	C:\WINDOWS\SYSTEM32\dwrite.dll
0x00007ffb95ad0000 - 0x00007ffb95b03000 	C:\WINDOWS\system32\rsaenh.dll
0x00007ffb96610000 - 0x00007ffb96635000 	C:\WINDOWS\SYSTEM32\USERENV.dll
0x00007ffb96130000 - 0x00007ffb9613c000 	C:\WINDOWS\SYSTEM32\CRYPTBASE.dll
0x00007ffb8bd30000 - 0x00007ffb8bd4a000 	C:\Program Files\Java\jdk1.8.0_221\jre\bin\net.dll
0x00007ffb8fda0000 - 0x00007ffb8ff76000 	C:\WINDOWS\SYSTEM32\urlmon.dll
0x00007ffb902a0000 - 0x00007ffb90546000 	C:\WINDOWS\SYSTEM32\iertutil.dll
0x00007ffb95f60000 - 0x00007ffb95fc7000 	C:\WINDOWS\system32\mswsock.dll
0x00007ffb95c70000 - 0x00007ffb95caa000 	C:\WINDOWS\SYSTEM32\IPHLPAPI.DLL
0x00007ffb99730000 - 0x00007ffb99738000 	C:\WINDOWS\System32\NSI.dll
0x00007ffb8f170000 - 0x00007ffb8f186000 	C:\WINDOWS\SYSTEM32\dhcpcsvc6.DLL
0x00007ffb8dc80000 - 0x00007ffb8dc9c000 	C:\WINDOWS\SYSTEM32\dhcpcsvc.DLL
0x00007ffb95cb0000 - 0x00007ffb95d7a000 	C:\WINDOWS\SYSTEM32\DNSAPI.dll
0x00007ffb8aac0000 - 0x00007ffb8aad2000 	C:\Program Files\Java\jdk1.8.0_221\jre\bin\nio.dll
0x00007ffb1cb20000 - 0x00007ffb20b7b000 	C:\Program Files\Java\jdk1.8.0_221\jre\bin\jfxwebkit.dll
0x00007ffb86f70000 - 0x00007ffb86f94000 	C:\Program Files\Java\jdk1.8.0_221\jre\bin\sunec.dll
0x00007ffb99680000 - 0x00007ffb99722000 	C:\WINDOWS\System32\clbcatq.dll
0x00007ffb8e050000 - 0x00007ffb8e1ff000 	C:\WINDOWS\SYSTEM32\WindowsCodecs.dll
0x00007ffb6f8d0000 - 0x00007ffb6f90a000 	C:\WINDOWS\system32\dataexchange.dll
0x00007ffb93390000 - 0x00007ffb935eb000 	C:\WINDOWS\system32\d3d11.dll
0x00007ffb93690000 - 0x00007ffb9386b000 	C:\WINDOWS\system32\dcomp.dll
0x00007ffb954b0000 - 0x00007ffb9559b000 	C:\WINDOWS\system32\dxgi.dll
0x00007ffb94aa0000 - 0x00007ffb94cfa000 	C:\WINDOWS\system32\twinapi.appcore.dll
0x00007ffb94f80000 - 0x00007ffb94fa9000 	C:\WINDOWS\system32\RMCLIENT.dll
0x00007ffb83060000 - 0x00007ffb83093000 	C:\Program Files\Common Files\Microsoft Shared\Ink\rtscom.dll
0x00007ffb935f0000 - 0x00007ffb9368e000 	C:\WINDOWS\System32\TextInputFramework.dll
0x00007ffb92e50000 - 0x00007ffb9317a000 	C:\WINDOWS\System32\CoreUIComponents.dll
0x00007ffb95690000 - 0x00007ffb956c1000 	C:\WINDOWS\SYSTEM32\ntmarta.dll
0x00007ffb939d0000 - 0x00007ffb93aa4000 	C:\WINDOWS\System32\CoreMessaging.dll
0x00007ffb92730000 - 0x00007ffb92883000 	C:\WINDOWS\SYSTEM32\wintypes.dll

VM Arguments:
jvm_args: -Dfile.encoding=UTF-8 
java_command: pl.B4GU5.TW.Main
java_class_path (initial): C:\Users\mbn\eclipse-workspace\TW2\target\classes;C:\Users\mbn\.m2\repository\org\json\json\20190722\json-20190722.jar;C:\Users\mbn\.m2\repository\org\jfxtras\jmetro\8.6-RC-06\jmetro-8.6-RC-06.jar;C:\Users\mbn\.m2\repository\org\controlsfx\controlsfx\8.40.14\controlsfx-8.40.14.jar;C:\Users\mbn\.m2\repository\de\jensd\fontawesomefx\8.9\fontawesomefx-8.9.jar;C:\Users\mbn\.m2\repository\com\jfoenix\jfoenix\8.0.9\jfoenix-8.0.9.jar;C:\Users\mbn\.m2\repository\de\schlegel11\jfxanimation\2.0.0\jfxanimation-2.0.0.jar;C:\Users\mbn\.m2\repository\uk\co\rx14\jmclaunchlib\jMCLaunchLib\0.3.1\jMCLaunchLib-0.3.1.jar;C:\Users\mbn\.m2\repository\org\codehaus\groovy\groovy-all\2.3.11\groovy-all-2.3.11-indy.jar;C:\Users\mbn\.m2\repository\com\mashape\unirest\unirest-java\1.4.5\unirest-java-1.4.5.jar;C:\Users\mbn\.m2\repository\org\apache\httpcomponents\httpclient\4.3.6\httpclient-4.3.6.jar;C:\Users\mbn\.m2\repository\org\apache\httpcomponents\httpcore\4.3.3\httpcore-4.3.3.jar;C:\Users\mbn\.m2\repository\org\apache\httpcomponents\httpasyncclient\4.0.2\httpasyncclient-4.0.2.jar;C:\Users\mbn\.m2\repository\org\apache\httpcomponents\httpcore-nio\4.3.2\httpcore-nio-4.3.2.jar;C:\Users\mbn\.m2\repository\org\apache\httpcomponents\httpmime\4.3.6\httpmime-4.3.6.jar;C:\Users\mbn\.m2\repository\commons-codec\commons-codec\1.10\commons-codec-1.10.jar;C:\Users\mbn\.m2\repository\org\tukaani\xz\1.5\xz-1.5.jar;C:\Users\mbn\.m2\repository\commons-io\commons-io\2.4\commons-io-2.4.jar;C:\Users\mbn\.m2\repository\commons-logging\commons-logging\1.2\commons-logging-1.2.jar;C:\Users\mbn\.m2\repository\org\codefx\libfx\LibFX\0.3.0\LibFX-0.3.0.jar;C:\Users\mbn\.m2\repository\org\apache\commons\commons-lang3\3.0\commons-lang3-3.0.jar
Launcher Type: SUN_STANDARD

Environment Variables:
PATH=C:/Program Files/Java/jdk1.8.0_221/bin/../jre/bin/server;C:/Program Files/Java/jdk1.8.0_221/bin/../jre/bin;C:/Program Files/Java/jdk1.8.0_221/bin/../jre/lib/amd64;C:\Program Files (x86)\Common Files\Oracle\Java\javapath;C:\ProgramData\Oracle\Java\javapath;C:\Program Files (x86)\Intel\Intel(R) Management Engine Components\iCLS\;C:\Program Files\Intel\Intel(R) Management Engine Components\iCLS\;C:\WINDOWS\system32;C:\WINDOWS;C:\WINDOWS\System32\Wbem;C:\WINDOWS\System32\WindowsPowerShell\v1.0\;C:\WINDOWS\System32\OpenSSH\;C:\Program Files (x86)\Intel\Intel(R) Management Engine Components\DAL;C:\Program Files\Intel\Intel(R) Management Engine Components\DAL;C:\Program Files\Intel\WiFi\bin\;C:\Program Files\Common Files\Intel\WirelessCommon\;C:\Program Files (x86)\PuTTY\;C:\Program Files\Git\cmd;C:\Users\mbn\AppData\Local\Microsoft\WindowsApps;;C:\Users\mbn\Desktop;
USERNAME=mbn
OS=Windows_NT
PROCESSOR_IDENTIFIER=Intel64 Family 6 Model 61 Stepping 4, GenuineIntel



---------------  S Y S T E M  ---------------

OS: Windows 10.0 , 64 bit Build 18362 (10.0.18362.329)

CPU:total 4 (initial active 4) (2 cores per cpu, 2 threads per core) family 6 model 61 stepping 4, cmov, cx8, fxsr, mmx, sse, sse2, sse3, ssse3, sse4.1, sse4.2, popcnt, avx, avx2, aes, clmul, erms, rtm, 3dnowpref, lzcnt, ht, tsc, tscinvbit, bmi1, bmi2, adx

Memory: 4k page, physical 16666048k(8544392k free), swap 19156416k(8992228k free)

vm_info: Java HotSpot(TM) 64-Bit Server VM (25.221-b11) for windows-amd64 JRE (1.8.0_221-b11), built on Jul  4 2019 04:39:29 by "java_re" with MS VC++ 10.0 (VS2010)

time: Mon Dec 02 14:05:15 2019
timezone: Central European Standard Time
elapsed time: 18 seconds (0d 0h 0m 18s)

