#
# A fatal error has been detected by the Java Runtime Environment:
#
#  EXCEPTION_ACCESS_VIOLATION (0xc0000005) at pc=0x00007ffb1d7580f0, pid=7284, tid=0x0000000000003938
#
# JRE version: Java(TM) SE Runtime Environment (8.0_221-b11) (build 1.8.0_221-b11)
# Java VM: Java HotSpot(TM) 64-Bit Server VM (25.221-b11 mixed mode windows-amd64 compressed oops)
# Problematic frame:
# C  [jfxwebkit.dll+0xc380f0]
#
# Failed to write core dump. Minidumps are not enabled by default on client versions of Windows
#
# If you would like to submit a bug report, please visit:
#   http://bugreport.java.com/bugreport/crash.jsp
# The crash happened outside the Java Virtual Machine in native code.
# See problematic frame for where to report the bug.
#

---------------  T H R E A D  ---------------

Current thread (0x000000001de1e800):  JavaThread "JavaFX Application Thread" [_thread_in_native, id=14648, stack(0x000000001e700000,0x000000001e800000)]

siginfo: ExceptionCode=0xc0000005, reading address 0x0000000000000048

Registers:
RAX=0x0000e30abd47f2c7, RBX=0x000000001e7fd010, RCX=0x0000000000000048, RDX=0x0000000000000000
RSP=0x000000001e7fcea8, RBP=0x000000001e7fcf19, RSI=0x0000000000000000, RDI=0x000000001e7fd040
R8 =0x000000001e7fd010, R9 =0x0000000000000000, R10=0x000000006e4c2240, R11=0x0000000000000000
R12=0x000000006e4c21f0, R13=0x0000000000000048, R14=0x000000006e0bd2b0, R15=0x0000000000000000
RIP=0x00007ffb1d7580f0, EFLAGS=0x0000000000010246

Top of Stack: (sp=0x000000001e7fcea8)
0x000000001e7fcea8:   00007ffb1d71298d 0000000000000000
0x000000001e7fceb8:   0000000000000000 0000000000000052
0x000000001e7fcec8:   00007ffb1d742497 000000001e7fcf40
0x000000001e7fced8:   00007ffb96f414cb 000000006d7dc070
0x000000001e7fcee8:   0000000000000000 0000000000000000
0x000000001e7fcef8:   0000e30abd47f2a7 000000006e4c21f0
0x000000001e7fcf08:   0000000000000000 000000001e7fcfb8
0x000000001e7fcf18:   00007ffb1df62809 0000000000000000
0x000000001e7fcf28:   0000000000000017 0000000000000000
0x000000001e7fcf38:   00007ffb1d711236 0000e30abd47f2c7
0x000000001e7fcf48:   00007ffb1d7459d8 0000000000000000
0x000000001e7fcf58:   0000000000000000 0000000000000017
0x000000001e7fcf68:   000000001e7fd008 000000001e7fd080
0x000000001e7fcf78:   00007ffb1d7304aa 000000006e0bd2c8
0x000000001e7fcf88:   000000001e7fd008 000000001e7fd080
0x000000001e7fcf98:   00007ffb9985ba17 00000000009c0000 

Instructions: (pc=0x00007ffb1d7580f0)
0x00007ffb1d7580d0:   48 8b 49 68 ff c0 48 85 c9 75 f5 c3 cc cc cc cc
0x00007ffb1d7580e0:   cc cc cc cc cc cc cc cc cc cc cc cc cc cc cc cc
0x00007ffb1d7580f0:   48 8b 01 48 85 c0 74 17 0f 1f 84 00 00 00 00 00
0x00007ffb1d758100:   48 8b c8 48 8b 40 50 48 85 c0 75 f4 48 8b c1 c3 


Register to memory mapping:

RAX=0x0000e30abd47f2c7 is an unknown value
RBX=0x000000001e7fd010 is pointing into the stack for thread: 0x000000001de1e800
RCX=0x0000000000000048 is an unknown value
RDX=0x0000000000000000 is an unknown value
RSP=0x000000001e7fcea8 is pointing into the stack for thread: 0x000000001de1e800
RBP=0x000000001e7fcf19 is pointing into the stack for thread: 0x000000001de1e800
RSI=0x0000000000000000 is an unknown value
RDI=0x000000001e7fd040 is pointing into the stack for thread: 0x000000001de1e800
R8 =0x000000001e7fd010 is pointing into the stack for thread: 0x000000001de1e800
R9 =0x0000000000000000 is an unknown value
R10=0x000000006e4c2240 is an unknown value
R11=0x0000000000000000 is an unknown value
R12=0x000000006e4c21f0 is an unknown value
R13=0x0000000000000048 is an unknown value
R14=0x000000006e0bd2b0 is an unknown value
R15=0x0000000000000000 is an unknown value


Stack: [0x000000001e700000,0x000000001e800000],  sp=0x000000001e7fcea8,  free space=1011k
Native frames: (J=compiled Java code, j=interpreted, Vv=VM code, C=native code)
C  [jfxwebkit.dll+0xc380f0]

Java frames: (J=compiled Java code, j=interpreted, Vv=VM code)
j  com.sun.webkit.network.URLLoader.twkDidReceiveResponse(ILjava/lang/String;Ljava/lang/String;JLjava/lang/String;Ljava/lang/String;J)V+0
j  com.sun.webkit.network.URLLoader.notifyDidReceiveResponse(ILjava/lang/String;Ljava/lang/String;JLjava/lang/String;Ljava/lang/String;)V+91
j  com.sun.webkit.network.URLLoader.lambda$didReceiveResponse$3(ILjava/lang/String;Ljava/lang/String;JLjava/lang/String;Ljava/lang/String;)V+17
j  com.sun.webkit.network.URLLoader$$Lambda$229.run()V+28
J 3304 C1 com.sun.javafx.application.PlatformImpl$$Lambda$49.run()Ljava/lang/Object; (8 bytes) @ 0x0000000003615e8c [0x0000000003615d40+0x14c]
v  ~StubRoutines::call_stub
J 2491  java.security.AccessController.doPrivileged(Ljava/security/PrivilegedAction;Ljava/security/AccessControlContext;)Ljava/lang/Object; (0 bytes) @ 0x000000000348d0e6 [0x000000000348d080+0x66]
J 3167 C1 com.sun.javafx.application.PlatformImpl.lambda$runLater$6(Ljava/lang/Runnable;Ljava/security/AccessControlContext;)V (38 bytes) @ 0x00000000035c555c [0x00000000035c5140+0x41c]
J 3166 C1 com.sun.javafx.application.PlatformImpl$$Lambda$48.run()V (12 bytes) @ 0x00000000035c4d8c [0x00000000035c4d00+0x8c]
J 3249 C1 com.sun.glass.ui.InvokeLaterDispatcher$Future.run()V (91 bytes) @ 0x00000000035ea814 [0x00000000035ea700+0x114]
v  ~StubRoutines::call_stub
j  com.sun.glass.ui.win.WinApplication._runLoop(Ljava/lang/Runnable;)V+0
j  com.sun.glass.ui.win.WinApplication.lambda$null$3(ILjava/lang/Runnable;)V+8
j  com.sun.glass.ui.win.WinApplication$$Lambda$37.run()V+12
j  java.lang.Thread.run()V+11
v  ~StubRoutines::call_stub

---------------  P R O C E S S  ---------------

Java Threads: ( => current thread )
  0x000000002602d000 JavaThread "URL-Loader-22" daemon [_thread_blocked, id=9548, stack(0x00000000697f0000,0x00000000698f0000)]
  0x0000000026030000 JavaThread "URL-Loader-21" daemon [_thread_blocked, id=15152, stack(0x00000000673e0000,0x00000000674e0000)]
  0x0000000026033000 JavaThread "Keep-Alive-Timer" daemon [_thread_blocked, id=15120, stack(0x00000000696f0000,0x00000000697f0000)]
  0x000000002602e800 JavaThread "URL-Loader-20" daemon [_thread_blocked, id=2548, stack(0x000000006bdf0000,0x000000006bef0000)]
  0x0000000025acb800 JavaThread "Thread-6" daemon [_thread_in_native, id=4196, stack(0x000000006a8f0000,0x000000006a9f0000)]
  0x0000000025ad1800 JavaThread "URL-Loader-18" daemon [_thread_blocked, id=2520, stack(0x000000006a6f0000,0x000000006a7f0000)]
  0x0000000025ace800 JavaThread "URL-Loader-13" daemon [_thread_blocked, id=14536, stack(0x000000006a1f0000,0x000000006a2f0000)]
  0x0000000025ac9000 JavaThread "URL-Loader-7" daemon [_thread_blocked, id=2948, stack(0x0000000069bf0000,0x0000000069cf0000)]
  0x0000000025a6c000 JavaThread "URL-Loader-6" daemon [_thread_blocked, id=10580, stack(0x0000000069af0000,0x0000000069bf0000)]
  0x0000000025a6b000 JavaThread "URL-Loader-5" daemon [_thread_blocked, id=9260, stack(0x00000000699f0000,0x0000000069af0000)]
  0x0000000023631000 JavaThread "Disposer" daemon [_thread_blocked, id=14768, stack(0x00000000670e0000,0x00000000671e0000)]
  0x00000000233bf800 JavaThread "Prism Font Disposer" daemon [_thread_blocked, id=7496, stack(0x00000000257f0000,0x00000000258f0000)]
  0x000000002315e800 JavaThread "Thread-3" daemon [_thread_in_native, id=10632, stack(0x00000000238d0000,0x00000000239d0000)]
  0x000000001de2e800 JavaThread "JavaFX-Launcher" [_thread_blocked, id=13048, stack(0x00000000239d0000,0x0000000023ad0000)]
=>0x000000001de1e800 JavaThread "JavaFX Application Thread" [_thread_in_native, id=14648, stack(0x000000001e700000,0x000000001e800000)]
  0x000000001de1a800 JavaThread "Thread-1" daemon [_thread_blocked, id=8108, stack(0x000000001e600000,0x000000001e700000)]
  0x000000001ddd9800 JavaThread "QuantumRenderer-0" daemon [_thread_blocked, id=1772, stack(0x000000001e360000,0x000000001e460000)]
  0x000000001da38000 JavaThread "Service Thread" daemon [_thread_blocked, id=984, stack(0x000000001e030000,0x000000001e130000)]
  0x000000001da32800 JavaThread "C1 CompilerThread2" daemon [_thread_blocked, id=5060, stack(0x000000001df30000,0x000000001e030000)]
  0x000000001c31e800 JavaThread "C2 CompilerThread1" daemon [_thread_blocked, id=15104, stack(0x000000001de30000,0x000000001df30000)]
  0x000000001c2c6800 JavaThread "C2 CompilerThread0" daemon [_thread_blocked, id=11500, stack(0x000000001d930000,0x000000001da30000)]
  0x000000001c2c5000 JavaThread "Attach Listener" daemon [_thread_blocked, id=7180, stack(0x000000001d830000,0x000000001d930000)]
  0x000000001c2c3800 JavaThread "Signal Dispatcher" daemon [_thread_blocked, id=11268, stack(0x000000001d730000,0x000000001d830000)]
  0x0000000002cdb800 JavaThread "Finalizer" daemon [_thread_blocked, id=14356, stack(0x000000001d530000,0x000000001d630000)]
  0x000000001c2aa000 JavaThread "Reference Handler" daemon [_thread_blocked, id=10416, stack(0x000000001d430000,0x000000001d530000)]
  0x0000000002be2800 JavaThread "main" [_thread_blocked, id=9044, stack(0x0000000002ae0000,0x0000000002be0000)]

Other Threads:
  0x000000001c288000 VMThread [stack: 0x000000001d330000,0x000000001d430000] [id=236]
  0x000000001da52000 WatcherThread [stack: 0x000000001e130000,0x000000001e230000] [id=2312]

VM state:not at safepoint (normal execution)

VM Mutex/Monitor currently owned by a thread: None

heap address: 0x00000006c1a00000, size: 4070 MB, Compressed Oops mode: Zero based, Oop shift amount: 3
Narrow klass base: 0x0000000000000000, Narrow klass shift: 3
Compressed class space size: 1073741824 Address: 0x00000007c0000000

Heap:
 PSYoungGen      total 309248K, used 183816K [0x000000076b380000, 0x0000000785d80000, 0x00000007c0000000)
  eden space 283648K, 62% used [0x000000076b380000,0x0000000776015fe0,0x000000077c880000)
  from space 25600K, 27% used [0x000000077c880000,0x000000077cf6c3d8,0x000000077e180000)
  to   space 24064K, 0% used [0x0000000784600000,0x0000000784600000,0x0000000785d80000)
 ParOldGen       total 126464K, used 35763K [0x00000006c1a00000, 0x00000006c9580000, 0x000000076b380000)
  object space 126464K, 28% used [0x00000006c1a00000,0x00000006c3cece40,0x00000006c9580000)
 Metaspace       used 25421K, capacity 26360K, committed 26496K, reserved 1073152K
  class space    used 3192K, capacity 3416K, committed 3456K, reserved 1048576K

Card table byte_map: [0x00000000120a0000,0x00000000128a0000] byte_map_base: 0x000000000ea93000

Marking Bits: (ParMarkBitMap*) 0x000000006ccb5ce0
 Begin Bits: [0x00000000131f0000, 0x0000000017188000)
 End Bits:   [0x0000000017188000, 0x000000001b120000)

Polling page: 0x0000000001030000

CodeCache: size=245760Kb used=13280Kb max_used=13280Kb free=232479Kb
 bounds [0x0000000002ce0000, 0x00000000039f0000, 0x0000000011ce0000]
 total_blobs=5028 nmethods=4213 adapters=724
 compilation: enabled

Compilation events (10 events):
Event: 18.646 Thread 0x000000001da32800 4685       1       java.util.Calendar::internalSet (8 bytes)
Event: 18.646 Thread 0x000000001da32800 nmethod 4685 0x00000000039e3bd0 code [0x00000000039e3d20, 0x00000000039e3e50]
Event: 18.646 Thread 0x000000001da32800 4684       3       java.util.Calendar::isExternallySet (16 bytes)
Event: 18.646 Thread 0x000000001da32800 nmethod 4684 0x00000000039e3790 code [0x00000000039e3900, 0x00000000039e3ad0]
Event: 18.646 Thread 0x000000001da32800 4686       3       java.util.Locale::hashCode (41 bytes)
Event: 18.646 Thread 0x000000001da32800 nmethod 4686 0x00000000039e3190 code [0x00000000039e3300, 0x00000000039e3678]
Event: 18.646 Thread 0x000000001da32800 4687       1       java.util.TreeMap$Entry::getKey (5 bytes)
Event: 18.646 Thread 0x000000001da32800 nmethod 4687 0x00000000039ddf10 code [0x00000000039de060, 0x00000000039de170]
Event: 18.646 Thread 0x000000001da32800 4688       1       java.util.TreeMap$Entry::getValue (5 bytes)
Event: 18.646 Thread 0x000000001da32800 nmethod 4688 0x00000000039e2ed0 code [0x00000000039e3020, 0x00000000039e3130]

GC Heap History (10 events):
Event: 5.558 GC heap before
{Heap before GC invocations=6 (full 1):
 PSYoungGen      total 120320K, used 110229K [0x000000076b380000, 0x0000000773900000, 0x00000007c0000000)
  eden space 109568K, 100% used [0x000000076b380000,0x0000000771e80000,0x0000000771e80000)
  from space 10752K, 6% used [0x0000000772900000,0x00000007729a5720,0x0000000773380000)
  to   space 10752K, 0% used [0x0000000771e80000,0x0000000771e80000,0x0000000772900000)
 ParOldGen       total 126464K, used 8717K [0x00000006c1a00000, 0x00000006c9580000, 0x000000076b380000)
  object space 126464K, 6% used [0x00000006c1a00000,0x00000006c22836a0,0x00000006c9580000)
 Metaspace       used 22916K, capacity 23754K, committed 23808K, reserved 1069056K
  class space    used 3044K, capacity 3277K, committed 3328K, reserved 1048576K
Event: 5.565 GC heap after
Heap after GC invocations=6 (full 1):
 PSYoungGen      total 120320K, used 4761K [0x000000076b380000, 0x0000000777e80000, 0x00000007c0000000)
  eden space 109568K, 0% used [0x000000076b380000,0x000000076b380000,0x0000000771e80000)
  from space 10752K, 44% used [0x0000000771e80000,0x0000000772326438,0x0000000772900000)
  to   space 9728K, 0% used [0x0000000777500000,0x0000000777500000,0x0000000777e80000)
 ParOldGen       total 126464K, used 8725K [0x00000006c1a00000, 0x00000006c9580000, 0x000000076b380000)
  object space 126464K, 6% used [0x00000006c1a00000,0x00000006c22856a0,0x00000006c9580000)
 Metaspace       used 22916K, capacity 23754K, committed 23808K, reserved 1069056K
  class space    used 3044K, capacity 3277K, committed 3328K, reserved 1048576K
}
Event: 7.690 GC heap before
{Heap before GC invocations=7 (full 1):
 PSYoungGen      total 120320K, used 114329K [0x000000076b380000, 0x0000000777e80000, 0x00000007c0000000)
  eden space 109568K, 100% used [0x000000076b380000,0x0000000771e80000,0x0000000771e80000)
  from space 10752K, 44% used [0x0000000771e80000,0x0000000772326438,0x0000000772900000)
  to   space 9728K, 0% used [0x0000000777500000,0x0000000777500000,0x0000000777e80000)
 ParOldGen       total 126464K, used 8725K [0x00000006c1a00000, 0x00000006c9580000, 0x000000076b380000)
  object space 126464K, 6% used [0x00000006c1a00000,0x00000006c22856a0,0x00000006c9580000)
 Metaspace       used 23789K, capacity 24668K, committed 24832K, reserved 1071104K
  class space    used 3068K, capacity 3292K, committed 3328K, reserved 1048576K
Event: 7.701 GC heap after
Heap after GC invocations=7 (full 1):
 PSYoungGen      total 185344K, used 9710K [0x000000076b380000, 0x0000000779200000, 0x00000007c0000000)
  eden space 175616K, 0% used [0x000000076b380000,0x000000076b380000,0x0000000775f00000)
  from space 9728K, 99% used [0x0000000777500000,0x0000000777e7ba78,0x0000000777e80000)
  to   space 22528K, 0% used [0x0000000775f00000,0x0000000775f00000,0x0000000777500000)
 ParOldGen       total 126464K, used 26277K [0x00000006c1a00000, 0x00000006c9580000, 0x000000076b380000)
  object space 126464K, 20% used [0x00000006c1a00000,0x00000006c33a96f8,0x00000006c9580000)
 Metaspace       used 23789K, capacity 24668K, committed 24832K, reserved 1071104K
  class space    used 3068K, capacity 3292K, committed 3328K, reserved 1048576K
}
Event: 9.094 GC heap before
{Heap before GC invocations=8 (full 1):
 PSYoungGen      total 185344K, used 185326K [0x000000076b380000, 0x0000000779200000, 0x00000007c0000000)
  eden space 175616K, 100% used [0x000000076b380000,0x0000000775f00000,0x0000000775f00000)
  from space 9728K, 99% used [0x0000000777500000,0x0000000777e7ba78,0x0000000777e80000)
  to   space 22528K, 0% used [0x0000000775f00000,0x0000000775f00000,0x0000000777500000)
 ParOldGen       total 126464K, used 26277K [0x00000006c1a00000, 0x00000006c9580000, 0x000000076b380000)
  object space 126464K, 20% used [0x00000006c1a00000,0x00000006c33a96f8,0x00000006c9580000)
 Metaspace       used 24632K, capacity 25528K, committed 25728K, reserved 1071104K
  class space    used 3164K, capacity 3400K, committed 3456K, reserved 1048576K
Event: 9.102 GC heap after
Heap after GC invocations=8 (full 1):
 PSYoungGen      total 198144K, used 15427K [0x000000076b380000, 0x000000077f980000, 0x00000007c0000000)
  eden space 175616K, 0% used [0x000000076b380000,0x000000076b380000,0x0000000775f00000)
  from space 22528K, 68% used [0x0000000775f00000,0x0000000776e10f28,0x0000000777500000)
  to   space 24576K, 0% used [0x000000077e180000,0x000000077e180000,0x000000077f980000)
 ParOldGen       total 126464K, used 26408K [0x00000006c1a00000, 0x00000006c9580000, 0x000000076b380000)
  object space 126464K, 20% used [0x00000006c1a00000,0x00000006c33ca130,0x00000006c9580000)
 Metaspace       used 24632K, capacity 25528K, committed 25728K, reserved 1071104K
  class space    used 3164K, capacity 3400K, committed 3456K, reserved 1048576K
}
Event: 9.436 GC heap before
{Heap before GC invocations=9 (full 1):
 PSYoungGen      total 198144K, used 188173K [0x000000076b380000, 0x000000077f980000, 0x00000007c0000000)
  eden space 175616K, 98% used [0x000000076b380000,0x0000000775c32688,0x0000000775f00000)
  from space 22528K, 68% used [0x0000000775f00000,0x0000000776e10f28,0x0000000777500000)
  to   space 24576K, 0% used [0x000000077e180000,0x000000077e180000,0x000000077f980000)
 ParOldGen       total 126464K, used 26408K [0x00000006c1a00000, 0x00000006c9580000, 0x000000076b380000)
  object space 126464K, 20% used [0x00000006c1a00000,0x00000006c33ca130,0x00000006c9580000)
 Metaspace       used 24665K, capacity 25592K, committed 25728K, reserved 1071104K
  class space    used 3164K, capacity 3400K, committed 3456K, reserved 1048576K
Event: 9.442 GC heap after
Heap after GC invocations=9 (full 1):
 PSYoungGen      total 308224K, used 15330K [0x000000076b380000, 0x000000077fc80000, 0x00000007c0000000)
  eden space 283648K, 0% used [0x000000076b380000,0x000000076b380000,0x000000077c880000)
  from space 24576K, 62% used [0x000000077e180000,0x000000077f078ab8,0x000000077f980000)
  to   space 25600K, 0% used [0x000000077c880000,0x000000077c880000,0x000000077e180000)
 ParOldGen       total 126464K, used 26416K [0x00000006c1a00000, 0x00000006c9580000, 0x000000076b380000)
  object space 126464K, 20% used [0x00000006c1a00000,0x00000006c33cc130,0x00000006c9580000)
 Metaspace       used 24665K, capacity 25592K, committed 25728K, reserved 1071104K
  class space    used 3164K, capacity 3400K, committed 3456K, reserved 1048576K
}
Event: 10.030 GC heap before
{Heap before GC invocations=10 (full 1):
 PSYoungGen      total 308224K, used 298978K [0x000000076b380000, 0x000000077fc80000, 0x00000007c0000000)
  eden space 283648K, 100% used [0x000000076b380000,0x000000077c880000,0x000000077c880000)
  from space 24576K, 62% used [0x000000077e180000,0x000000077f078ab8,0x000000077f980000)
  to   space 25600K, 0% used [0x000000077c880000,0x000000077c880000,0x000000077e180000)
 ParOldGen       total 126464K, used 26416K [0x00000006c1a00000, 0x00000006c9580000, 0x000000076b380000)
  object space 126464K, 20% used [0x00000006c1a00000,0x00000006c33cc130,0x00000006c9580000)
 Metaspace       used 24754K, capacity 25720K, committed 25984K, reserved 1071104K
  class space    used 3164K, capacity 3400K, committed 3456K, reserved 1048576K
Event: 10.038 GC heap after
Heap after GC invocations=10 (full 1):
 PSYoungGen      total 309248K, used 7088K [0x000000076b380000, 0x0000000785d80000, 0x00000007c0000000)
  eden space 283648K, 0% used [0x000000076b380000,0x000000076b380000,0x000000077c880000)
  from space 25600K, 27% used [0x000000077c880000,0x000000077cf6c3d8,0x000000077e180000)
  to   space 24064K, 0% used [0x0000000784600000,0x0000000784600000,0x0000000785d80000)
 ParOldGen       total 126464K, used 35763K [0x00000006c1a00000, 0x00000006c9580000, 0x000000076b380000)
  object space 126464K, 28% used [0x00000006c1a00000,0x00000006c3cece40,0x00000006c9580000)
 Metaspace       used 24754K, capacity 25720K, committed 25984K, reserved 1071104K
  class space    used 3164K, capacity 3400K, committed 3456K, reserved 1048576K
}

Deoptimization events (10 events):
Event: 10.493 Thread 0x000000001de1e800 Uncommon trap: reason=bimorphic action=maybe_recompile pc=0x0000000003705bf8 method=javafx.scene.Node.updateLocalToParentTransform()V @ 11
Event: 14.798 Thread 0x000000001ddd9800 Uncommon trap: reason=unstable_if action=reinterpret pc=0x00000000037d9b10 method=java.lang.Math.round(D)J @ 48
Event: 14.798 Thread 0x000000001ddd9800 Uncommon trap: reason=unstable_if action=reinterpret pc=0x0000000003632530 method=java.lang.Math.round(D)J @ 48
Event: 14.798 Thread 0x000000001ddd9800 Uncommon trap: reason=unstable_if action=reinterpret pc=0x00000000038064ec method=com.sun.javafx.font.directwrite.DWGlyph.isLCDGlyph()Z @ 8
Event: 14.960 Thread 0x000000001ddd9800 Uncommon trap: reason=class_check action=maybe_recompile pc=0x0000000003851c78 method=com.sun.javafx.sg.prism.NGNode.getOpaqueRegion()Lcom/sun/javafx/geom/RectBounds; @ 114
Event: 14.963 Thread 0x000000001ddd9800 Uncommon trap: reason=unstable_if action=reinterpret pc=0x000000000381f090 method=com.sun.javafx.sg.prism.NGGroup.clearDirty()V @ 8
Event: 14.967 Thread 0x000000001de1e800 Uncommon trap: reason=null_check action=make_not_entrant pc=0x0000000003699754 method=javafx.scene.Node$MiscProperties.getClip()Ljavafx/scene/Node; @ 20
Event: 18.524 Thread 0x0000000026030000 Uncommon trap: reason=unstable_if action=reinterpret pc=0x000000000353c184 method=sun.net.www.ParseUtil.match(CJJ)Z @ 13
Event: 18.530 Thread 0x000000001ddd9800 Uncommon trap: reason=class_check action=maybe_recompile pc=0x0000000003851c78 method=com.sun.javafx.sg.prism.NGNode.getOpaqueRegion()Lcom/sun/javafx/geom/RectBounds; @ 114
Event: 18.541 Thread 0x000000001de1e800 Uncommon trap: reason=class_check action=maybe_recompile pc=0x000000000356d5f8 method=javafx.scene.Node.updateLocalToParentTransform()V @ 209

Classes redefined (0 events):
No events

Internal exceptions (10 events):
Event: 2.885 Thread 0x000000001de1e800 Exception <a 'java/io/FileNotFoundException'> (0x000000076d7e3f30) thrown at [C:\re\workspace\8-2-build-windows-amd64-cygwin\jdk8u221\13320\hotspot\src\share\vm\prims\jni.cpp, line 710]
Event: 2.943 Thread 0x000000001de1e800 Exception <a 'java/io/FileNotFoundException'> (0x000000076d844c28) thrown at [C:\re\workspace\8-2-build-windows-amd64-cygwin\jdk8u221\13320\hotspot\src\share\vm\prims\jni.cpp, line 710]
Event: 2.955 Thread 0x000000001de1e800 Exception <a 'java/io/FileNotFoundException'> (0x000000076d872368) thrown at [C:\re\workspace\8-2-build-windows-amd64-cygwin\jdk8u221\13320\hotspot\src\share\vm\prims\jni.cpp, line 710]
Event: 5.520 Thread 0x0000000025acb800 Exception <a 'sun/nio/fs/WindowsException'> (0x00000007717553c0) thrown at [C:\re\workspace\8-2-build-windows-amd64-cygwin\jdk8u221\13320\hotspot\src\share\vm\prims\jni.cpp, line 710]
Event: 6.658 Thread 0x000000001de1e800 Exception <a 'java/io/FileNotFoundException'> (0x000000076bf4c230) thrown at [C:\re\workspace\8-2-build-windows-amd64-cygwin\jdk8u221\13320\hotspot\src\share\vm\prims\jni.cpp, line 710]
Event: 6.658 Thread 0x000000001de1e800 Exception <a 'java/io/FileNotFoundException'> (0x000000076bf4d350) thrown at [C:\re\workspace\8-2-build-windows-amd64-cygwin\jdk8u221\13320\hotspot\src\share\vm\prims\jni.cpp, line 710]
Event: 6.659 Thread 0x000000001de1e800 Exception <a 'java/io/FileNotFoundException'> (0x000000076bf52df0) thrown at [C:\re\workspace\8-2-build-windows-amd64-cygwin\jdk8u221\13320\hotspot\src\share\vm\prims\jni.cpp, line 710]
Event: 6.659 Thread 0x000000001de1e800 Exception <a 'java/io/FileNotFoundException'> (0x000000076bf53e80) thrown at [C:\re\workspace\8-2-build-windows-amd64-cygwin\jdk8u221\13320\hotspot\src\share\vm\prims\jni.cpp, line 710]
Event: 9.102 Thread 0x000000001ddd9800 Implicit null exception at 0x00000000036c586c to 0x00000000036c58e1
Event: 14.967 Thread 0x000000001de1e800 Implicit null exception at 0x0000000003697268 to 0x0000000003699745

Events (10 events):
Event: 18.524 Thread 0x0000000026030000 DEOPT UNPACKING pc=0x0000000002d2583b sp=0x00000000674ddb70 mode 2
Event: 18.524 Executing VM operation: RevokeBias
Event: 18.524 Thread 0x000000002602d000 Thread added: 0x000000002602d000
Event: 18.525 Executing VM operation: RevokeBias done
Event: 18.530 Thread 0x000000001ddd9800 Uncommon trap: trap_request=0xffffffde fr.pc=0x0000000003851c78
Event: 18.530 Thread 0x000000001ddd9800 DEOPT PACKING pc=0x0000000003851c78 sp=0x000000001e45e960
Event: 18.530 Thread 0x000000001ddd9800 DEOPT UNPACKING pc=0x0000000002d2583b sp=0x000000001e45e8b0 mode 2
Event: 18.541 Thread 0x000000001de1e800 Uncommon trap: trap_request=0xffffffde fr.pc=0x000000000356d5f8
Event: 18.541 Thread 0x000000001de1e800 DEOPT PACKING pc=0x000000000356d5f8 sp=0x000000001e7fd660
Event: 18.541 Thread 0x000000001de1e800 DEOPT UNPACKING pc=0x0000000002d2583b sp=0x000000001e7fd5c0 mode 2


Dynamic libraries:
0x00007ff717cd0000 - 0x00007ff717d07000 	C:\Program Files\Java\jdk1.8.0_221\bin\javaw.exe
0x00007ffb99820000 - 0x00007ffb99a10000 	C:\WINDOWS\SYSTEM32\ntdll.dll
0x00007ffb980e0000 - 0x00007ffb98192000 	C:\WINDOWS\System32\KERNEL32.DLL
0x00007ffb97370000 - 0x00007ffb97613000 	C:\WINDOWS\System32\KERNELBASE.dll
0x00007ffb986c0000 - 0x00007ffb98763000 	C:\WINDOWS\System32\ADVAPI32.dll
0x00007ffb98d60000 - 0x00007ffb98dfe000 	C:\WINDOWS\System32\msvcrt.dll
0x00007ffb99740000 - 0x00007ffb997d7000 	C:\WINDOWS\System32\sechost.dll
0x00007ffb99500000 - 0x00007ffb99620000 	C:\WINDOWS\System32\RPCRT4.dll
0x00007ffb98b10000 - 0x00007ffb98ca4000 	C:\WINDOWS\System32\USER32.dll
0x00007ffb978a0000 - 0x00007ffb978c1000 	C:\WINDOWS\System32\win32u.dll
0x00007ffb981a0000 - 0x00007ffb981c6000 	C:\WINDOWS\System32\GDI32.dll
0x00007ffb970b0000 - 0x00007ffb97244000 	C:\WINDOWS\System32\gdi32full.dll
0x00007ffb97270000 - 0x00007ffb9730e000 	C:\WINDOWS\System32\msvcp_win.dll
0x00007ffb96f30000 - 0x00007ffb9702a000 	C:\WINDOWS\System32\ucrtbase.dll
0x00007ffb862c0000 - 0x00007ffb86545000 	C:\WINDOWS\WinSxS\amd64_microsoft.windows.common-controls_6595b64144ccf1df_6.0.18362.476_none_e6c4b11b130f2595\COMCTL32.dll
0x00007ffb97cd0000 - 0x00007ffb98006000 	C:\WINDOWS\System32\combase.dll
0x00007ffb97030000 - 0x00007ffb970b0000 	C:\WINDOWS\System32\bcryptPrimitives.dll
0x00007ffb98930000 - 0x00007ffb9895e000 	C:\WINDOWS\System32\IMM32.DLL
0x00000000685c0000 - 0x0000000068692000 	C:\Program Files\Java\jdk1.8.0_221\jre\bin\msvcr100.dll
0x000000006c490000 - 0x000000006cd35000 	C:\Program Files\Java\jdk1.8.0_221\jre\bin\server\jvm.dll
0x00007ffb97950000 - 0x00007ffb97958000 	C:\WINDOWS\System32\PSAPI.DLL
0x00007ffb82950000 - 0x00007ffb82959000 	C:\WINDOWS\SYSTEM32\WSOCK32.dll
0x00007ffb98010000 - 0x00007ffb9807f000 	C:\WINDOWS\System32\WS2_32.dll
0x00007ffb94750000 - 0x00007ffb94774000 	C:\WINDOWS\SYSTEM32\WINMM.dll
0x00007ffb86950000 - 0x00007ffb8695a000 	C:\WINDOWS\SYSTEM32\VERSION.dll
0x00007ffb94720000 - 0x00007ffb9474d000 	C:\WINDOWS\SYSTEM32\winmmbase.dll
0x00007ffb97620000 - 0x00007ffb9766a000 	C:\WINDOWS\System32\cfgmgr32.dll
0x00007ffb8f2c0000 - 0x00007ffb8f2cf000 	C:\Program Files\Java\jdk1.8.0_221\jre\bin\verify.dll
0x00007ffb89c70000 - 0x00007ffb89c99000 	C:\Program Files\Java\jdk1.8.0_221\jre\bin\java.dll
0x00007ffb8bf70000 - 0x00007ffb8bf86000 	C:\Program Files\Java\jdk1.8.0_221\jre\bin\zip.dll
0x00007ffb98e00000 - 0x00007ffb994e5000 	C:\WINDOWS\System32\SHELL32.dll
0x00007ffb98cb0000 - 0x00007ffb98d59000 	C:\WINDOWS\System32\shcore.dll
0x00007ffb967b0000 - 0x00007ffb96f2e000 	C:\WINDOWS\System32\windows.storage.dll
0x00007ffb96770000 - 0x00007ffb9678f000 	C:\WINDOWS\System32\profapi.dll
0x00007ffb96720000 - 0x00007ffb9676a000 	C:\WINDOWS\System32\powrprof.dll
0x00007ffb966f0000 - 0x00007ffb96700000 	C:\WINDOWS\System32\UMPDC.dll
0x00007ffb99620000 - 0x00007ffb99672000 	C:\WINDOWS\System32\shlwapi.dll
0x00007ffb96700000 - 0x00007ffb96711000 	C:\WINDOWS\System32\kernel.appcore.dll
0x00007ffb97250000 - 0x00007ffb97267000 	C:\WINDOWS\System32\cryptsp.dll
0x00000000010c0000 - 0x00000000010c3000 	C:\Program Files\Java\jdk1.8.0_221\jre\bin\api-ms-win-core-console-l1-1-0.dll
0x0000000002880000 - 0x0000000002883000 	C:\Program Files\Java\jdk1.8.0_221\jre\bin\api-ms-win-core-datetime-l1-1-0.dll
0x0000000002890000 - 0x0000000002893000 	C:\Program Files\Java\jdk1.8.0_221\jre\bin\api-ms-win-core-debug-l1-1-0.dll
0x00000000028a0000 - 0x00000000028a3000 	C:\Program Files\Java\jdk1.8.0_221\jre\bin\api-ms-win-core-errorhandling-l1-1-0.dll
0x00000000028b0000 - 0x00000000028b4000 	C:\Program Files\Java\jdk1.8.0_221\jre\bin\api-ms-win-core-file-l1-1-0.dll
0x00000000028c0000 - 0x00000000028c3000 	C:\Program Files\Java\jdk1.8.0_221\jre\bin\api-ms-win-core-file-l1-2-0.dll
0x00000000028d0000 - 0x00000000028d3000 	C:\Program Files\Java\jdk1.8.0_221\jre\bin\api-ms-win-core-file-l2-1-0.dll
0x00000000028e0000 - 0x00000000028e3000 	C:\Program Files\Java\jdk1.8.0_221\jre\bin\api-ms-win-core-handle-l1-1-0.dll
0x00000000028f0000 - 0x00000000028f3000 	C:\Program Files\Java\jdk1.8.0_221\jre\bin\api-ms-win-core-heap-l1-1-0.dll
0x0000000002900000 - 0x0000000002903000 	C:\Program Files\Java\jdk1.8.0_221\jre\bin\api-ms-win-core-interlocked-l1-1-0.dll
0x0000000002910000 - 0x0000000002913000 	C:\Program Files\Java\jdk1.8.0_221\jre\bin\api-ms-win-core-libraryloader-l1-1-0.dll
0x0000000002920000 - 0x0000000002923000 	C:\Program Files\Java\jdk1.8.0_221\jre\bin\api-ms-win-core-localization-l1-2-0.dll
0x0000000002930000 - 0x0000000002933000 	C:\Program Files\Java\jdk1.8.0_221\jre\bin\api-ms-win-core-memory-l1-1-0.dll
0x0000000002940000 - 0x0000000002943000 	C:\Program Files\Java\jdk1.8.0_221\jre\bin\api-ms-win-core-namedpipe-l1-1-0.dll
0x0000000002950000 - 0x0000000002953000 	C:\Program Files\Java\jdk1.8.0_221\jre\bin\api-ms-win-core-processenvironment-l1-1-0.dll
0x0000000002960000 - 0x0000000002963000 	C:\Program Files\Java\jdk1.8.0_221\jre\bin\api-ms-win-core-processthreads-l1-1-0.dll
0x0000000002980000 - 0x0000000002983000 	C:\Program Files\Java\jdk1.8.0_221\jre\bin\api-ms-win-core-processthreads-l1-1-1.dll
0x0000000002990000 - 0x0000000002993000 	C:\Program Files\Java\jdk1.8.0_221\jre\bin\api-ms-win-core-profile-l1-1-0.dll
0x00000000029a0000 - 0x00000000029a3000 	C:\Program Files\Java\jdk1.8.0_221\jre\bin\api-ms-win-core-rtlsupport-l1-1-0.dll
0x00000000029b0000 - 0x00000000029b3000 	C:\Program Files\Java\jdk1.8.0_221\jre\bin\api-ms-win-core-string-l1-1-0.dll
0x00000000029c0000 - 0x00000000029c3000 	C:\Program Files\Java\jdk1.8.0_221\jre\bin\api-ms-win-core-synch-l1-1-0.dll
0x000000001e230000 - 0x000000001e233000 	C:\Program Files\Java\jdk1.8.0_221\jre\bin\api-ms-win-core-synch-l1-2-0.dll
0x000000001e240000 - 0x000000001e243000 	C:\Program Files\Java\jdk1.8.0_221\jre\bin\api-ms-win-core-sysinfo-l1-1-0.dll
0x000000001e250000 - 0x000000001e253000 	C:\Program Files\Java\jdk1.8.0_221\jre\bin\api-ms-win-core-timezone-l1-1-0.dll
0x000000001e260000 - 0x000000001e263000 	C:\Program Files\Java\jdk1.8.0_221\jre\bin\api-ms-win-core-util-l1-1-0.dll
0x000000001e270000 - 0x000000001e273000 	C:\Program Files\Java\jdk1.8.0_221\jre\bin\api-ms-win-crt-conio-l1-1-0.dll
0x000000001e280000 - 0x000000001e284000 	C:\Program Files\Java\jdk1.8.0_221\jre\bin\api-ms-win-crt-convert-l1-1-0.dll
0x000000001e290000 - 0x000000001e293000 	C:\Program Files\Java\jdk1.8.0_221\jre\bin\api-ms-win-crt-environment-l1-1-0.dll
0x000000001e2a0000 - 0x000000001e2a3000 	C:\Program Files\Java\jdk1.8.0_221\jre\bin\api-ms-win-crt-filesystem-l1-1-0.dll
0x000000001e2b0000 - 0x000000001e2b3000 	C:\Program Files\Java\jdk1.8.0_221\jre\bin\api-ms-win-crt-heap-l1-1-0.dll
0x000000001e2c0000 - 0x000000001e2c3000 	C:\Program Files\Java\jdk1.8.0_221\jre\bin\api-ms-win-crt-locale-l1-1-0.dll
0x000000001e2d0000 - 0x000000001e2d5000 	C:\Program Files\Java\jdk1.8.0_221\jre\bin\api-ms-win-crt-math-l1-1-0.dll
0x000000001e2e0000 - 0x000000001e2e5000 	C:\Program Files\Java\jdk1.8.0_221\jre\bin\api-ms-win-crt-multibyte-l1-1-0.dll
0x000000001e2f0000 - 0x000000001e300000 	C:\Program Files\Java\jdk1.8.0_221\jre\bin\api-ms-win-crt-private-l1-1-0.dll
0x000000001e300000 - 0x000000001e303000 	C:\Program Files\Java\jdk1.8.0_221\jre\bin\api-ms-win-crt-process-l1-1-0.dll
0x000000001e310000 - 0x000000001e314000 	C:\Program Files\Java\jdk1.8.0_221\jre\bin\api-ms-win-crt-runtime-l1-1-0.dll
0x000000001e320000 - 0x000000001e324000 	C:\Program Files\Java\jdk1.8.0_221\jre\bin\api-ms-win-crt-stdio-l1-1-0.dll
0x000000001e330000 - 0x000000001e334000 	C:\Program Files\Java\jdk1.8.0_221\jre\bin\api-ms-win-crt-string-l1-1-0.dll
0x000000001e340000 - 0x000000001e343000 	C:\Program Files\Java\jdk1.8.0_221\jre\bin\api-ms-win-crt-time-l1-1-0.dll
0x000000001e350000 - 0x000000001e353000 	C:\Program Files\Java\jdk1.8.0_221\jre\bin\api-ms-win-crt-utility-l1-1-0.dll
0x00007ffb44f20000 - 0x00007ffb45016000 	C:\Program Files\Java\jdk1.8.0_221\jre\bin\ucrtbase.dll
0x00007ffb89ca0000 - 0x00007ffb89cb6000 	C:\Program Files\Java\jdk1.8.0_221\jre\bin\vcruntime140.dll
0x00007ffb53ad0000 - 0x00007ffb53b7a000 	C:\Program Files\Java\jdk1.8.0_221\jre\bin\msvcp140.dll
0x00007ffb52730000 - 0x00007ffb52784000 	C:\Program Files\Java\jdk1.8.0_221\jre\bin\concrt140.dll
0x00007ffb815c0000 - 0x00007ffb815e3000 	C:\Program Files\Java\jdk1.8.0_221\jre\bin\prism_d3d.dll
0x00007ffb52a70000 - 0x00007ffb52c37000 	C:\WINDOWS\system32\d3d9.dll
0x00007ffb94a70000 - 0x00007ffb94a9d000 	C:\WINDOWS\SYSTEM32\dwmapi.dll
0x00007ffb95390000 - 0x00007ffb953b0000 	C:\WINDOWS\SYSTEM32\dxcore.dll
0x00007ffb94980000 - 0x00007ffb94a19000 	C:\WINDOWS\system32\uxtheme.dll
0x00007ffb42980000 - 0x00007ffb44ebd000 	C:\WINDOWS\SYSTEM32\igdumdim64.dll
0x00007ffb97a30000 - 0x00007ffb97af4000 	C:\WINDOWS\System32\OLEAUT32.dll
0x00007ffb987d0000 - 0x00007ffb98926000 	C:\WINDOWS\System32\ole32.dll
0x00007ffb98250000 - 0x00007ffb986c0000 	C:\WINDOWS\System32\SETUPAPI.dll
0x00007ffb97670000 - 0x00007ffb97696000 	C:\WINDOWS\System32\bcrypt.dll
0x00007ffb6d780000 - 0x00007ffb6d7c9000 	C:\Program Files\Java\jdk1.8.0_221\jre\bin\glass.dll
0x00007ffb97960000 - 0x00007ffb97a30000 	C:\WINDOWS\System32\COMDLG32.dll
0x00007ffb97b90000 - 0x00007ffb97cc6000 	C:\WINDOWS\System32\MSCTF.dll
0x00007ffb8cce0000 - 0x00007ffb8d71f000 	C:\WINDOWS\SYSTEM32\igdusc64.dll
0x00007ffb86f20000 - 0x00007ffb86f34000 	C:\Program Files\Java\jdk1.8.0_221\jre\bin\javafx_font.dll
0x00007ffb8d8e0000 - 0x00007ffb8dbde000 	C:\WINDOWS\SYSTEM32\dwrite.dll
0x00007ffb95ad0000 - 0x00007ffb95b03000 	C:\WINDOWS\system32\rsaenh.dll
0x00007ffb96610000 - 0x00007ffb96635000 	C:\WINDOWS\SYSTEM32\USERENV.dll
0x00007ffb96130000 - 0x00007ffb9613c000 	C:\WINDOWS\SYSTEM32\CRYPTBASE.dll
0x00007ffb8bd30000 - 0x00007ffb8bd4a000 	C:\Program Files\Java\jdk1.8.0_221\jre\bin\net.dll
0x00007ffb8fda0000 - 0x00007ffb8ff76000 	C:\WINDOWS\SYSTEM32\urlmon.dll
0x00007ffb902a0000 - 0x00007ffb90546000 	C:\WINDOWS\SYSTEM32\iertutil.dll
0x00007ffb95f60000 - 0x00007ffb95fc7000 	C:\WINDOWS\system32\mswsock.dll
0x00007ffb95c70000 - 0x00007ffb95caa000 	C:\WINDOWS\SYSTEM32\IPHLPAPI.DLL
0x00007ffb99730000 - 0x00007ffb99738000 	C:\WINDOWS\System32\NSI.dll
0x00007ffb8f170000 - 0x00007ffb8f186000 	C:\WINDOWS\SYSTEM32\dhcpcsvc6.DLL
0x00007ffb8dc80000 - 0x00007ffb8dc9c000 	C:\WINDOWS\SYSTEM32\dhcpcsvc.DLL
0x00007ffb95cb0000 - 0x00007ffb95d7a000 	C:\WINDOWS\SYSTEM32\DNSAPI.dll
0x00007ffb8aac0000 - 0x00007ffb8aad2000 	C:\Program Files\Java\jdk1.8.0_221\jre\bin\nio.dll
0x00007ffb1cb20000 - 0x00007ffb20b7b000 	C:\Program Files\Java\jdk1.8.0_221\jre\bin\jfxwebkit.dll
0x00007ffb86f70000 - 0x00007ffb86f94000 	C:\Program Files\Java\jdk1.8.0_221\jre\bin\sunec.dll
0x00007ffb99680000 - 0x00007ffb99722000 	C:\WINDOWS\System32\clbcatq.dll
0x00007ffb8e050000 - 0x00007ffb8e1ff000 	C:\WINDOWS\SYSTEM32\WindowsCodecs.dll
0x00007ffb6f8d0000 - 0x00007ffb6f90a000 	C:\WINDOWS\system32\dataexchange.dll
0x00007ffb93690000 - 0x00007ffb9386b000 	C:\WINDOWS\system32\dcomp.dll
0x00007ffb93390000 - 0x00007ffb935eb000 	C:\WINDOWS\system32\d3d11.dll
0x00007ffb954b0000 - 0x00007ffb9559b000 	C:\WINDOWS\system32\dxgi.dll
0x00007ffb94aa0000 - 0x00007ffb94cfa000 	C:\WINDOWS\system32\twinapi.appcore.dll
0x00007ffb94f80000 - 0x00007ffb94fa9000 	C:\WINDOWS\system32\RMCLIENT.dll
0x00007ffb83060000 - 0x00007ffb83093000 	C:\Program Files\Common Files\Microsoft Shared\Ink\rtscom.dll
0x00007ffb935f0000 - 0x00007ffb9368e000 	C:\WINDOWS\System32\TextInputFramework.dll
0x00007ffb92e50000 - 0x00007ffb9317a000 	C:\WINDOWS\System32\CoreUIComponents.dll
0x00007ffb95690000 - 0x00007ffb956c1000 	C:\WINDOWS\SYSTEM32\ntmarta.dll
0x00007ffb939d0000 - 0x00007ffb93aa4000 	C:\WINDOWS\System32\CoreMessaging.dll
0x00007ffb92730000 - 0x00007ffb92883000 	C:\WINDOWS\SYSTEM32\wintypes.dll

VM Arguments:
jvm_args: -Dfile.encoding=UTF-8 
java_command: pl.B4GU5.TW.Main
java_class_path (initial): C:\Users\mbn\eclipse-workspace\TW2\target\classes;C:\Users\mbn\.m2\repository\org\json\json\20190722\json-20190722.jar;C:\Users\mbn\.m2\repository\org\jfxtras\jmetro\8.6-RC-06\jmetro-8.6-RC-06.jar;C:\Users\mbn\.m2\repository\org\controlsfx\controlsfx\8.40.14\controlsfx-8.40.14.jar;C:\Users\mbn\.m2\repository\de\jensd\fontawesomefx\8.9\fontawesomefx-8.9.jar;C:\Users\mbn\.m2\repository\com\jfoenix\jfoenix\8.0.9\jfoenix-8.0.9.jar;C:\Users\mbn\.m2\repository\de\schlegel11\jfxanimation\2.0.0\jfxanimation-2.0.0.jar;C:\Users\mbn\.m2\repository\uk\co\rx14\jmclaunchlib\jMCLaunchLib\0.3.1\jMCLaunchLib-0.3.1.jar;C:\Users\mbn\.m2\repository\org\codehaus\groovy\groovy-all\2.3.11\groovy-all-2.3.11-indy.jar;C:\Users\mbn\.m2\repository\com\mashape\unirest\unirest-java\1.4.5\unirest-java-1.4.5.jar;C:\Users\mbn\.m2\repository\org\apache\httpcomponents\httpclient\4.3.6\httpclient-4.3.6.jar;C:\Users\mbn\.m2\repository\org\apache\httpcomponents\httpcore\4.3.3\httpcore-4.3.3.jar;C:\Users\mbn\.m2\repository\org\apache\httpcomponents\httpasyncclient\4.0.2\httpasyncclient-4.0.2.jar;C:\Users\mbn\.m2\repository\org\apache\httpcomponents\httpcore-nio\4.3.2\httpcore-nio-4.3.2.jar;C:\Users\mbn\.m2\repository\org\apache\httpcomponents\httpmime\4.3.6\httpmime-4.3.6.jar;C:\Users\mbn\.m2\repository\commons-codec\commons-codec\1.10\commons-codec-1.10.jar;C:\Users\mbn\.m2\repository\org\tukaani\xz\1.5\xz-1.5.jar;C:\Users\mbn\.m2\repository\commons-io\commons-io\2.4\commons-io-2.4.jar;C:\Users\mbn\.m2\repository\commons-logging\commons-logging\1.2\commons-logging-1.2.jar;C:\Users\mbn\.m2\repository\org\codefx\libfx\LibFX\0.3.0\LibFX-0.3.0.jar;C:\Users\mbn\.m2\repository\org\apache\commons\commons-lang3\3.0\commons-lang3-3.0.jar
Launcher Type: SUN_STANDARD

Environment Variables:
PATH=C:/Program Files/Java/jdk1.8.0_221/bin/../jre/bin/server;C:/Program Files/Java/jdk1.8.0_221/bin/../jre/bin;C:/Program Files/Java/jdk1.8.0_221/bin/../jre/lib/amd64;C:\Program Files (x86)\Common Files\Oracle\Java\javapath;C:\ProgramData\Oracle\Java\javapath;C:\Program Files (x86)\Intel\Intel(R) Management Engine Components\iCLS\;C:\Program Files\Intel\Intel(R) Management Engine Components\iCLS\;C:\WINDOWS\system32;C:\WINDOWS;C:\WINDOWS\System32\Wbem;C:\WINDOWS\System32\WindowsPowerShell\v1.0\;C:\WINDOWS\System32\OpenSSH\;C:\Program Files (x86)\Intel\Intel(R) Management Engine Components\DAL;C:\Program Files\Intel\Intel(R) Management Engine Components\DAL;C:\Program Files\Intel\WiFi\bin\;C:\Program Files\Common Files\Intel\WirelessCommon\;C:\Program Files (x86)\PuTTY\;C:\Program Files\Git\cmd;C:\Users\mbn\AppData\Local\Microsoft\WindowsApps;;C:\Users\mbn\Desktop;
USERNAME=mbn
OS=Windows_NT
PROCESSOR_IDENTIFIER=Intel64 Family 6 Model 61 Stepping 4, GenuineIntel



---------------  S Y S T E M  ---------------

OS: Windows 10.0 , 64 bit Build 18362 (10.0.18362.329)

CPU:total 4 (initial active 4) (2 cores per cpu, 2 threads per core) family 6 model 61 stepping 4, cmov, cx8, fxsr, mmx, sse, sse2, sse3, ssse3, sse4.1, sse4.2, popcnt, avx, avx2, aes, clmul, erms, rtm, 3dnowpref, lzcnt, ht, tsc, tscinvbit, bmi1, bmi2, adx

Memory: 4k page, physical 16666048k(9089224k free), swap 19156416k(9833864k free)

vm_info: Java HotSpot(TM) 64-Bit Server VM (25.221-b11) for windows-amd64 JRE (1.8.0_221-b11), built on Jul  4 2019 04:39:29 by "java_re" with MS VC++ 10.0 (VS2010)

time: Mon Dec 02 14:12:36 2019
timezone: Central European Standard Time
elapsed time: 18 seconds (0d 0h 0m 18s)

