#
# A fatal error has been detected by the Java Runtime Environment:
#
#  EXCEPTION_ACCESS_VIOLATION (0xc0000005) at pc=0x00007ffb1d7580f0, pid=6656, tid=0x0000000000001d14
#
# JRE version: Java(TM) SE Runtime Environment (8.0_221-b11) (build 1.8.0_221-b11)
# Java VM: Java HotSpot(TM) 64-Bit Server VM (25.221-b11 mixed mode windows-amd64 compressed oops)
# Problematic frame:
# C  [jfxwebkit.dll+0xc380f0]
#
# Failed to write core dump. Minidumps are not enabled by default on client versions of Windows
#
# If you would like to submit a bug report, please visit:
#   http://bugreport.java.com/bugreport/crash.jsp
# The crash happened outside the Java Virtual Machine in native code.
# See problematic frame for where to report the bug.
#

---------------  T H R E A D  ---------------

Current thread (0x000000001ddfb000):  JavaThread "JavaFX Application Thread" [_thread_in_native, id=7444, stack(0x000000001ee30000,0x000000001ef30000)]

siginfo: ExceptionCode=0xc0000005, reading address 0x0000000000000048

Registers:
RAX=0x0000078a71e87299, RBX=0x000000001ef2d660, RCX=0x0000000000000048, RDX=0x0000000000000000
RSP=0x000000001ef2d4f8, RBP=0x000000001ef2d569, RSI=0x0000000000000000, RDI=0x000000001ef2d690
R8 =0x000000001ef2d660, R9 =0x0000000000000000, R10=0x00000000701cd150, R11=0x0000000000000000
R12=0x00000000701cd100, R13=0x0000000000000049, R14=0x000000006b373640, R15=0x0000000000000000
RIP=0x00007ffb1d7580f0, EFLAGS=0x0000000000010246

Top of Stack: (sp=0x000000001ef2d4f8)
0x000000001ef2d4f8:   00007ffb1d71298d 0000000000000000
0x000000001ef2d508:   0000000000000000 0000000000000052
0x000000001ef2d518:   00007ffb1d742497 000000001ef2d590
0x000000001ef2d528:   00007ffb96f414cb 0000000070b9a600
0x000000001ef2d538:   0000000000000000 0000000000000000
0x000000001ef2d548:   0000078a71e872b9 00000000701cd100
0x000000001ef2d558:   0000000000000000 000000001ef2d608
0x000000001ef2d568:   00007ffb1df62809 0000000000000000
0x000000001ef2d578:   0000000000000017 0000000000000000
0x000000001ef2d588:   00007ffb1d711236 0000078a71e87299
0x000000001ef2d598:   00007ffb1d7459d8 0000000000000000
0x000000001ef2d5a8:   0000000000000000 0000000000000017
0x000000001ef2d5b8:   000000001ef2d658 000000001ef2d6d0
0x000000001ef2d5c8:   00007ffb1d7304aa 000000006b373658
0x000000001ef2d5d8:   000000001ef2d658 000000001ef2d6d0
0x000000001ef2d5e8:   00007ffb9985ba17 0000000000b20000 

Instructions: (pc=0x00007ffb1d7580f0)
0x00007ffb1d7580d0:   48 8b 49 68 ff c0 48 85 c9 75 f5 c3 cc cc cc cc
0x00007ffb1d7580e0:   cc cc cc cc cc cc cc cc cc cc cc cc cc cc cc cc
0x00007ffb1d7580f0:   48 8b 01 48 85 c0 74 17 0f 1f 84 00 00 00 00 00
0x00007ffb1d758100:   48 8b c8 48 8b 40 50 48 85 c0 75 f4 48 8b c1 c3 


Register to memory mapping:

RAX=0x0000078a71e87299 is an unknown value
RBX=0x000000001ef2d660 is pointing into the stack for thread: 0x000000001ddfb000
RCX=0x0000000000000048 is an unknown value
RDX=0x0000000000000000 is an unknown value
RSP=0x000000001ef2d4f8 is pointing into the stack for thread: 0x000000001ddfb000
RBP=0x000000001ef2d569 is pointing into the stack for thread: 0x000000001ddfb000
RSI=0x0000000000000000 is an unknown value
RDI=0x000000001ef2d690 is pointing into the stack for thread: 0x000000001ddfb000
R8 =0x000000001ef2d660 is pointing into the stack for thread: 0x000000001ddfb000
R9 =0x0000000000000000 is an unknown value
R10=0x00000000701cd150 is an unknown value
R11=0x0000000000000000 is an unknown value
R12=0x00000000701cd100 is an unknown value
R13=0x0000000000000049 is an unknown value
R14=0x000000006b373640 is an unknown value
R15=0x0000000000000000 is an unknown value


Stack: [0x000000001ee30000,0x000000001ef30000],  sp=0x000000001ef2d4f8,  free space=1013k
Native frames: (J=compiled Java code, j=interpreted, Vv=VM code, C=native code)
C  [jfxwebkit.dll+0xc380f0]

Java frames: (J=compiled Java code, j=interpreted, Vv=VM code)
j  com.sun.webkit.network.URLLoader.twkDidReceiveResponse(ILjava/lang/String;Ljava/lang/String;JLjava/lang/String;Ljava/lang/String;J)V+0
j  com.sun.webkit.network.URLLoader.notifyDidReceiveResponse(ILjava/lang/String;Ljava/lang/String;JLjava/lang/String;Ljava/lang/String;)V+91
j  com.sun.webkit.network.URLLoader.lambda$didReceiveResponse$3(ILjava/lang/String;Ljava/lang/String;JLjava/lang/String;Ljava/lang/String;)V+17
j  com.sun.webkit.network.URLLoader$$Lambda$219.run()V+28
J 3225 C1 com.sun.javafx.application.PlatformImpl$$Lambda$49.run()Ljava/lang/Object; (8 bytes) @ 0x000000000336dacc [0x000000000336d980+0x14c]
v  ~StubRoutines::call_stub
J 2530  java.security.AccessController.doPrivileged(Ljava/security/PrivilegedAction;Ljava/security/AccessControlContext;)Ljava/lang/Object; (0 bytes) @ 0x000000000329a366 [0x000000000329a300+0x66]
J 3222 C1 com.sun.javafx.application.PlatformImpl.lambda$runLater$6(Ljava/lang/Runnable;Ljava/security/AccessControlContext;)V (38 bytes) @ 0x000000000336c21c [0x000000000336be00+0x41c]
J 3221 C1 com.sun.javafx.application.PlatformImpl$$Lambda$48.run()V (12 bytes) @ 0x000000000336054c [0x00000000033604c0+0x8c]
J 2902 C1 com.sun.glass.ui.InvokeLaterDispatcher$Future.run()V (91 bytes) @ 0x0000000002e88794 [0x0000000002e88680+0x114]
v  ~StubRoutines::call_stub
j  com.sun.glass.ui.win.WinApplication._runLoop(Ljava/lang/Runnable;)V+0
j  com.sun.glass.ui.win.WinApplication.lambda$null$3(ILjava/lang/Runnable;)V+8
j  com.sun.glass.ui.win.WinApplication$$Lambda$37.run()V+12
j  java.lang.Thread.run()V+11
v  ~StubRoutines::call_stub

---------------  P R O C E S S  ---------------

Java Threads: ( => current thread )
  0x0000000025abd000 JavaThread "AWT-Windows" daemon [_thread_in_native, id=9404, stack(0x000000006fb00000,0x000000006fc00000)]
  0x0000000025abe800 JavaThread "AWT-Shutdown" [_thread_blocked, id=14676, stack(0x000000006fa00000,0x000000006fb00000)]
  0x0000000025abf000 JavaThread "Java2D Disposer" daemon [_thread_blocked, id=11064, stack(0x000000006bce0000,0x000000006bde0000)]
  0x0000000025ac4800 JavaThread "URL-Loader-20" daemon [_thread_blocked, id=14548, stack(0x000000006aaa0000,0x000000006aba0000)]
  0x0000000025ab5800 JavaThread "Thread-6" daemon [_thread_in_native, id=15124, stack(0x000000006ada0000,0x000000006aea0000)]
  0x0000000025ab6000 JavaThread "URL-Loader-19" daemon [_thread_blocked, id=8676, stack(0x000000006a8a0000,0x000000006a9a0000)]
  0x0000000025abc000 JavaThread "URL-Loader-18" daemon [_thread_blocked, id=4304, stack(0x000000006a4a0000,0x000000006a5a0000)]
  0x0000000025ab8800 JavaThread "Keep-Alive-Timer" daemon [_thread_blocked, id=15328, stack(0x000000006a3a0000,0x000000006a4a0000)]
  0x0000000025aba000 JavaThread "URL-Loader-17" daemon [_thread_blocked, id=1680, stack(0x000000006a1a0000,0x000000006a2a0000)]
  0x0000000025ab7800 JavaThread "URL-Loader-16" daemon [_thread_blocked, id=15028, stack(0x000000006a5a0000,0x000000006a6a0000)]
  0x0000000025aba800 JavaThread "URL-Loader-15" daemon [_thread_blocked, id=7100, stack(0x0000000069ca0000,0x0000000069da0000)]
  0x0000000025abb800 JavaThread "URL-Loader-14" daemon [_thread_blocked, id=13232, stack(0x0000000069ba0000,0x0000000069ca0000)]
  0x0000000025ab9000 JavaThread "URL-Loader-13" daemon [_thread_blocked, id=2592, stack(0x0000000069aa0000,0x0000000069ba0000)]
  0x0000000025ab7000 JavaThread "URL-Loader-12" daemon [_thread_blocked, id=3360, stack(0x00000000699a0000,0x0000000069aa0000)]
  0x000000001eb71800 JavaThread "URL-Loader-11" daemon [_thread_in_native, id=1560, stack(0x00000000698a0000,0x00000000699a0000)]
  0x000000001eb6f000 JavaThread "URL-Loader-10" daemon [_thread_blocked, id=13048, stack(0x00000000697a0000,0x00000000698a0000)]
  0x000000001eb74800 JavaThread "URL-Loader-9" daemon [_thread_blocked, id=14672, stack(0x00000000696a0000,0x00000000697a0000)]
  0x000000001eb70800 JavaThread "URL-Loader-8" daemon [_thread_blocked, id=844, stack(0x00000000695a0000,0x00000000696a0000)]
  0x000000001eb73800 JavaThread "URL-Loader-7" daemon [_thread_blocked, id=15340, stack(0x00000000694a0000,0x00000000695a0000)]
  0x000000001eb73000 JavaThread "URL-Loader-6" daemon [_thread_blocked, id=15284, stack(0x00000000693a0000,0x00000000694a0000)]
  0x000000001eb70000 JavaThread "URL-Loader-5" daemon [_thread_blocked, id=12192, stack(0x00000000692a0000,0x00000000693a0000)]
  0x000000001eb72000 JavaThread "URL-Loader-4" daemon [_thread_blocked, id=10468, stack(0x00000000691a0000,0x00000000692a0000)]
  0x000000001eb75000 JavaThread "URL-Loader-3" daemon [_thread_blocked, id=11496, stack(0x00000000690a0000,0x00000000691a0000)]
  0x000000001eb6e800 JavaThread "URL-Loader-2" daemon [_thread_blocked, id=11552, stack(0x0000000068fa0000,0x00000000690a0000)]
  0x000000001e722800 JavaThread "URL-Loader-1" daemon [_thread_blocked, id=11036, stack(0x0000000067320000,0x0000000067420000)]
  0x000000001e8e8800 JavaThread "Disposer" daemon [_thread_blocked, id=4316, stack(0x0000000067020000,0x0000000067120000)]
  0x000000001e6a4000 JavaThread "Prism Font Disposer" daemon [_thread_blocked, id=3092, stack(0x0000000025730000,0x0000000025830000)]
  0x000000001e41f800 JavaThread "Thread-3" daemon [_thread_in_native, id=824, stack(0x0000000023800000,0x0000000023900000)]
  0x000000001de1d800 JavaThread "JavaFX-Launcher" [_thread_blocked, id=4220, stack(0x0000000023900000,0x0000000023a00000)]
=>0x000000001ddfb000 JavaThread "JavaFX Application Thread" [_thread_in_native, id=7444, stack(0x000000001ee30000,0x000000001ef30000)]
  0x000000001ddf5800 JavaThread "Thread-1" daemon [_thread_blocked, id=14424, stack(0x000000001ed30000,0x000000001ee30000)]
  0x000000001dddd800 JavaThread "QuantumRenderer-0" daemon [_thread_blocked, id=14432, stack(0x000000001e2a0000,0x000000001e3a0000)]
  0x000000001da69000 JavaThread "Service Thread" daemon [_thread_blocked, id=10740, stack(0x000000001de20000,0x000000001df20000)]
  0x000000001c0d6800 JavaThread "C1 CompilerThread2" daemon [_thread_blocked, id=2412, stack(0x000000001d920000,0x000000001da20000)]
  0x000000001c0d3800 JavaThread "C2 CompilerThread1" daemon [_thread_blocked, id=15060, stack(0x000000001d820000,0x000000001d920000)]
  0x000000001c0c8000 JavaThread "C2 CompilerThread0" daemon [_thread_blocked, id=14628, stack(0x000000001d720000,0x000000001d820000)]
  0x000000001c0c6000 JavaThread "Attach Listener" daemon [_thread_blocked, id=15300, stack(0x000000001d620000,0x000000001d720000)]
  0x000000001c0c4800 JavaThread "Signal Dispatcher" daemon [_thread_blocked, id=7628, stack(0x000000001d520000,0x000000001d620000)]
  0x0000000002a7b800 JavaThread "Finalizer" daemon [_thread_blocked, id=15256, stack(0x000000001d310000,0x000000001d410000)]
  0x000000001c0aa000 JavaThread "Reference Handler" daemon [_thread_blocked, id=2188, stack(0x000000001d210000,0x000000001d310000)]
  0x0000000002982800 JavaThread "main" [_thread_blocked, id=8788, stack(0x0000000002860000,0x0000000002960000)]

Other Threads:
  0x000000001c088000 VMThread [stack: 0x000000001d110000,0x000000001d210000] [id=2336]
  0x000000001c11c800 WatcherThread [stack: 0x000000001df20000,0x000000001e020000] [id=14540]

VM state:not at safepoint (normal execution)

VM Mutex/Monitor currently owned by a thread: None

heap address: 0x00000006c1a00000, size: 4070 MB, Compressed Oops mode: Zero based, Oop shift amount: 3
Narrow klass base: 0x0000000000000000, Narrow klass shift: 3
Compressed class space size: 1073741824 Address: 0x00000007c0000000

Heap:
 PSYoungGen      total 199680K, used 74035K [0x000000076b380000, 0x0000000780180000, 0x00000007c0000000)
  eden space 176640K, 28% used [0x000000076b380000,0x000000076e577fd8,0x0000000776000000)
  from space 23040K, 99% used [0x0000000776000000,0x0000000777654e58,0x0000000777680000)
  to   space 28672K, 0% used [0x000000077e580000,0x000000077e580000,0x0000000780180000)
 ParOldGen       total 126976K, used 27801K [0x00000006c1a00000, 0x00000006c9600000, 0x000000076b380000)
  object space 126976K, 21% used [0x00000006c1a00000,0x00000006c35264e8,0x00000006c9600000)
 Metaspace       used 26362K, capacity 27282K, committed 27392K, reserved 1073152K
  class space    used 3304K, capacity 3553K, committed 3584K, reserved 1048576K

Card table byte_map: [0x0000000011e50000,0x0000000012650000] byte_map_base: 0x000000000e843000

Marking Bits: (ParMarkBitMap*) 0x000000006ccb5ce0
 Begin Bits: [0x0000000012fa0000, 0x0000000016f38000)
 End Bits:   [0x0000000016f38000, 0x000000001aed0000)

Polling page: 0x0000000002960000

CodeCache: size=245760Kb used=12249Kb max_used=12249Kb free=233511Kb
 bounds [0x0000000002a90000, 0x00000000036a0000, 0x0000000011a90000]
 total_blobs=4832 nmethods=3988 adapters=756
 compilation: enabled

Compilation events (10 events):
Event: 14.492 Thread 0x000000001c0d6800 4461       1       java.util.TreeMap$Entry::getKey (5 bytes)
Event: 14.492 Thread 0x000000001c0d6800 nmethod 4461 0x0000000003222290 code [0x00000000032223e0, 0x00000000032224f0]
Event: 14.492 Thread 0x000000001c0d6800 4462       1       java.util.TreeMap$Entry::getValue (5 bytes)
Event: 14.492 Thread 0x000000001c0d6800 nmethod 4462 0x0000000003221fd0 code [0x0000000003222120, 0x0000000003222230]
Event: 14.495 Thread 0x000000001c0c8000 nmethod 4457 0x00000000032df910 code [0x00000000032dfa60, 0x00000000032dfd38]
Event: 14.521 Thread 0x000000001c0d6800 4463       3       javafx.scene.layout.Region::prefHeight (38 bytes)
Event: 14.522 Thread 0x000000001c0d6800 nmethod 4463 0x00000000033f3690 code [0x00000000033f3860, 0x00000000033f3f58]
Event: 14.522 Thread 0x000000001c0d6800 4464       3       javafx.scene.layout.Region::getPrefHeight (22 bytes)
Event: 14.522 Thread 0x000000001c0d6800 nmethod 4464 0x00000000033518d0 code [0x0000000003351a40, 0x0000000003351e08]
Event: 14.522 Thread 0x000000001c0d6800 4465       3       javafx.scene.layout.Region::minWidth (52 bytes)

GC Heap History (10 events):
Event: 4.562 GC heap before
{Heap before GC invocations=4 (full 1):
 PSYoungGen      total 76288K, used 65763K [0x000000076b380000, 0x0000000772800000, 0x00000007c0000000)
  eden space 65536K, 99% used [0x000000076b380000,0x000000076f362850,0x000000076f380000)
  from space 10752K, 3% used [0x000000076fe00000,0x000000076fe56478,0x0000000770880000)
  to   space 10752K, 0% used [0x000000076f380000,0x000000076f380000,0x000000076fe00000)
 ParOldGen       total 126976K, used 8717K [0x00000006c1a00000, 0x00000006c9600000, 0x000000076b380000)
  object space 126976K, 6% used [0x00000006c1a00000,0x00000006c2283538,0x00000006c9600000)
 Metaspace       used 20675K, capacity 21450K, committed 21632K, reserved 1069056K
  class space    used 2719K, capacity 2917K, committed 2944K, reserved 1048576K
Event: 4.563 GC heap after
Heap after GC invocations=4 (full 1):
 PSYoungGen      total 76288K, used 466K [0x000000076b380000, 0x0000000773480000, 0x00000007c0000000)
  eden space 65536K, 0% used [0x000000076b380000,0x000000076b380000,0x000000076f380000)
  from space 10752K, 4% used [0x000000076f380000,0x000000076f3f4930,0x000000076fe00000)
  to   space 10752K, 0% used [0x0000000772a00000,0x0000000772a00000,0x0000000773480000)
 ParOldGen       total 126976K, used 8717K [0x00000006c1a00000, 0x00000006c9600000, 0x000000076b380000)
  object space 126976K, 6% used [0x00000006c1a00000,0x00000006c2283538,0x00000006c9600000)
 Metaspace       used 20675K, capacity 21450K, committed 21632K, reserved 1069056K
  class space    used 2719K, capacity 2917K, committed 2944K, reserved 1048576K
}
Event: 4.578 GC heap before
{Heap before GC invocations=5 (full 1):
 PSYoungGen      total 76288K, used 65852K [0x000000076b380000, 0x0000000773480000, 0x00000007c0000000)
  eden space 65536K, 99% used [0x000000076b380000,0x000000076f35a970,0x000000076f380000)
  from space 10752K, 4% used [0x000000076f380000,0x000000076f3f4930,0x000000076fe00000)
  to   space 10752K, 0% used [0x0000000772a00000,0x0000000772a00000,0x0000000773480000)
 ParOldGen       total 126976K, used 8717K [0x00000006c1a00000, 0x00000006c9600000, 0x000000076b380000)
  object space 126976K, 6% used [0x00000006c1a00000,0x00000006c2283538,0x00000006c9600000)
 Metaspace       used 20675K, capacity 21450K, committed 21632K, reserved 1069056K
  class space    used 2719K, capacity 2917K, committed 2944K, reserved 1048576K
Event: 4.579 GC heap after
Heap after GC invocations=5 (full 1):
 PSYoungGen      total 121344K, used 630K [0x000000076b380000, 0x0000000773900000, 0x00000007c0000000)
  eden space 110592K, 0% used [0x000000076b380000,0x000000076b380000,0x0000000771f80000)
  from space 10752K, 5% used [0x0000000772a00000,0x0000000772a9da78,0x0000000773480000)
  to   space 10752K, 0% used [0x0000000771f80000,0x0000000771f80000,0x0000000772a00000)
 ParOldGen       total 126976K, used 8717K [0x00000006c1a00000, 0x00000006c9600000, 0x000000076b380000)
  object space 126976K, 6% used [0x00000006c1a00000,0x00000006c2283538,0x00000006c9600000)
 Metaspace       used 20675K, capacity 21450K, committed 21632K, reserved 1069056K
  class space    used 2719K, capacity 2917K, committed 2944K, reserved 1048576K
}
Event: 5.294 GC heap before
{Heap before GC invocations=6 (full 1):
 PSYoungGen      total 121344K, used 111222K [0x000000076b380000, 0x0000000773900000, 0x00000007c0000000)
  eden space 110592K, 100% used [0x000000076b380000,0x0000000771f80000,0x0000000771f80000)
  from space 10752K, 5% used [0x0000000772a00000,0x0000000772a9da78,0x0000000773480000)
  to   space 10752K, 0% used [0x0000000771f80000,0x0000000771f80000,0x0000000772a00000)
 ParOldGen       total 126976K, used 8717K [0x00000006c1a00000, 0x00000006c9600000, 0x000000076b380000)
  object space 126976K, 6% used [0x00000006c1a00000,0x00000006c2283538,0x00000006c9600000)
 Metaspace       used 22886K, capacity 23754K, committed 23808K, reserved 1069056K
  class space    used 3042K, capacity 3277K, committed 3328K, reserved 1048576K
Event: 5.300 GC heap after
Heap after GC invocations=6 (full 1):
 PSYoungGen      total 121344K, used 4813K [0x000000076b380000, 0x0000000778000000, 0x00000007c0000000)
  eden space 110592K, 0% used [0x000000076b380000,0x000000076b380000,0x0000000771f80000)
  from space 10752K, 44% used [0x0000000771f80000,0x0000000772433480,0x0000000772a00000)
  to   space 9728K, 0% used [0x0000000777680000,0x0000000777680000,0x0000000778000000)
 ParOldGen       total 126976K, used 8725K [0x00000006c1a00000, 0x00000006c9600000, 0x000000076b380000)
  object space 126976K, 6% used [0x00000006c1a00000,0x00000006c2285538,0x00000006c9600000)
 Metaspace       used 22886K, capacity 23754K, committed 23808K, reserved 1069056K
  class space    used 3042K, capacity 3277K, committed 3328K, reserved 1048576K
}
Event: 7.584 GC heap before
{Heap before GC invocations=7 (full 1):
 PSYoungGen      total 121344K, used 113842K [0x000000076b380000, 0x0000000778000000, 0x00000007c0000000)
  eden space 110592K, 98% used [0x000000076b380000,0x0000000771df95d8,0x0000000771f80000)
  from space 10752K, 44% used [0x0000000771f80000,0x0000000772433480,0x0000000772a00000)
  to   space 9728K, 0% used [0x0000000777680000,0x0000000777680000,0x0000000778000000)
 ParOldGen       total 126976K, used 8725K [0x00000006c1a00000, 0x00000006c9600000, 0x000000076b380000)
  object space 126976K, 6% used [0x00000006c1a00000,0x00000006c2285538,0x00000006c9600000)
 Metaspace       used 23838K, capacity 24762K, committed 24832K, reserved 1071104K
  class space    used 3074K, capacity 3301K, committed 3328K, reserved 1048576K
Event: 7.597 GC heap after
Heap after GC invocations=7 (full 1):
 PSYoungGen      total 186368K, used 9713K [0x000000076b380000, 0x0000000779500000, 0x00000007c0000000)
  eden space 176640K, 0% used [0x000000076b380000,0x000000076b380000,0x0000000776000000)
  from space 9728K, 99% used [0x0000000777680000,0x0000000777ffc780,0x0000000778000000)
  to   space 23040K, 0% used [0x0000000776000000,0x0000000776000000,0x0000000777680000)
 ParOldGen       total 126976K, used 27630K [0x00000006c1a00000, 0x00000006c9600000, 0x000000076b380000)
  object space 126976K, 21% used [0x00000006c1a00000,0x00000006c34fbab0,0x00000006c9600000)
 Metaspace       used 23838K, capacity 24762K, committed 24832K, reserved 1071104K
  class space    used 3074K, capacity 3301K, committed 3328K, reserved 1048576K
}
Event: 14.304 GC heap before
{Heap before GC invocations=8 (full 1):
 PSYoungGen      total 186368K, used 186353K [0x000000076b380000, 0x0000000779500000, 0x00000007c0000000)
  eden space 176640K, 100% used [0x000000076b380000,0x0000000776000000,0x0000000776000000)
  from space 9728K, 99% used [0x0000000777680000,0x0000000777ffc780,0x0000000778000000)
  to   space 23040K, 0% used [0x0000000776000000,0x0000000776000000,0x0000000777680000)
 ParOldGen       total 126976K, used 27630K [0x00000006c1a00000, 0x00000006c9600000, 0x000000076b380000)
  object space 126976K, 21% used [0x00000006c1a00000,0x00000006c34fbab0,0x00000006c9600000)
 Metaspace       used 26341K, capacity 27282K, committed 27392K, reserved 1073152K
  class space    used 3304K, capacity 3553K, committed 3584K, reserved 1048576K
Event: 14.322 GC heap after
Heap after GC invocations=8 (full 1):
 PSYoungGen      total 199680K, used 22867K [0x000000076b380000, 0x0000000780180000, 0x00000007c0000000)
  eden space 176640K, 0% used [0x000000076b380000,0x000000076b380000,0x0000000776000000)
  from space 23040K, 99% used [0x0000000776000000,0x0000000777654e58,0x0000000777680000)
  to   space 28672K, 0% used [0x000000077e580000,0x000000077e580000,0x0000000780180000)
 ParOldGen       total 126976K, used 27801K [0x00000006c1a00000, 0x00000006c9600000, 0x000000076b380000)
  object space 126976K, 21% used [0x00000006c1a00000,0x00000006c35264e8,0x00000006c9600000)
 Metaspace       used 26341K, capacity 27282K, committed 27392K, reserved 1073152K
  class space    used 3304K, capacity 3553K, committed 3584K, reserved 1048576K
}

Deoptimization events (10 events):
Event: 5.938 Thread 0x000000001eb73800 Uncommon trap: reason=class_check action=maybe_recompile pc=0x00000000030c3130 method=java.io.FilterInputStream.read()I @ 4
Event: 5.939 Thread 0x000000001eb73800 Uncommon trap: reason=class_check action=maybe_recompile pc=0x00000000030c3130 method=java.io.FilterInputStream.read()I @ 4
Event: 5.939 Thread 0x000000001eb73800 Uncommon trap: reason=class_check action=maybe_recompile pc=0x00000000030c3130 method=java.io.FilterInputStream.read()I @ 4
Event: 5.939 Thread 0x000000001eb73800 Uncommon trap: reason=class_check action=maybe_recompile pc=0x00000000030c3130 method=java.io.FilterInputStream.read()I @ 4
Event: 7.748 Thread 0x000000001ddfb000 Uncommon trap: reason=unstable_if action=reinterpret pc=0x00000000033fa114 method=com.sun.javafx.image.impl.ByteBgra$ToByteBgraPreConv.doConvert([BII[BIIII)V @ 31
Event: 7.774 Thread 0x000000001ddfb000 Uncommon trap: reason=unstable_if action=reinterpret pc=0x00000000033f72bc method=com.sun.javafx.image.impl.BaseByteToByteConverter$FourByteReorderer.doConvert([BII[BIIII)V @ 31
Event: 10.693 Thread 0x000000001ddfb000 Uncommon trap: reason=null_check action=make_not_entrant pc=0x00000000034c329c method=javafx.scene.Node$MiscProperties.getClip()Ljavafx/scene/Node; @ 20
Event: 11.301 Thread 0x000000001ddfb000 Uncommon trap: reason=bimorphic action=maybe_recompile pc=0x0000000002ba0358 method=java.util.concurrent.ConcurrentHashMap.putVal(Ljava/lang/Object;Ljava/lang/Object;Z)Ljava/lang/Object; @ 192
Event: 14.284 Thread 0x000000001eb74800 Uncommon trap: reason=unstable_if action=reinterpret pc=0x0000000003056244 method=sun.net.www.ParseUtil.match(CJJ)Z @ 13
Event: 14.339 Thread 0x000000001dddd800 Uncommon trap: reason=unstable_if action=reinterpret pc=0x000000000351e4f0 method=com.sun.prism.impl.ManagedResource._isgone(Lcom/sun/prism/impl/ManagedResource;)Z @ 1

Classes redefined (0 events):
No events

Internal exceptions (10 events):
Event: 2.764 Thread 0x000000001ddfb000 Exception <a 'java/io/FileNotFoundException'> (0x000000076d848868) thrown at [C:\re\workspace\8-2-build-windows-amd64-cygwin\jdk8u221\13320\hotspot\src\share\vm\prims\jni.cpp, line 710]
Event: 2.791 Thread 0x000000001ddfb000 Exception <a 'java/io/FileNotFoundException'> (0x000000076d875fd8) thrown at [C:\re\workspace\8-2-build-windows-amd64-cygwin\jdk8u221\13320\hotspot\src\share\vm\prims\jni.cpp, line 710]
Event: 5.292 Thread 0x0000000025ab5800 Exception <a 'sun/nio/fs/WindowsException'> (0x0000000771f16648) thrown at [C:\re\workspace\8-2-build-windows-amd64-cygwin\jdk8u221\13320\hotspot\src\share\vm\prims\jni.cpp, line 710]
Event: 6.052 Thread 0x000000001ddfb000 Exception <a 'java/io/FileNotFoundException'> (0x000000076b714e48) thrown at [C:\re\workspace\8-2-build-windows-amd64-cygwin\jdk8u221\13320\hotspot\src\share\vm\prims\jni.cpp, line 710]
Event: 6.053 Thread 0x000000001ddfb000 Exception <a 'java/io/FileNotFoundException'> (0x000000076b715f68) thrown at [C:\re\workspace\8-2-build-windows-amd64-cygwin\jdk8u221\13320\hotspot\src\share\vm\prims\jni.cpp, line 710]
Event: 6.054 Thread 0x000000001ddfb000 Exception <a 'java/io/FileNotFoundException'> (0x000000076b71ba08) thrown at [C:\re\workspace\8-2-build-windows-amd64-cygwin\jdk8u221\13320\hotspot\src\share\vm\prims\jni.cpp, line 710]
Event: 6.054 Thread 0x000000001ddfb000 Exception <a 'java/io/FileNotFoundException'> (0x000000076b71ca98) thrown at [C:\re\workspace\8-2-build-windows-amd64-cygwin\jdk8u221\13320\hotspot\src\share\vm\prims\jni.cpp, line 710]
Event: 10.693 Thread 0x000000001ddfb000 Implicit null exception at 0x00000000034c0d28 to 0x00000000034c328d
Event: 13.974 Thread 0x000000001ddfb000 Exception <a 'java/io/FileNotFoundException'> (0x0000000774b85f20) thrown at [C:\re\workspace\8-2-build-windows-amd64-cygwin\jdk8u221\13320\hotspot\src\share\vm\prims\jni.cpp, line 710]
Event: 14.339 Thread 0x000000001dddd800 Implicit null exception at 0x000000000351e46c to 0x000000000351e4e1

Events (10 events):
Event: 14.431 Executing VM operation: BulkRevokeBias
Event: 14.431 Executing VM operation: BulkRevokeBias done
Event: 14.432 Thread 0x000000001c0d6800 flushing nmethod 0x00000000032df750
Event: 14.432 Thread 0x000000001c0d6800 flushing nmethod 0x00000000032dfb90
Event: 14.432 Thread 0x000000001c0d6800 flushing nmethod 0x00000000032e3710
Event: 14.432 Thread 0x000000001c0d6800 flushing nmethod 0x00000000032e9410
Event: 14.432 Thread 0x000000001c0d6800 flushing nmethod 0x00000000033278d0
Event: 14.432 Thread 0x000000001c0d6800 flushing nmethod 0x0000000003351690
Event: 14.432 Thread 0x000000001c0d6800 flushing nmethod 0x000000000336dd10
Event: 14.433 Thread 0x000000001c0d6800 flushing nmethod 0x00000000033f3590


Dynamic libraries:
0x00007ff717cd0000 - 0x00007ff717d07000 	C:\Program Files\Java\jdk1.8.0_221\bin\javaw.exe
0x00007ffb99820000 - 0x00007ffb99a10000 	C:\WINDOWS\SYSTEM32\ntdll.dll
0x00007ffb980e0000 - 0x00007ffb98192000 	C:\WINDOWS\System32\KERNEL32.DLL
0x00007ffb97370000 - 0x00007ffb97613000 	C:\WINDOWS\System32\KERNELBASE.dll
0x00007ffb986c0000 - 0x00007ffb98763000 	C:\WINDOWS\System32\ADVAPI32.dll
0x00007ffb98d60000 - 0x00007ffb98dfe000 	C:\WINDOWS\System32\msvcrt.dll
0x00007ffb99740000 - 0x00007ffb997d7000 	C:\WINDOWS\System32\sechost.dll
0x00007ffb99500000 - 0x00007ffb99620000 	C:\WINDOWS\System32\RPCRT4.dll
0x00007ffb98b10000 - 0x00007ffb98ca4000 	C:\WINDOWS\System32\USER32.dll
0x00007ffb978a0000 - 0x00007ffb978c1000 	C:\WINDOWS\System32\win32u.dll
0x00007ffb981a0000 - 0x00007ffb981c6000 	C:\WINDOWS\System32\GDI32.dll
0x00007ffb970b0000 - 0x00007ffb97244000 	C:\WINDOWS\System32\gdi32full.dll
0x00007ffb97270000 - 0x00007ffb9730e000 	C:\WINDOWS\System32\msvcp_win.dll
0x00007ffb96f30000 - 0x00007ffb9702a000 	C:\WINDOWS\System32\ucrtbase.dll
0x00007ffb862c0000 - 0x00007ffb86545000 	C:\WINDOWS\WinSxS\amd64_microsoft.windows.common-controls_6595b64144ccf1df_6.0.18362.476_none_e6c4b11b130f2595\COMCTL32.dll
0x00007ffb97cd0000 - 0x00007ffb98006000 	C:\WINDOWS\System32\combase.dll
0x00007ffb97030000 - 0x00007ffb970b0000 	C:\WINDOWS\System32\bcryptPrimitives.dll
0x00007ffb98930000 - 0x00007ffb9895e000 	C:\WINDOWS\System32\IMM32.DLL
0x00000000685c0000 - 0x0000000068692000 	C:\Program Files\Java\jdk1.8.0_221\jre\bin\msvcr100.dll
0x000000006c490000 - 0x000000006cd35000 	C:\Program Files\Java\jdk1.8.0_221\jre\bin\server\jvm.dll
0x00007ffb97950000 - 0x00007ffb97958000 	C:\WINDOWS\System32\PSAPI.DLL
0x00007ffb94750000 - 0x00007ffb94774000 	C:\WINDOWS\SYSTEM32\WINMM.dll
0x00007ffb82950000 - 0x00007ffb82959000 	C:\WINDOWS\SYSTEM32\WSOCK32.dll
0x00007ffb98010000 - 0x00007ffb9807f000 	C:\WINDOWS\System32\WS2_32.dll
0x00007ffb86950000 - 0x00007ffb8695a000 	C:\WINDOWS\SYSTEM32\VERSION.dll
0x00007ffb94720000 - 0x00007ffb9474d000 	C:\WINDOWS\SYSTEM32\winmmbase.dll
0x00007ffb97620000 - 0x00007ffb9766a000 	C:\WINDOWS\System32\cfgmgr32.dll
0x00007ffb8f2c0000 - 0x00007ffb8f2cf000 	C:\Program Files\Java\jdk1.8.0_221\jre\bin\verify.dll
0x00007ffb89c70000 - 0x00007ffb89c99000 	C:\Program Files\Java\jdk1.8.0_221\jre\bin\java.dll
0x00007ffb8bf70000 - 0x00007ffb8bf86000 	C:\Program Files\Java\jdk1.8.0_221\jre\bin\zip.dll
0x00007ffb98e00000 - 0x00007ffb994e5000 	C:\WINDOWS\System32\SHELL32.dll
0x00007ffb98cb0000 - 0x00007ffb98d59000 	C:\WINDOWS\System32\shcore.dll
0x00007ffb967b0000 - 0x00007ffb96f2e000 	C:\WINDOWS\System32\windows.storage.dll
0x00007ffb96770000 - 0x00007ffb9678f000 	C:\WINDOWS\System32\profapi.dll
0x00007ffb96720000 - 0x00007ffb9676a000 	C:\WINDOWS\System32\powrprof.dll
0x00007ffb966f0000 - 0x00007ffb96700000 	C:\WINDOWS\System32\UMPDC.dll
0x00007ffb99620000 - 0x00007ffb99672000 	C:\WINDOWS\System32\shlwapi.dll
0x00007ffb96700000 - 0x00007ffb96711000 	C:\WINDOWS\System32\kernel.appcore.dll
0x00007ffb97250000 - 0x00007ffb97267000 	C:\WINDOWS\System32\cryptsp.dll
0x000000001e020000 - 0x000000001e023000 	C:\Program Files\Java\jdk1.8.0_221\jre\bin\api-ms-win-core-console-l1-1-0.dll
0x000000001e030000 - 0x000000001e033000 	C:\Program Files\Java\jdk1.8.0_221\jre\bin\api-ms-win-core-datetime-l1-1-0.dll
0x000000001e040000 - 0x000000001e043000 	C:\Program Files\Java\jdk1.8.0_221\jre\bin\api-ms-win-core-debug-l1-1-0.dll
0x000000001e050000 - 0x000000001e053000 	C:\Program Files\Java\jdk1.8.0_221\jre\bin\api-ms-win-core-errorhandling-l1-1-0.dll
0x000000001e060000 - 0x000000001e064000 	C:\Program Files\Java\jdk1.8.0_221\jre\bin\api-ms-win-core-file-l1-1-0.dll
0x000000001e070000 - 0x000000001e073000 	C:\Program Files\Java\jdk1.8.0_221\jre\bin\api-ms-win-core-file-l1-2-0.dll
0x000000001e080000 - 0x000000001e083000 	C:\Program Files\Java\jdk1.8.0_221\jre\bin\api-ms-win-core-file-l2-1-0.dll
0x000000001e090000 - 0x000000001e093000 	C:\Program Files\Java\jdk1.8.0_221\jre\bin\api-ms-win-core-handle-l1-1-0.dll
0x000000001e0a0000 - 0x000000001e0a3000 	C:\Program Files\Java\jdk1.8.0_221\jre\bin\api-ms-win-core-heap-l1-1-0.dll
0x000000001e0b0000 - 0x000000001e0b3000 	C:\Program Files\Java\jdk1.8.0_221\jre\bin\api-ms-win-core-interlocked-l1-1-0.dll
0x000000001e0c0000 - 0x000000001e0c3000 	C:\Program Files\Java\jdk1.8.0_221\jre\bin\api-ms-win-core-libraryloader-l1-1-0.dll
0x000000001e0d0000 - 0x000000001e0d3000 	C:\Program Files\Java\jdk1.8.0_221\jre\bin\api-ms-win-core-localization-l1-2-0.dll
0x000000001e0e0000 - 0x000000001e0e3000 	C:\Program Files\Java\jdk1.8.0_221\jre\bin\api-ms-win-core-memory-l1-1-0.dll
0x000000001e0f0000 - 0x000000001e0f3000 	C:\Program Files\Java\jdk1.8.0_221\jre\bin\api-ms-win-core-namedpipe-l1-1-0.dll
0x000000001e100000 - 0x000000001e103000 	C:\Program Files\Java\jdk1.8.0_221\jre\bin\api-ms-win-core-processenvironment-l1-1-0.dll
0x000000001e110000 - 0x000000001e113000 	C:\Program Files\Java\jdk1.8.0_221\jre\bin\api-ms-win-core-processthreads-l1-1-0.dll
0x000000001e120000 - 0x000000001e123000 	C:\Program Files\Java\jdk1.8.0_221\jre\bin\api-ms-win-core-processthreads-l1-1-1.dll
0x000000001e130000 - 0x000000001e133000 	C:\Program Files\Java\jdk1.8.0_221\jre\bin\api-ms-win-core-profile-l1-1-0.dll
0x000000001e140000 - 0x000000001e143000 	C:\Program Files\Java\jdk1.8.0_221\jre\bin\api-ms-win-core-rtlsupport-l1-1-0.dll
0x000000001e150000 - 0x000000001e153000 	C:\Program Files\Java\jdk1.8.0_221\jre\bin\api-ms-win-core-string-l1-1-0.dll
0x000000001e160000 - 0x000000001e163000 	C:\Program Files\Java\jdk1.8.0_221\jre\bin\api-ms-win-core-synch-l1-1-0.dll
0x000000001e170000 - 0x000000001e173000 	C:\Program Files\Java\jdk1.8.0_221\jre\bin\api-ms-win-core-synch-l1-2-0.dll
0x000000001e180000 - 0x000000001e183000 	C:\Program Files\Java\jdk1.8.0_221\jre\bin\api-ms-win-core-sysinfo-l1-1-0.dll
0x000000001e190000 - 0x000000001e193000 	C:\Program Files\Java\jdk1.8.0_221\jre\bin\api-ms-win-core-timezone-l1-1-0.dll
0x000000001e1a0000 - 0x000000001e1a3000 	C:\Program Files\Java\jdk1.8.0_221\jre\bin\api-ms-win-core-util-l1-1-0.dll
0x000000001e1b0000 - 0x000000001e1b3000 	C:\Program Files\Java\jdk1.8.0_221\jre\bin\api-ms-win-crt-conio-l1-1-0.dll
0x000000001e1c0000 - 0x000000001e1c4000 	C:\Program Files\Java\jdk1.8.0_221\jre\bin\api-ms-win-crt-convert-l1-1-0.dll
0x000000001e1d0000 - 0x000000001e1d3000 	C:\Program Files\Java\jdk1.8.0_221\jre\bin\api-ms-win-crt-environment-l1-1-0.dll
0x000000001e1e0000 - 0x000000001e1e3000 	C:\Program Files\Java\jdk1.8.0_221\jre\bin\api-ms-win-crt-filesystem-l1-1-0.dll
0x000000001e1f0000 - 0x000000001e1f3000 	C:\Program Files\Java\jdk1.8.0_221\jre\bin\api-ms-win-crt-heap-l1-1-0.dll
0x000000001e200000 - 0x000000001e203000 	C:\Program Files\Java\jdk1.8.0_221\jre\bin\api-ms-win-crt-locale-l1-1-0.dll
0x000000001e210000 - 0x000000001e215000 	C:\Program Files\Java\jdk1.8.0_221\jre\bin\api-ms-win-crt-math-l1-1-0.dll
0x000000001e220000 - 0x000000001e225000 	C:\Program Files\Java\jdk1.8.0_221\jre\bin\api-ms-win-crt-multibyte-l1-1-0.dll
0x000000001e230000 - 0x000000001e240000 	C:\Program Files\Java\jdk1.8.0_221\jre\bin\api-ms-win-crt-private-l1-1-0.dll
0x000000001e240000 - 0x000000001e243000 	C:\Program Files\Java\jdk1.8.0_221\jre\bin\api-ms-win-crt-process-l1-1-0.dll
0x000000001e250000 - 0x000000001e254000 	C:\Program Files\Java\jdk1.8.0_221\jre\bin\api-ms-win-crt-runtime-l1-1-0.dll
0x000000001e260000 - 0x000000001e264000 	C:\Program Files\Java\jdk1.8.0_221\jre\bin\api-ms-win-crt-stdio-l1-1-0.dll
0x000000001e270000 - 0x000000001e274000 	C:\Program Files\Java\jdk1.8.0_221\jre\bin\api-ms-win-crt-string-l1-1-0.dll
0x000000001e280000 - 0x000000001e283000 	C:\Program Files\Java\jdk1.8.0_221\jre\bin\api-ms-win-crt-time-l1-1-0.dll
0x000000001e290000 - 0x000000001e293000 	C:\Program Files\Java\jdk1.8.0_221\jre\bin\api-ms-win-crt-utility-l1-1-0.dll
0x00007ffb44f20000 - 0x00007ffb45016000 	C:\Program Files\Java\jdk1.8.0_221\jre\bin\ucrtbase.dll
0x00007ffb8bfb0000 - 0x00007ffb8bfc6000 	C:\Program Files\Java\jdk1.8.0_221\jre\bin\vcruntime140.dll
0x00007ffb53ad0000 - 0x00007ffb53b7a000 	C:\Program Files\Java\jdk1.8.0_221\jre\bin\msvcp140.dll
0x00007ffb6d870000 - 0x00007ffb6d8c4000 	C:\Program Files\Java\jdk1.8.0_221\jre\bin\concrt140.dll
0x00007ffb86f40000 - 0x00007ffb86f63000 	C:\Program Files\Java\jdk1.8.0_221\jre\bin\prism_d3d.dll
0x00007ffb52a70000 - 0x00007ffb52c37000 	C:\WINDOWS\system32\d3d9.dll
0x00007ffb94a70000 - 0x00007ffb94a9d000 	C:\WINDOWS\SYSTEM32\dwmapi.dll
0x00007ffb95390000 - 0x00007ffb953b0000 	C:\WINDOWS\SYSTEM32\dxcore.dll
0x00007ffb94980000 - 0x00007ffb94a19000 	C:\WINDOWS\system32\uxtheme.dll
0x00007ffb42980000 - 0x00007ffb44ebd000 	C:\WINDOWS\SYSTEM32\igdumdim64.dll
0x00007ffb97a30000 - 0x00007ffb97af4000 	C:\WINDOWS\System32\OLEAUT32.dll
0x00007ffb987d0000 - 0x00007ffb98926000 	C:\WINDOWS\System32\ole32.dll
0x00007ffb98250000 - 0x00007ffb986c0000 	C:\WINDOWS\System32\SETUPAPI.dll
0x00007ffb97670000 - 0x00007ffb97696000 	C:\WINDOWS\System32\bcrypt.dll
0x00007ffb6d780000 - 0x00007ffb6d7c9000 	C:\Program Files\Java\jdk1.8.0_221\jre\bin\glass.dll
0x00007ffb97960000 - 0x00007ffb97a30000 	C:\WINDOWS\System32\COMDLG32.dll
0x00007ffb97b90000 - 0x00007ffb97cc6000 	C:\WINDOWS\System32\MSCTF.dll
0x00007ffb8cce0000 - 0x00007ffb8d71f000 	C:\WINDOWS\SYSTEM32\igdusc64.dll
0x00007ffb89ca0000 - 0x00007ffb89cb4000 	C:\Program Files\Java\jdk1.8.0_221\jre\bin\javafx_font.dll
0x00007ffb8d8e0000 - 0x00007ffb8dbde000 	C:\WINDOWS\SYSTEM32\dwrite.dll
0x00007ffb95ad0000 - 0x00007ffb95b03000 	C:\WINDOWS\system32\rsaenh.dll
0x00007ffb96610000 - 0x00007ffb96635000 	C:\WINDOWS\SYSTEM32\USERENV.dll
0x00007ffb96130000 - 0x00007ffb9613c000 	C:\WINDOWS\SYSTEM32\CRYPTBASE.dll
0x00007ffb8bd30000 - 0x00007ffb8bd4a000 	C:\Program Files\Java\jdk1.8.0_221\jre\bin\net.dll
0x00007ffb8fda0000 - 0x00007ffb8ff76000 	C:\WINDOWS\SYSTEM32\urlmon.dll
0x00007ffb902a0000 - 0x00007ffb90546000 	C:\WINDOWS\SYSTEM32\iertutil.dll
0x00007ffb95f60000 - 0x00007ffb95fc7000 	C:\WINDOWS\system32\mswsock.dll
0x00007ffb95c70000 - 0x00007ffb95caa000 	C:\WINDOWS\SYSTEM32\IPHLPAPI.DLL
0x00007ffb99730000 - 0x00007ffb99738000 	C:\WINDOWS\System32\NSI.dll
0x00007ffb8f170000 - 0x00007ffb8f186000 	C:\WINDOWS\SYSTEM32\dhcpcsvc6.DLL
0x00007ffb8dc80000 - 0x00007ffb8dc9c000 	C:\WINDOWS\SYSTEM32\dhcpcsvc.DLL
0x00007ffb95cb0000 - 0x00007ffb95d7a000 	C:\WINDOWS\SYSTEM32\DNSAPI.dll
0x00007ffb8aac0000 - 0x00007ffb8aad2000 	C:\Program Files\Java\jdk1.8.0_221\jre\bin\nio.dll
0x00007ffb1cb20000 - 0x00007ffb20b7b000 	C:\Program Files\Java\jdk1.8.0_221\jre\bin\jfxwebkit.dll
0x00007ffb86f70000 - 0x00007ffb86f94000 	C:\Program Files\Java\jdk1.8.0_221\jre\bin\sunec.dll
0x00007ffb99680000 - 0x00007ffb99722000 	C:\WINDOWS\System32\clbcatq.dll
0x00007ffb8e050000 - 0x00007ffb8e1ff000 	C:\WINDOWS\SYSTEM32\WindowsCodecs.dll
0x00007ffb6f8d0000 - 0x00007ffb6f90a000 	C:\WINDOWS\system32\dataexchange.dll
0x00007ffb93690000 - 0x00007ffb9386b000 	C:\WINDOWS\system32\dcomp.dll
0x00007ffb93390000 - 0x00007ffb935eb000 	C:\WINDOWS\system32\d3d11.dll
0x00007ffb954b0000 - 0x00007ffb9559b000 	C:\WINDOWS\system32\dxgi.dll
0x00007ffb94aa0000 - 0x00007ffb94cfa000 	C:\WINDOWS\system32\twinapi.appcore.dll
0x00007ffb94f80000 - 0x00007ffb94fa9000 	C:\WINDOWS\system32\RMCLIENT.dll
0x00007ffb83060000 - 0x00007ffb83093000 	C:\Program Files\Common Files\Microsoft Shared\Ink\rtscom.dll
0x00007ffb935f0000 - 0x00007ffb9368e000 	C:\WINDOWS\System32\TextInputFramework.dll
0x00007ffb92e50000 - 0x00007ffb9317a000 	C:\WINDOWS\System32\CoreUIComponents.dll
0x00007ffb939d0000 - 0x00007ffb93aa4000 	C:\WINDOWS\System32\CoreMessaging.dll
0x00007ffb95690000 - 0x00007ffb956c1000 	C:\WINDOWS\SYSTEM32\ntmarta.dll
0x00007ffb92730000 - 0x00007ffb92883000 	C:\WINDOWS\SYSTEM32\wintypes.dll

VM Arguments:
jvm_args: -Dfile.encoding=UTF-8 
java_command: pl.B4GU5.TW.Main
java_class_path (initial): C:\Users\mbn\eclipse-workspace\TW2\target\classes;C:\Users\mbn\.m2\repository\org\json\json\20190722\json-20190722.jar;C:\Users\mbn\.m2\repository\org\jfxtras\jmetro\8.6-RC-06\jmetro-8.6-RC-06.jar;C:\Users\mbn\.m2\repository\org\controlsfx\controlsfx\8.40.14\controlsfx-8.40.14.jar;C:\Users\mbn\.m2\repository\de\jensd\fontawesomefx\8.9\fontawesomefx-8.9.jar;C:\Users\mbn\.m2\repository\com\jfoenix\jfoenix\8.0.9\jfoenix-8.0.9.jar;C:\Users\mbn\.m2\repository\de\schlegel11\jfxanimation\2.0.0\jfxanimation-2.0.0.jar;C:\Users\mbn\.m2\repository\uk\co\rx14\jmclaunchlib\jMCLaunchLib\0.3.1\jMCLaunchLib-0.3.1.jar;C:\Users\mbn\.m2\repository\org\codehaus\groovy\groovy-all\2.3.11\groovy-all-2.3.11-indy.jar;C:\Users\mbn\.m2\repository\com\mashape\unirest\unirest-java\1.4.5\unirest-java-1.4.5.jar;C:\Users\mbn\.m2\repository\org\apache\httpcomponents\httpclient\4.3.6\httpclient-4.3.6.jar;C:\Users\mbn\.m2\repository\org\apache\httpcomponents\httpcore\4.3.3\httpcore-4.3.3.jar;C:\Users\mbn\.m2\repository\org\apache\httpcomponents\httpasyncclient\4.0.2\httpasyncclient-4.0.2.jar;C:\Users\mbn\.m2\repository\org\apache\httpcomponents\httpcore-nio\4.3.2\httpcore-nio-4.3.2.jar;C:\Users\mbn\.m2\repository\org\apache\httpcomponents\httpmime\4.3.6\httpmime-4.3.6.jar;C:\Users\mbn\.m2\repository\commons-codec\commons-codec\1.10\commons-codec-1.10.jar;C:\Users\mbn\.m2\repository\org\tukaani\xz\1.5\xz-1.5.jar;C:\Users\mbn\.m2\repository\commons-io\commons-io\2.4\commons-io-2.4.jar;C:\Users\mbn\.m2\repository\commons-logging\commons-logging\1.2\commons-logging-1.2.jar;C:\Users\mbn\.m2\repository\org\codefx\libfx\LibFX\0.3.0\LibFX-0.3.0.jar;C:\Users\mbn\.m2\repository\org\apache\commons\commons-lang3\3.0\commons-lang3-3.0.jar
Launcher Type: SUN_STANDARD

Environment Variables:
PATH=C:/Program Files/Java/jdk1.8.0_221/bin/../jre/bin/server;C:/Program Files/Java/jdk1.8.0_221/bin/../jre/bin;C:/Program Files/Java/jdk1.8.0_221/bin/../jre/lib/amd64;C:\Program Files (x86)\Common Files\Oracle\Java\javapath;C:\ProgramData\Oracle\Java\javapath;C:\Program Files (x86)\Intel\Intel(R) Management Engine Components\iCLS\;C:\Program Files\Intel\Intel(R) Management Engine Components\iCLS\;C:\WINDOWS\system32;C:\WINDOWS;C:\WINDOWS\System32\Wbem;C:\WINDOWS\System32\WindowsPowerShell\v1.0\;C:\WINDOWS\System32\OpenSSH\;C:\Program Files (x86)\Intel\Intel(R) Management Engine Components\DAL;C:\Program Files\Intel\Intel(R) Management Engine Components\DAL;C:\Program Files\Intel\WiFi\bin\;C:\Program Files\Common Files\Intel\WirelessCommon\;C:\Program Files (x86)\PuTTY\;C:\Program Files\Git\cmd;C:\Users\mbn\AppData\Local\Microsoft\WindowsApps;;C:\Users\mbn\Desktop;
USERNAME=mbn
OS=Windows_NT
PROCESSOR_IDENTIFIER=Intel64 Family 6 Model 61 Stepping 4, GenuineIntel



---------------  S Y S T E M  ---------------

OS: Windows 10.0 , 64 bit Build 18362 (10.0.18362.329)

CPU:total 4 (initial active 4) (2 cores per cpu, 2 threads per core) family 6 model 61 stepping 4, cmov, cx8, fxsr, mmx, sse, sse2, sse3, ssse3, sse4.1, sse4.2, popcnt, avx, avx2, aes, clmul, erms, rtm, 3dnowpref, lzcnt, ht, tsc, tscinvbit, bmi1, bmi2, adx

Memory: 4k page, physical 16666048k(9310236k free), swap 19156416k(10049848k free)

vm_info: Java HotSpot(TM) 64-Bit Server VM (25.221-b11) for windows-amd64 JRE (1.8.0_221-b11), built on Jul  4 2019 04:39:29 by "java_re" with MS VC++ 10.0 (VS2010)

time: Mon Dec 02 14:06:03 2019
timezone: Central European Standard Time
elapsed time: 14 seconds (0d 0h 0m 14s)

