#
# A fatal error has been detected by the Java Runtime Environment:
#
#  EXCEPTION_ACCESS_VIOLATION (0xc0000005) at pc=0x00007ffb1d7580f0, pid=9496, tid=0x0000000000003a08
#
# JRE version: Java(TM) SE Runtime Environment (8.0_221-b11) (build 1.8.0_221-b11)
# Java VM: Java HotSpot(TM) 64-Bit Server VM (25.221-b11 mixed mode windows-amd64 compressed oops)
# Problematic frame:
# C  [jfxwebkit.dll+0xc380f0]
#
# Failed to write core dump. Minidumps are not enabled by default on client versions of Windows
#
# If you would like to submit a bug report, please visit:
#   http://bugreport.java.com/bugreport/crash.jsp
# The crash happened outside the Java Virtual Machine in native code.
# See problematic frame for where to report the bug.
#

---------------  T H R E A D  ---------------

Current thread (0x000000001d7f4800):  JavaThread "JavaFX Application Thread" [_thread_in_native, id=14856, stack(0x000000001e090000,0x000000001e190000)]

siginfo: ExceptionCode=0xc0000005, reading address 0x0000000000000048

Registers:
RAX=0x0000bc680ebd7dda, RBX=0x000000001e18d0a0, RCX=0x0000000000000048, RDX=0x0000000000000000
RSP=0x000000001e18cf38, RBP=0x000000001e18cfa9, RSI=0x0000000000000000, RDI=0x000000001e18d0d0
R8 =0x000000001e18d0a0, R9 =0x0000000000000000, R10=0x00000000222be740, R11=0x0000000000000000
R12=0x00000000222be6f0, R13=0x0000000000000001, R14=0x00000000222bc530, R15=0x0000000000000000
RIP=0x00007ffb1d7580f0, EFLAGS=0x0000000000010246

Top of Stack: (sp=0x000000001e18cf38)
0x000000001e18cf38:   00007ffb1d71298d 0000000000000000
0x000000001e18cf48:   0000000000000000 0000000000000052
0x000000001e18cf58:   00007ffb1d742497 000000001e18cfd0
0x000000001e18cf68:   00007ffb96f414cb 000000002499a6b0
0x000000001e18cf78:   0000000000000000 0000000000000000
0x000000001e18cf88:   0000bc680ebd7dfa 00000000222be6f0
0x000000001e18cf98:   0000000000000000 000000001e18d048
0x000000001e18cfa8:   00007ffb1df62809 0000000000000000
0x000000001e18cfb8:   000000000000001c 0000000000000000
0x000000001e18cfc8:   00007ffb1d711236 0000bc680ebd7dda
0x000000001e18cfd8:   00007ffb1d7459d8 0000000000000000
0x000000001e18cfe8:   0000000000000000 000000000000001c
0x000000001e18cff8:   000000001e18d098 000000001e18d110
0x000000001e18d008:   00007ffb1d7304aa 00000000222bc548
0x000000001e18d018:   000000001e18d098 000000001e18d110
0x000000001e18d028:   00007ffb9985ba17 00000000003d0000 

Instructions: (pc=0x00007ffb1d7580f0)
0x00007ffb1d7580d0:   48 8b 49 68 ff c0 48 85 c9 75 f5 c3 cc cc cc cc
0x00007ffb1d7580e0:   cc cc cc cc cc cc cc cc cc cc cc cc cc cc cc cc
0x00007ffb1d7580f0:   48 8b 01 48 85 c0 74 17 0f 1f 84 00 00 00 00 00
0x00007ffb1d758100:   48 8b c8 48 8b 40 50 48 85 c0 75 f4 48 8b c1 c3 


Register to memory mapping:

RAX=0x0000bc680ebd7dda is an unknown value
RBX=0x000000001e18d0a0 is pointing into the stack for thread: 0x000000001d7f4800
RCX=0x0000000000000048 is an unknown value
RDX=0x0000000000000000 is an unknown value
RSP=0x000000001e18cf38 is pointing into the stack for thread: 0x000000001d7f4800
RBP=0x000000001e18cfa9 is pointing into the stack for thread: 0x000000001d7f4800
RSI=0x0000000000000000 is an unknown value
RDI=0x000000001e18d0d0 is pointing into the stack for thread: 0x000000001d7f4800
R8 =0x000000001e18d0a0 is pointing into the stack for thread: 0x000000001d7f4800
R9 =0x0000000000000000 is an unknown value
R10=0x00000000222be740 is an unknown value
R11=0x0000000000000000 is an unknown value
R12=0x00000000222be6f0 is an unknown value
R13=0x0000000000000001 is an unknown value
R14=0x00000000222bc530 is an unknown value
R15=0x0000000000000000 is an unknown value


Stack: [0x000000001e090000,0x000000001e190000],  sp=0x000000001e18cf38,  free space=1011k
Native frames: (J=compiled Java code, j=interpreted, Vv=VM code, C=native code)
C  [jfxwebkit.dll+0xc380f0]

Java frames: (J=compiled Java code, j=interpreted, Vv=VM code)
j  com.sun.webkit.network.URLLoader.twkDidReceiveResponse(ILjava/lang/String;Ljava/lang/String;JLjava/lang/String;Ljava/lang/String;J)V+0
j  com.sun.webkit.network.URLLoader.notifyDidReceiveResponse(ILjava/lang/String;Ljava/lang/String;JLjava/lang/String;Ljava/lang/String;)V+91
j  com.sun.webkit.network.URLLoader.lambda$didReceiveResponse$3(ILjava/lang/String;Ljava/lang/String;JLjava/lang/String;Ljava/lang/String;)V+17
j  com.sun.webkit.network.URLLoader$$Lambda$235.run()V+28
j  com.sun.javafx.application.PlatformImpl.lambda$null$5(Ljava/lang/Runnable;)Ljava/lang/Void;+1
j  com.sun.javafx.application.PlatformImpl$$Lambda$49.run()Ljava/lang/Object;+4
v  ~StubRoutines::call_stub
J 2401  java.security.AccessController.doPrivileged(Ljava/security/PrivilegedAction;Ljava/security/AccessControlContext;)Ljava/lang/Object; (0 bytes) @ 0x00000000028029e6 [0x0000000002802980+0x66]
j  com.sun.javafx.application.PlatformImpl.lambda$runLater$6(Ljava/lang/Runnable;Ljava/security/AccessControlContext;)V+7
j  com.sun.javafx.application.PlatformImpl$$Lambda$48.run()V+8
j  com.sun.glass.ui.InvokeLaterDispatcher$Future.run()V+4
v  ~StubRoutines::call_stub
j  com.sun.glass.ui.win.WinApplication._runLoop(Ljava/lang/Runnable;)V+0
j  com.sun.glass.ui.win.WinApplication.lambda$null$3(ILjava/lang/Runnable;)V+8
j  com.sun.glass.ui.win.WinApplication$$Lambda$37.run()V+12
j  java.lang.Thread.run()V+11
v  ~StubRoutines::call_stub

---------------  P R O C E S S  ---------------

Java Threads: ( => current thread )
  0x0000000022e21000 JavaThread "URL-Loader-1" daemon [_thread_blocked, id=15040, stack(0x0000000065e10000,0x0000000065f10000)]
  0x000000002320b800 JavaThread "Disposer" daemon [_thread_blocked, id=10784, stack(0x0000000065b10000,0x0000000065c10000)]
  0x0000000022d60000 JavaThread "Prism Font Disposer" daemon [_thread_blocked, id=14612, stack(0x00000000251f0000,0x00000000252f0000)]
  0x0000000022b18000 JavaThread "Thread-3" daemon [_thread_in_native, id=9316, stack(0x00000000232a0000,0x00000000233a0000)]
  0x0000000022aa2000 JavaThread "JavaFX-Launcher" [_thread_blocked, id=8012, stack(0x00000000233a0000,0x00000000234a0000)]
=>0x000000001d7f4800 JavaThread "JavaFX Application Thread" [_thread_in_native, id=14856, stack(0x000000001e090000,0x000000001e190000)]
  0x000000001d7f1000 JavaThread "Thread-1" daemon [_thread_blocked, id=2776, stack(0x000000001df90000,0x000000001e090000)]
  0x000000001d7a8800 JavaThread "QuantumRenderer-0" daemon [_thread_blocked, id=14796, stack(0x000000001dc50000,0x000000001dd50000)]
  0x000000001d4c5000 JavaThread "Service Thread" daemon [_thread_blocked, id=5140, stack(0x000000001d880000,0x000000001d980000)]
  0x000000001bb45000 JavaThread "C1 CompilerThread2" daemon [_thread_blocked, id=14808, stack(0x000000001d380000,0x000000001d480000)]
  0x000000001bb40800 JavaThread "C2 CompilerThread1" daemon [_thread_blocked, id=12596, stack(0x000000001d280000,0x000000001d380000)]
  0x000000001bb38000 JavaThread "C2 CompilerThread0" daemon [_thread_blocked, id=10732, stack(0x000000001d180000,0x000000001d280000)]
  0x000000001bb36000 JavaThread "Attach Listener" daemon [_thread_blocked, id=12228, stack(0x000000001d080000,0x000000001d180000)]
  0x000000001bb34800 JavaThread "Signal Dispatcher" daemon [_thread_blocked, id=15212, stack(0x000000001cf80000,0x000000001d080000)]
  0x000000000254b800 JavaThread "Finalizer" daemon [_thread_blocked, id=8360, stack(0x000000001cd80000,0x000000001ce80000)]
  0x000000001bb1a000 JavaThread "Reference Handler" daemon [_thread_blocked, id=14940, stack(0x000000001cc80000,0x000000001cd80000)]
  0x0000000002452800 JavaThread "main" [_thread_blocked, id=12720, stack(0x0000000002140000,0x0000000002240000)]

Other Threads:
  0x000000001baf8000 VMThread [stack: 0x000000001cb80000,0x000000001cc80000] [id=2672]
  0x000000001d4c6000 WatcherThread [stack: 0x000000001d980000,0x000000001da80000] [id=4992]

VM state:not at safepoint (normal execution)

VM Mutex/Monitor currently owned by a thread: None

heap address: 0x00000006c1a00000, size: 4070 MB, Compressed Oops mode: Zero based, Oop shift amount: 3
Narrow klass base: 0x0000000000000000, Narrow klass shift: 3
Compressed class space size: 1073741824 Address: 0x00000007c0000000

Heap:
 PSYoungGen      total 121344K, used 81807K [0x000000076b380000, 0x0000000773880000, 0x00000007c0000000)
  eden space 110592K, 73% used [0x000000076b380000,0x00000007702c0f58,0x0000000771f80000)
  from space 10752K, 6% used [0x0000000772a00000,0x0000000772aa2fc0,0x0000000773480000)
  to   space 10752K, 0% used [0x0000000771f80000,0x0000000771f80000,0x0000000772a00000)
 ParOldGen       total 126976K, used 8744K [0x00000006c1a00000, 0x00000006c9600000, 0x000000076b380000)
  object space 126976K, 6% used [0x00000006c1a00000,0x00000006c228a0d0,0x00000006c9600000)
 Metaspace       used 22627K, capacity 23480K, committed 23808K, reserved 1069056K
  class space    used 3014K, capacity 3236K, committed 3328K, reserved 1048576K

Card table byte_map: [0x0000000011910000,0x0000000012110000] byte_map_base: 0x000000000e303000

Marking Bits: (ParMarkBitMap*) 0x000000006ccb5ce0
 Begin Bits: [0x0000000012a60000, 0x00000000169f8000)
 End Bits:   [0x00000000169f8000, 0x000000001a990000)

Polling page: 0x0000000000940000

CodeCache: size=245760Kb used=7028Kb max_used=7177Kb free=238731Kb
 bounds [0x0000000002550000, 0x0000000002c70000, 0x0000000011550000]
 total_blobs=2995 nmethods=2234 adapters=672
 compilation: enabled

Compilation events (10 events):
Event: 5.717 Thread 0x000000001bb45000 2417       1       java.lang.invoke.InnerClassLambdaMetafactory::access$000 (5 bytes)
Event: 5.718 Thread 0x000000001bb45000 nmethod 2417 0x00000000028018d0 code [0x0000000002801a20, 0x0000000002801b10]
Event: 5.718 Thread 0x000000001bb45000 2418       1       java.lang.invoke.InnerClassLambdaMetafactory::access$400 (5 bytes)
Event: 5.718 Thread 0x000000001bb45000 nmethod 2418 0x00000000028e9d10 code [0x00000000028e9e60, 0x00000000028e9f50]
Event: 5.719 Thread 0x000000001bb40800 2422       4       javafx.scene.Node::impl_isDirty (21 bytes)
Event: 5.719 Thread 0x000000001bb45000 2423       3       com.sun.javafx.sg.prism.NGNode::accumulateDirtyRegions (112 bytes)
Event: 5.719 Thread 0x000000001bb40800 nmethod 2422 0x00000000027afb50 code [0x00000000027afc80, 0x00000000027afcf8]
Event: 5.720 Thread 0x000000001bb45000 nmethod 2423 0x00000000027ea310 code [0x00000000027ea4c0, 0x00000000027eaa88]
Event: 5.720 Thread 0x000000001bb45000 2424       3       jdk.internal.org.objectweb.asm.AnnotationWriter::put (109 bytes)
Event: 5.720 Thread 0x000000001bb38000 2426       4       java.util.ArrayList$Itr::hasNext (20 bytes)

GC Heap History (10 events):
Event: 4.643 GC heap before
{Heap before GC invocations=1 (full 0):
 PSYoungGen      total 76288K, used 56842K [0x000000076b380000, 0x0000000770880000, 0x00000007c0000000)
  eden space 65536K, 86% used [0x000000076b380000,0x000000076eb02878,0x000000076f380000)
  from space 10752K, 0% used [0x000000076fe00000,0x000000076fe00000,0x0000000770880000)
  to   space 10752K, 0% used [0x000000076f380000,0x000000076f380000,0x000000076fe00000)
 ParOldGen       total 175104K, used 0K [0x00000006c1a00000, 0x00000006cc500000, 0x000000076b380000)
  object space 175104K, 0% used [0x00000006c1a00000,0x00000006c1a00000,0x00000006cc500000)
 Metaspace       used 20444K, capacity 21176K, committed 21296K, reserved 1067008K
  class space    used 2697K, capacity 2886K, committed 2944K, reserved 1048576K
Event: 4.656 GC heap after
Heap after GC invocations=1 (full 0):
 PSYoungGen      total 76288K, used 8849K [0x000000076b380000, 0x0000000770880000, 0x00000007c0000000)
  eden space 65536K, 0% used [0x000000076b380000,0x000000076b380000,0x000000076f380000)
  from space 10752K, 82% used [0x000000076f380000,0x000000076fc24770,0x000000076fe00000)
  to   space 10752K, 0% used [0x000000076fe00000,0x000000076fe00000,0x0000000770880000)
 ParOldGen       total 175104K, used 88K [0x00000006c1a00000, 0x00000006cc500000, 0x000000076b380000)
  object space 175104K, 0% used [0x00000006c1a00000,0x00000006c1a16010,0x00000006cc500000)
 Metaspace       used 20444K, capacity 21176K, committed 21296K, reserved 1067008K
  class space    used 2697K, capacity 2886K, committed 2944K, reserved 1048576K
}
Event: 4.656 GC heap before
{Heap before GC invocations=2 (full 1):
 PSYoungGen      total 76288K, used 8849K [0x000000076b380000, 0x0000000770880000, 0x00000007c0000000)
  eden space 65536K, 0% used [0x000000076b380000,0x000000076b380000,0x000000076f380000)
  from space 10752K, 82% used [0x000000076f380000,0x000000076fc24770,0x000000076fe00000)
  to   space 10752K, 0% used [0x000000076fe00000,0x000000076fe00000,0x0000000770880000)
 ParOldGen       total 175104K, used 88K [0x00000006c1a00000, 0x00000006cc500000, 0x000000076b380000)
  object space 175104K, 0% used [0x00000006c1a00000,0x00000006c1a16010,0x00000006cc500000)
 Metaspace       used 20444K, capacity 21176K, committed 21296K, reserved 1067008K
  class space    used 2697K, capacity 2886K, committed 2944K, reserved 1048576K
Event: 4.705 GC heap after
Heap after GC invocations=2 (full 1):
 PSYoungGen      total 76288K, used 0K [0x000000076b380000, 0x0000000770880000, 0x00000007c0000000)
  eden space 65536K, 0% used [0x000000076b380000,0x000000076b380000,0x000000076f380000)
  from space 10752K, 0% used [0x000000076f380000,0x000000076f380000,0x000000076fe00000)
  to   space 10752K, 0% used [0x000000076fe00000,0x000000076fe00000,0x0000000770880000)
 ParOldGen       total 126976K, used 8728K [0x00000006c1a00000, 0x00000006c9600000, 0x000000076b380000)
  object space 126976K, 6% used [0x00000006c1a00000,0x00000006c22860d0,0x00000006c9600000)
 Metaspace       used 20443K, capacity 21170K, committed 21296K, reserved 1067008K
  class space    used 2696K, capacity 2885K, committed 2944K, reserved 1048576K
}
Event: 4.865 GC heap before
{Heap before GC invocations=3 (full 1):
 PSYoungGen      total 76288K, used 65468K [0x000000076b380000, 0x0000000770880000, 0x00000007c0000000)
  eden space 65536K, 99% used [0x000000076b380000,0x000000076f36f2b8,0x000000076f380000)
  from space 10752K, 0% used [0x000000076f380000,0x000000076f380000,0x000000076fe00000)
  to   space 10752K, 0% used [0x000000076fe00000,0x000000076fe00000,0x0000000770880000)
 ParOldGen       total 126976K, used 8728K [0x00000006c1a00000, 0x00000006c9600000, 0x000000076b380000)
  object space 126976K, 6% used [0x00000006c1a00000,0x00000006c22860d0,0x00000006c9600000)
 Metaspace       used 20703K, capacity 21458K, committed 21632K, reserved 1069056K
  class space    used 2728K, capacity 2917K, committed 2944K, reserved 1048576K
Event: 4.869 GC heap after
Heap after GC invocations=3 (full 1):
 PSYoungGen      total 76288K, used 504K [0x000000076b380000, 0x0000000772880000, 0x00000007c0000000)
  eden space 65536K, 0% used [0x000000076b380000,0x000000076b380000,0x000000076f380000)
  from space 10752K, 4% used [0x000000076fe00000,0x000000076fe7e060,0x0000000770880000)
  to   space 10752K, 0% used [0x000000076f380000,0x000000076f380000,0x000000076fe00000)
 ParOldGen       total 126976K, used 8736K [0x00000006c1a00000, 0x00000006c9600000, 0x000000076b380000)
  object space 126976K, 6% used [0x00000006c1a00000,0x00000006c22880d0,0x00000006c9600000)
 Metaspace       used 20703K, capacity 21458K, committed 21632K, reserved 1069056K
  class space    used 2728K, capacity 2917K, committed 2944K, reserved 1048576K
}
Event: 4.889 GC heap before
{Heap before GC invocations=4 (full 1):
 PSYoungGen      total 76288K, used 65990K [0x000000076b380000, 0x0000000772880000, 0x00000007c0000000)
  eden space 65536K, 99% used [0x000000076b380000,0x000000076f373960,0x000000076f380000)
  from space 10752K, 4% used [0x000000076fe00000,0x000000076fe7e060,0x0000000770880000)
  to   space 10752K, 0% used [0x000000076f380000,0x000000076f380000,0x000000076fe00000)
 ParOldGen       total 126976K, used 8736K [0x00000006c1a00000, 0x00000006c9600000, 0x000000076b380000)
  object space 126976K, 6% used [0x00000006c1a00000,0x00000006c22880d0,0x00000006c9600000)
 Metaspace       used 20703K, capacity 21458K, committed 21632K, reserved 1069056K
  class space    used 2728K, capacity 2917K, committed 2944K, reserved 1048576K
Event: 4.890 GC heap after
Heap after GC invocations=4 (full 1):
 PSYoungGen      total 76288K, used 578K [0x000000076b380000, 0x0000000773480000, 0x00000007c0000000)
  eden space 65536K, 0% used [0x000000076b380000,0x000000076b380000,0x000000076f380000)
  from space 10752K, 5% used [0x000000076f380000,0x000000076f4109c8,0x000000076fe00000)
  to   space 10752K, 0% used [0x0000000772a00000,0x0000000772a00000,0x0000000773480000)
 ParOldGen       total 126976K, used 8744K [0x00000006c1a00000, 0x00000006c9600000, 0x000000076b380000)
  object space 126976K, 6% used [0x00000006c1a00000,0x00000006c228a0d0,0x00000006c9600000)
 Metaspace       used 20703K, capacity 21458K, committed 21632K, reserved 1069056K
  class space    used 2728K, capacity 2917K, committed 2944K, reserved 1048576K
}
Event: 4.905 GC heap before
{Heap before GC invocations=5 (full 1):
 PSYoungGen      total 76288K, used 65989K [0x000000076b380000, 0x0000000773480000, 0x00000007c0000000)
  eden space 65536K, 99% used [0x000000076b380000,0x000000076f360be8,0x000000076f380000)
  from space 10752K, 5% used [0x000000076f380000,0x000000076f4109c8,0x000000076fe00000)
  to   space 10752K, 0% used [0x0000000772a00000,0x0000000772a00000,0x0000000773480000)
 ParOldGen       total 126976K, used 8744K [0x00000006c1a00000, 0x00000006c9600000, 0x000000076b380000)
  object space 126976K, 6% used [0x00000006c1a00000,0x00000006c228a0d0,0x00000006c9600000)
 Metaspace       used 20703K, capacity 21458K, committed 21632K, reserved 1069056K
  class space    used 2728K, capacity 2917K, committed 2944K, reserved 1048576K
Event: 4.906 GC heap after
Heap after GC invocations=5 (full 1):
 PSYoungGen      total 121344K, used 651K [0x000000076b380000, 0x0000000773880000, 0x00000007c0000000)
  eden space 110592K, 0% used [0x000000076b380000,0x000000076b380000,0x0000000771f80000)
  from space 10752K, 6% used [0x0000000772a00000,0x0000000772aa2fc0,0x0000000773480000)
  to   space 10752K, 0% used [0x0000000771f80000,0x0000000771f80000,0x0000000772a00000)
 ParOldGen       total 126976K, used 8744K [0x00000006c1a00000, 0x00000006c9600000, 0x000000076b380000)
  object space 126976K, 6% used [0x00000006c1a00000,0x00000006c228a0d0,0x00000006c9600000)
 Metaspace       used 20703K, capacity 21458K, committed 21632K, reserved 1069056K
  class space    used 2728K, capacity 2917K, committed 2944K, reserved 1048576K
}

Deoptimization events (10 events):
Event: 4.804 Thread 0x000000001d7f4800 Uncommon trap: reason=bimorphic action=maybe_recompile pc=0x0000000002acaf64 method=java.io.DataInputStream.readChar()C @ 4
Event: 4.847 Thread 0x000000001d7f4800 Uncommon trap: reason=unstable_if action=reinterpret pc=0x0000000002b76da4 method=sun.text.normalizer.TrieIterator.checkNullNextTrailIndex()Z @ 4
Event: 4.854 Thread 0x000000001d7f4800 Uncommon trap: reason=unstable_if action=reinterpret pc=0x0000000002b3c994 method=sun.text.normalizer.TrieIterator.checkNullNextTrailIndex()Z @ 4
Event: 4.921 Thread 0x000000001d7f4800 Uncommon trap: reason=unstable_if action=reinterpret pc=0x0000000002b82af4 method=sun.text.normalizer.TrieIterator.calculateNextSupplementaryElement(Lsun/text/normalizer/RangeValueIterator$Element;)V @ 145
Event: 4.922 Thread 0x000000001d7f4800 Uncommon trap: reason=unstable_if action=reinterpret pc=0x0000000002b84260 method=sun.text.normalizer.TrieIterator.next(Lsun/text/normalizer/RangeValueIterator$Element;)Z @ 6
Event: 4.974 Thread 0x000000001d7f4800 Uncommon trap: reason=unstable_if action=reinterpret pc=0x0000000002a07e5c method=java.util.regex.Pattern$Ctype.isSatisfiedBy(I)Z @ 4
Event: 5.009 Thread 0x000000001d7f4800 Uncommon trap: reason=unstable_if action=reinterpret pc=0x0000000002b60578 method=sun.text.normalizer.UnicodeSet.findCodePoint(I)I @ 32
Event: 5.039 Thread 0x000000001d7f4800 Uncommon trap: reason=unstable_if action=reinterpret pc=0x000000000275c280 method=java.lang.CharacterData.of(I)Ljava/lang/CharacterData; @ 4
Event: 5.087 Thread 0x000000001d7f4800 Uncommon trap: reason=unstable_if action=reinterpret pc=0x00000000029e4b2c method=java.lang.ClassLoader.checkName(Ljava/lang/String;)Z @ 20
Event: 5.175 Thread 0x000000001d7f4800 Uncommon trap: reason=unstable_if action=reinterpret pc=0x00000000029b42a8 method=jdk.internal.org.objectweb.asm.Type.getArgumentsAndReturnSizes(Ljava/lang/String;)I @ 47

Classes redefined (0 events):
No events

Internal exceptions (10 events):
Event: 2.841 Thread 0x000000001d7f4800 Exception <a 'sun/nio/fs/WindowsException'> (0x000000076d4e58a8) thrown at [C:\re\workspace\8-2-build-windows-amd64-cygwin\jdk8u221\13320\hotspot\src\share\vm\prims\jni.cpp, line 710]
Event: 2.845 Thread 0x000000001d7f4800 Implicit null exception at 0x00000000027bb916 to 0x00000000027bbcc1
Event: 2.852 Thread 0x000000001d7f4800 Implicit null exception at 0x000000000276d256 to 0x000000000276d601
Event: 2.930 Thread 0x000000001d7f4800 Implicit null exception at 0x000000000285f375 to 0x000000000285f5a5
Event: 2.930 Thread 0x000000001d7f4800 Implicit null exception at 0x0000000002878ed8 to 0x0000000002878f66
Event: 2.950 Thread 0x000000001d7f4800 Exception <a 'java/io/FileNotFoundException'> (0x000000076d7e1550) thrown at [C:\re\workspace\8-2-build-windows-amd64-cygwin\jdk8u221\13320\hotspot\src\share\vm\prims\jni.cpp, line 710]
Event: 2.977 Thread 0x000000001d7f4800 Exception <a 'java/io/FileNotFoundException'> (0x000000076d80a6b8) thrown at [C:\re\workspace\8-2-build-windows-amd64-cygwin\jdk8u221\13320\hotspot\src\share\vm\prims\jni.cpp, line 710]
Event: 2.977 Thread 0x000000001d7f4800 Exception <a 'java/io/FileNotFoundException'> (0x000000076d80bae8) thrown at [C:\re\workspace\8-2-build-windows-amd64-cygwin\jdk8u221\13320\hotspot\src\share\vm\prims\jni.cpp, line 710]
Event: 3.029 Thread 0x000000001d7f4800 Exception <a 'java/io/FileNotFoundException'> (0x000000076d86d370) thrown at [C:\re\workspace\8-2-build-windows-amd64-cygwin\jdk8u221\13320\hotspot\src\share\vm\prims\jni.cpp, line 710]
Event: 3.043 Thread 0x000000001d7f4800 Exception <a 'java/io/FileNotFoundException'> (0x000000076d89aab0) thrown at [C:\re\workspace\8-2-build-windows-amd64-cygwin\jdk8u221\13320\hotspot\src\share\vm\prims\jni.cpp, line 710]

Events (10 events):
Event: 5.713 loading class sun/util/calendar/ImmutableGregorianDate
Event: 5.713 loading class sun/util/calendar/ImmutableGregorianDate done
Event: 5.714 loading class sun/util/calendar/JulianCalendar$Date
Event: 5.714 loading class sun/util/calendar/JulianCalendar$Date done
Event: 5.716 loading class com/sun/webkit/network/URLLoader
Event: 5.716 loading class com/sun/webkit/network/URLLoader done
Event: 5.719 loading class java/util/zip/CheckedInputStream
Event: 5.720 loading class java/util/zip/CheckedInputStream done
Event: 5.720 loading class com/sun/webkit/network/ByteBufferPool$ByteBufferAllocatorImpl
Event: 5.720 loading class com/sun/webkit/network/ByteBufferPool$ByteBufferAllocatorImpl done


Dynamic libraries:
0x00007ff717cd0000 - 0x00007ff717d07000 	C:\Program Files\Java\jdk1.8.0_221\bin\javaw.exe
0x00007ffb99820000 - 0x00007ffb99a10000 	C:\WINDOWS\SYSTEM32\ntdll.dll
0x00007ffb980e0000 - 0x00007ffb98192000 	C:\WINDOWS\System32\KERNEL32.DLL
0x00007ffb97370000 - 0x00007ffb97613000 	C:\WINDOWS\System32\KERNELBASE.dll
0x00007ffb986c0000 - 0x00007ffb98763000 	C:\WINDOWS\System32\ADVAPI32.dll
0x00007ffb98d60000 - 0x00007ffb98dfe000 	C:\WINDOWS\System32\msvcrt.dll
0x00007ffb99740000 - 0x00007ffb997d7000 	C:\WINDOWS\System32\sechost.dll
0x00007ffb99500000 - 0x00007ffb99620000 	C:\WINDOWS\System32\RPCRT4.dll
0x00007ffb98b10000 - 0x00007ffb98ca4000 	C:\WINDOWS\System32\USER32.dll
0x00007ffb978a0000 - 0x00007ffb978c1000 	C:\WINDOWS\System32\win32u.dll
0x00007ffb981a0000 - 0x00007ffb981c6000 	C:\WINDOWS\System32\GDI32.dll
0x00007ffb970b0000 - 0x00007ffb97244000 	C:\WINDOWS\System32\gdi32full.dll
0x00007ffb97270000 - 0x00007ffb9730e000 	C:\WINDOWS\System32\msvcp_win.dll
0x00007ffb96f30000 - 0x00007ffb9702a000 	C:\WINDOWS\System32\ucrtbase.dll
0x00007ffb862c0000 - 0x00007ffb86545000 	C:\WINDOWS\WinSxS\amd64_microsoft.windows.common-controls_6595b64144ccf1df_6.0.18362.476_none_e6c4b11b130f2595\COMCTL32.dll
0x00007ffb97cd0000 - 0x00007ffb98006000 	C:\WINDOWS\System32\combase.dll
0x00007ffb97030000 - 0x00007ffb970b0000 	C:\WINDOWS\System32\bcryptPrimitives.dll
0x00007ffb98930000 - 0x00007ffb9895e000 	C:\WINDOWS\System32\IMM32.DLL
0x00000000685c0000 - 0x0000000068692000 	C:\Program Files\Java\jdk1.8.0_221\jre\bin\msvcr100.dll
0x000000006c490000 - 0x000000006cd35000 	C:\Program Files\Java\jdk1.8.0_221\jre\bin\server\jvm.dll
0x00007ffb97950000 - 0x00007ffb97958000 	C:\WINDOWS\System32\PSAPI.DLL
0x00007ffb82950000 - 0x00007ffb82959000 	C:\WINDOWS\SYSTEM32\WSOCK32.dll
0x00007ffb98010000 - 0x00007ffb9807f000 	C:\WINDOWS\System32\WS2_32.dll
0x00007ffb94750000 - 0x00007ffb94774000 	C:\WINDOWS\SYSTEM32\WINMM.dll
0x00007ffb86950000 - 0x00007ffb8695a000 	C:\WINDOWS\SYSTEM32\VERSION.dll
0x00007ffb94720000 - 0x00007ffb9474d000 	C:\WINDOWS\SYSTEM32\WINMMBASE.dll
0x00007ffb97620000 - 0x00007ffb9766a000 	C:\WINDOWS\System32\cfgmgr32.dll
0x00007ffb8f2c0000 - 0x00007ffb8f2cf000 	C:\Program Files\Java\jdk1.8.0_221\jre\bin\verify.dll
0x00007ffb89c70000 - 0x00007ffb89c99000 	C:\Program Files\Java\jdk1.8.0_221\jre\bin\java.dll
0x00007ffb8bf70000 - 0x00007ffb8bf86000 	C:\Program Files\Java\jdk1.8.0_221\jre\bin\zip.dll
0x00007ffb98e00000 - 0x00007ffb994e5000 	C:\WINDOWS\System32\SHELL32.dll
0x00007ffb98cb0000 - 0x00007ffb98d59000 	C:\WINDOWS\System32\shcore.dll
0x00007ffb967b0000 - 0x00007ffb96f2e000 	C:\WINDOWS\System32\windows.storage.dll
0x00007ffb96770000 - 0x00007ffb9678f000 	C:\WINDOWS\System32\profapi.dll
0x00007ffb96720000 - 0x00007ffb9676a000 	C:\WINDOWS\System32\powrprof.dll
0x00007ffb966f0000 - 0x00007ffb96700000 	C:\WINDOWS\System32\UMPDC.dll
0x00007ffb99620000 - 0x00007ffb99672000 	C:\WINDOWS\System32\shlwapi.dll
0x00007ffb96700000 - 0x00007ffb96711000 	C:\WINDOWS\System32\kernel.appcore.dll
0x00007ffb97250000 - 0x00007ffb97267000 	C:\WINDOWS\System32\cryptsp.dll
0x0000000000980000 - 0x0000000000983000 	C:\Program Files\Java\jdk1.8.0_221\jre\bin\api-ms-win-core-console-l1-1-0.dll
0x0000000002240000 - 0x0000000002243000 	C:\Program Files\Java\jdk1.8.0_221\jre\bin\api-ms-win-core-datetime-l1-1-0.dll
0x0000000002250000 - 0x0000000002253000 	C:\Program Files\Java\jdk1.8.0_221\jre\bin\api-ms-win-core-debug-l1-1-0.dll
0x0000000002260000 - 0x0000000002263000 	C:\Program Files\Java\jdk1.8.0_221\jre\bin\api-ms-win-core-errorhandling-l1-1-0.dll
0x00000000023d0000 - 0x00000000023d4000 	C:\Program Files\Java\jdk1.8.0_221\jre\bin\api-ms-win-core-file-l1-1-0.dll
0x00000000023e0000 - 0x00000000023e3000 	C:\Program Files\Java\jdk1.8.0_221\jre\bin\api-ms-win-core-file-l1-2-0.dll
0x00000000023f0000 - 0x00000000023f3000 	C:\Program Files\Java\jdk1.8.0_221\jre\bin\api-ms-win-core-file-l2-1-0.dll
0x0000000002400000 - 0x0000000002403000 	C:\Program Files\Java\jdk1.8.0_221\jre\bin\api-ms-win-core-handle-l1-1-0.dll
0x0000000002410000 - 0x0000000002413000 	C:\Program Files\Java\jdk1.8.0_221\jre\bin\api-ms-win-core-heap-l1-1-0.dll
0x0000000002420000 - 0x0000000002423000 	C:\Program Files\Java\jdk1.8.0_221\jre\bin\api-ms-win-core-interlocked-l1-1-0.dll
0x0000000002430000 - 0x0000000002433000 	C:\Program Files\Java\jdk1.8.0_221\jre\bin\api-ms-win-core-libraryloader-l1-1-0.dll
0x000000001da80000 - 0x000000001da83000 	C:\Program Files\Java\jdk1.8.0_221\jre\bin\api-ms-win-core-localization-l1-2-0.dll
0x000000001da90000 - 0x000000001da93000 	C:\Program Files\Java\jdk1.8.0_221\jre\bin\api-ms-win-core-memory-l1-1-0.dll
0x000000001daa0000 - 0x000000001daa3000 	C:\Program Files\Java\jdk1.8.0_221\jre\bin\api-ms-win-core-namedpipe-l1-1-0.dll
0x000000001dab0000 - 0x000000001dab3000 	C:\Program Files\Java\jdk1.8.0_221\jre\bin\api-ms-win-core-processenvironment-l1-1-0.dll
0x000000001dac0000 - 0x000000001dac3000 	C:\Program Files\Java\jdk1.8.0_221\jre\bin\api-ms-win-core-processthreads-l1-1-0.dll
0x000000001dad0000 - 0x000000001dad3000 	C:\Program Files\Java\jdk1.8.0_221\jre\bin\api-ms-win-core-processthreads-l1-1-1.dll
0x000000001dae0000 - 0x000000001dae3000 	C:\Program Files\Java\jdk1.8.0_221\jre\bin\api-ms-win-core-profile-l1-1-0.dll
0x000000001daf0000 - 0x000000001daf3000 	C:\Program Files\Java\jdk1.8.0_221\jre\bin\api-ms-win-core-rtlsupport-l1-1-0.dll
0x000000001db00000 - 0x000000001db03000 	C:\Program Files\Java\jdk1.8.0_221\jre\bin\api-ms-win-core-string-l1-1-0.dll
0x000000001db10000 - 0x000000001db13000 	C:\Program Files\Java\jdk1.8.0_221\jre\bin\api-ms-win-core-synch-l1-1-0.dll
0x000000001db20000 - 0x000000001db23000 	C:\Program Files\Java\jdk1.8.0_221\jre\bin\api-ms-win-core-synch-l1-2-0.dll
0x000000001db30000 - 0x000000001db33000 	C:\Program Files\Java\jdk1.8.0_221\jre\bin\api-ms-win-core-sysinfo-l1-1-0.dll
0x000000001db40000 - 0x000000001db43000 	C:\Program Files\Java\jdk1.8.0_221\jre\bin\api-ms-win-core-timezone-l1-1-0.dll
0x000000001db50000 - 0x000000001db53000 	C:\Program Files\Java\jdk1.8.0_221\jre\bin\api-ms-win-core-util-l1-1-0.dll
0x000000001db60000 - 0x000000001db63000 	C:\Program Files\Java\jdk1.8.0_221\jre\bin\api-ms-win-crt-conio-l1-1-0.dll
0x000000001db70000 - 0x000000001db74000 	C:\Program Files\Java\jdk1.8.0_221\jre\bin\api-ms-win-crt-convert-l1-1-0.dll
0x000000001db80000 - 0x000000001db83000 	C:\Program Files\Java\jdk1.8.0_221\jre\bin\api-ms-win-crt-environment-l1-1-0.dll
0x000000001db90000 - 0x000000001db93000 	C:\Program Files\Java\jdk1.8.0_221\jre\bin\api-ms-win-crt-filesystem-l1-1-0.dll
0x000000001dba0000 - 0x000000001dba3000 	C:\Program Files\Java\jdk1.8.0_221\jre\bin\api-ms-win-crt-heap-l1-1-0.dll
0x000000001dbb0000 - 0x000000001dbb3000 	C:\Program Files\Java\jdk1.8.0_221\jre\bin\api-ms-win-crt-locale-l1-1-0.dll
0x000000001dbc0000 - 0x000000001dbc5000 	C:\Program Files\Java\jdk1.8.0_221\jre\bin\api-ms-win-crt-math-l1-1-0.dll
0x000000001dbd0000 - 0x000000001dbd5000 	C:\Program Files\Java\jdk1.8.0_221\jre\bin\api-ms-win-crt-multibyte-l1-1-0.dll
0x000000001dbe0000 - 0x000000001dbf0000 	C:\Program Files\Java\jdk1.8.0_221\jre\bin\api-ms-win-crt-private-l1-1-0.dll
0x000000001dbf0000 - 0x000000001dbf3000 	C:\Program Files\Java\jdk1.8.0_221\jre\bin\api-ms-win-crt-process-l1-1-0.dll
0x000000001dc00000 - 0x000000001dc04000 	C:\Program Files\Java\jdk1.8.0_221\jre\bin\api-ms-win-crt-runtime-l1-1-0.dll
0x000000001dc10000 - 0x000000001dc14000 	C:\Program Files\Java\jdk1.8.0_221\jre\bin\api-ms-win-crt-stdio-l1-1-0.dll
0x000000001dc20000 - 0x000000001dc24000 	C:\Program Files\Java\jdk1.8.0_221\jre\bin\api-ms-win-crt-string-l1-1-0.dll
0x000000001dc30000 - 0x000000001dc33000 	C:\Program Files\Java\jdk1.8.0_221\jre\bin\api-ms-win-crt-time-l1-1-0.dll
0x000000001dc40000 - 0x000000001dc43000 	C:\Program Files\Java\jdk1.8.0_221\jre\bin\api-ms-win-crt-utility-l1-1-0.dll
0x00007ffb44f20000 - 0x00007ffb45016000 	C:\Program Files\Java\jdk1.8.0_221\jre\bin\ucrtbase.dll
0x00007ffb8bfb0000 - 0x00007ffb8bfc6000 	C:\Program Files\Java\jdk1.8.0_221\jre\bin\vcruntime140.dll
0x00007ffb2acd0000 - 0x00007ffb2ad7a000 	C:\Program Files\Java\jdk1.8.0_221\jre\bin\msvcp140.dll
0x00007ffb53ac0000 - 0x00007ffb53b14000 	C:\Program Files\Java\jdk1.8.0_221\jre\bin\concrt140.dll
0x00007ffb562f0000 - 0x00007ffb56313000 	C:\Program Files\Java\jdk1.8.0_221\jre\bin\prism_d3d.dll
0x00007ffb52a70000 - 0x00007ffb52c37000 	C:\WINDOWS\system32\d3d9.dll
0x00007ffb94a70000 - 0x00007ffb94a9d000 	C:\WINDOWS\SYSTEM32\dwmapi.dll
0x00007ffb95390000 - 0x00007ffb953b0000 	C:\WINDOWS\SYSTEM32\dxcore.dll
0x00007ffb94980000 - 0x00007ffb94a19000 	C:\WINDOWS\system32\uxtheme.dll
0x00007ffb42980000 - 0x00007ffb44ebd000 	C:\WINDOWS\SYSTEM32\igdumdim64.dll
0x00007ffb97a30000 - 0x00007ffb97af4000 	C:\WINDOWS\System32\OLEAUT32.dll
0x00007ffb987d0000 - 0x00007ffb98926000 	C:\WINDOWS\System32\ole32.dll
0x00007ffb98250000 - 0x00007ffb986c0000 	C:\WINDOWS\System32\SETUPAPI.dll
0x00007ffb97670000 - 0x00007ffb97696000 	C:\WINDOWS\System32\bcrypt.dll
0x00007ffb52740000 - 0x00007ffb52789000 	C:\Program Files\Java\jdk1.8.0_221\jre\bin\glass.dll
0x00007ffb97960000 - 0x00007ffb97a30000 	C:\WINDOWS\System32\COMDLG32.dll
0x00007ffb97b90000 - 0x00007ffb97cc6000 	C:\WINDOWS\System32\MSCTF.dll
0x00007ffb8cce0000 - 0x00007ffb8d71f000 	C:\WINDOWS\SYSTEM32\igdusc64.dll
0x00007ffb748c0000 - 0x00007ffb748d4000 	C:\Program Files\Java\jdk1.8.0_221\jre\bin\javafx_font.dll
0x00007ffb8d8e0000 - 0x00007ffb8dbde000 	C:\WINDOWS\SYSTEM32\dwrite.dll
0x00007ffb95ad0000 - 0x00007ffb95b03000 	C:\WINDOWS\system32\rsaenh.dll
0x00007ffb96610000 - 0x00007ffb96635000 	C:\WINDOWS\SYSTEM32\USERENV.dll
0x00007ffb96130000 - 0x00007ffb9613c000 	C:\WINDOWS\SYSTEM32\CRYPTBASE.dll
0x00007ffb8bd30000 - 0x00007ffb8bd4a000 	C:\Program Files\Java\jdk1.8.0_221\jre\bin\net.dll
0x00007ffb8fda0000 - 0x00007ffb8ff76000 	C:\WINDOWS\SYSTEM32\urlmon.dll
0x00007ffb902a0000 - 0x00007ffb90546000 	C:\WINDOWS\SYSTEM32\iertutil.dll
0x00007ffb95f60000 - 0x00007ffb95fc7000 	C:\WINDOWS\system32\mswsock.dll
0x00007ffb95c70000 - 0x00007ffb95caa000 	C:\WINDOWS\SYSTEM32\IPHLPAPI.DLL
0x00007ffb99730000 - 0x00007ffb99738000 	C:\WINDOWS\System32\NSI.dll
0x00007ffb8f170000 - 0x00007ffb8f186000 	C:\WINDOWS\SYSTEM32\dhcpcsvc6.DLL
0x00007ffb8dc80000 - 0x00007ffb8dc9c000 	C:\WINDOWS\SYSTEM32\dhcpcsvc.DLL
0x00007ffb95cb0000 - 0x00007ffb95d7a000 	C:\WINDOWS\SYSTEM32\DNSAPI.dll
0x00007ffb8aac0000 - 0x00007ffb8aad2000 	C:\Program Files\Java\jdk1.8.0_221\jre\bin\nio.dll
0x00007ffb1cb20000 - 0x00007ffb20b7b000 	C:\Program Files\Java\jdk1.8.0_221\jre\bin\jfxwebkit.dll
0x00007ffb86f70000 - 0x00007ffb86f94000 	C:\Program Files\Java\jdk1.8.0_221\jre\bin\sunec.dll
0x00007ffb99680000 - 0x00007ffb99722000 	C:\WINDOWS\System32\clbcatq.dll
0x00007ffb8e050000 - 0x00007ffb8e1ff000 	C:\WINDOWS\SYSTEM32\WindowsCodecs.dll
0x00007ffb6f8d0000 - 0x00007ffb6f90a000 	C:\WINDOWS\system32\dataexchange.dll
0x00007ffb93390000 - 0x00007ffb935eb000 	C:\WINDOWS\system32\d3d11.dll
0x00007ffb93690000 - 0x00007ffb9386b000 	C:\WINDOWS\system32\dcomp.dll
0x00007ffb954b0000 - 0x00007ffb9559b000 	C:\WINDOWS\system32\dxgi.dll
0x00007ffb94aa0000 - 0x00007ffb94cfa000 	C:\WINDOWS\system32\twinapi.appcore.dll
0x00007ffb94f80000 - 0x00007ffb94fa9000 	C:\WINDOWS\system32\RMCLIENT.dll
0x00007ffb83060000 - 0x00007ffb83093000 	C:\Program Files\Common Files\Microsoft Shared\Ink\rtscom.dll
0x00007ffb935f0000 - 0x00007ffb9368e000 	C:\WINDOWS\System32\TextInputFramework.dll
0x00007ffb92e50000 - 0x00007ffb9317a000 	C:\WINDOWS\System32\CoreUIComponents.dll
0x00007ffb939d0000 - 0x00007ffb93aa4000 	C:\WINDOWS\System32\CoreMessaging.dll
0x00007ffb95690000 - 0x00007ffb956c1000 	C:\WINDOWS\SYSTEM32\ntmarta.dll
0x00007ffb92730000 - 0x00007ffb92883000 	C:\WINDOWS\SYSTEM32\wintypes.dll

VM Arguments:
jvm_args: -Dfile.encoding=UTF-8 
java_command: pl.B4GU5.TW.Main
java_class_path (initial): C:\Users\mbn\eclipse-workspace\TW2\target\classes;C:\Users\mbn\.m2\repository\org\json\json\20190722\json-20190722.jar;C:\Users\mbn\.m2\repository\org\jfxtras\jmetro\8.6-RC-06\jmetro-8.6-RC-06.jar;C:\Users\mbn\.m2\repository\org\controlsfx\controlsfx\8.40.14\controlsfx-8.40.14.jar;C:\Users\mbn\.m2\repository\de\jensd\fontawesomefx\8.9\fontawesomefx-8.9.jar;C:\Users\mbn\.m2\repository\com\jfoenix\jfoenix\8.0.9\jfoenix-8.0.9.jar;C:\Users\mbn\.m2\repository\de\schlegel11\jfxanimation\2.0.0\jfxanimation-2.0.0.jar;C:\Users\mbn\.m2\repository\uk\co\rx14\jmclaunchlib\jMCLaunchLib\0.3.1\jMCLaunchLib-0.3.1.jar;C:\Users\mbn\.m2\repository\org\codehaus\groovy\groovy-all\2.3.11\groovy-all-2.3.11-indy.jar;C:\Users\mbn\.m2\repository\com\mashape\unirest\unirest-java\1.4.5\unirest-java-1.4.5.jar;C:\Users\mbn\.m2\repository\org\apache\httpcomponents\httpclient\4.3.6\httpclient-4.3.6.jar;C:\Users\mbn\.m2\repository\org\apache\httpcomponents\httpcore\4.3.3\httpcore-4.3.3.jar;C:\Users\mbn\.m2\repository\org\apache\httpcomponents\httpasyncclient\4.0.2\httpasyncclient-4.0.2.jar;C:\Users\mbn\.m2\repository\org\apache\httpcomponents\httpcore-nio\4.3.2\httpcore-nio-4.3.2.jar;C:\Users\mbn\.m2\repository\org\apache\httpcomponents\httpmime\4.3.6\httpmime-4.3.6.jar;C:\Users\mbn\.m2\repository\commons-codec\commons-codec\1.10\commons-codec-1.10.jar;C:\Users\mbn\.m2\repository\org\tukaani\xz\1.5\xz-1.5.jar;C:\Users\mbn\.m2\repository\commons-io\commons-io\2.4\commons-io-2.4.jar;C:\Users\mbn\.m2\repository\commons-logging\commons-logging\1.2\commons-logging-1.2.jar;C:\Users\mbn\.m2\repository\org\codefx\libfx\LibFX\0.3.0\LibFX-0.3.0.jar;C:\Users\mbn\.m2\repository\org\apache\commons\commons-lang3\3.0\commons-lang3-3.0.jar
Launcher Type: SUN_STANDARD

Environment Variables:
PATH=C:/Program Files/Java/jdk1.8.0_221/bin/../jre/bin/server;C:/Program Files/Java/jdk1.8.0_221/bin/../jre/bin;C:/Program Files/Java/jdk1.8.0_221/bin/../jre/lib/amd64;C:\Program Files (x86)\Common Files\Oracle\Java\javapath;C:\ProgramData\Oracle\Java\javapath;C:\Program Files (x86)\Intel\Intel(R) Management Engine Components\iCLS\;C:\Program Files\Intel\Intel(R) Management Engine Components\iCLS\;C:\WINDOWS\system32;C:\WINDOWS;C:\WINDOWS\System32\Wbem;C:\WINDOWS\System32\WindowsPowerShell\v1.0\;C:\WINDOWS\System32\OpenSSH\;C:\Program Files (x86)\Intel\Intel(R) Management Engine Components\DAL;C:\Program Files\Intel\Intel(R) Management Engine Components\DAL;C:\Program Files\Intel\WiFi\bin\;C:\Program Files\Common Files\Intel\WirelessCommon\;C:\Program Files (x86)\PuTTY\;C:\Program Files\Git\cmd;C:\Users\mbn\AppData\Local\Microsoft\WindowsApps;;C:\Users\mbn\Desktop;
USERNAME=mbn
OS=Windows_NT
PROCESSOR_IDENTIFIER=Intel64 Family 6 Model 61 Stepping 4, GenuineIntel



---------------  S Y S T E M  ---------------

OS: Windows 10.0 , 64 bit Build 18362 (10.0.18362.329)

CPU:total 4 (initial active 4) (2 cores per cpu, 2 threads per core) family 6 model 61 stepping 4, cmov, cx8, fxsr, mmx, sse, sse2, sse3, ssse3, sse4.1, sse4.2, popcnt, avx, avx2, aes, clmul, erms, rtm, 3dnowpref, lzcnt, ht, tsc, tscinvbit, bmi1, bmi2, adx

Memory: 4k page, physical 16666048k(9537644k free), swap 19156416k(10317176k free)

vm_info: Java HotSpot(TM) 64-Bit Server VM (25.221-b11) for windows-amd64 JRE (1.8.0_221-b11), built on Jul  4 2019 04:39:29 by "java_re" with MS VC++ 10.0 (VS2010)

time: Mon Dec 02 14:09:08 2019
timezone: Central European Standard Time
elapsed time: 5 seconds (0d 0h 0m 5s)

