#
# A fatal error has been detected by the Java Runtime Environment:
#
#  EXCEPTION_ACCESS_VIOLATION (0xc0000005) at pc=0x00007ffb1d7580f0, pid=11740, tid=0x0000000000002924
#
# JRE version: Java(TM) SE Runtime Environment (8.0_221-b11) (build 1.8.0_221-b11)
# Java VM: Java HotSpot(TM) 64-Bit Server VM (25.221-b11 mixed mode windows-amd64 compressed oops)
# Problematic frame:
# C  [jfxwebkit.dll+0xc380f0]
#
# Failed to write core dump. Minidumps are not enabled by default on client versions of Windows
#
# If you would like to submit a bug report, please visit:
#   http://bugreport.java.com/bugreport/crash.jsp
# The crash happened outside the Java Virtual Machine in native code.
# See problematic frame for where to report the bug.
#

---------------  T H R E A D  ---------------

Current thread (0x000000001ded7800):  JavaThread "JavaFX Application Thread" [_thread_in_native, id=10532, stack(0x000000001e830000,0x000000001e930000)]

siginfo: ExceptionCode=0xc0000005, reading address 0x0000000000000048

Registers:
RAX=0x00008b1ba0b45d4e, RBX=0x000000001e92d2e0, RCX=0x0000000000000048, RDX=0x0000000000000000
RSP=0x000000001e92d178, RBP=0x000000001e92d1e9, RSI=0x0000000000000000, RDI=0x000000001e92d310
R8 =0x000000001e92d2e0, R9 =0x0000000000000000, R10=0x000000006f3f3d10, R11=0x0000000000000000
R12=0x000000006f3f3cc0, R13=0x0000000000000027, R14=0x000000006b65b2f0, R15=0x0000000000000000
RIP=0x00007ffb1d7580f0, EFLAGS=0x0000000000010246

Top of Stack: (sp=0x000000001e92d178)
0x000000001e92d178:   00007ffb1d71298d 0000000000000000
0x000000001e92d188:   0000000000000000 0000000000000052
0x000000001e92d198:   00007ffb1d742497 000000001e92d210
0x000000001e92d1a8:   00007ffb96f414cb 000000006b5abbc0
0x000000001e92d1b8:   0000000000000000 0000000000000000
0x000000001e92d1c8:   00008b1ba0b45d6e 000000006f3f3cc0
0x000000001e92d1d8:   0000000000000000 000000001e92d288
0x000000001e92d1e8:   00007ffb1df62809 0000000000000000
0x000000001e92d1f8:   000000000000001c 0000000000000000
0x000000001e92d208:   0000000000000000 00008b1ba0b45d4e
0x000000001e92d218:   00007ffb1d7459d8 0000000000000000
0x000000001e92d228:   0000000000000000 000000000000001c
0x000000001e92d238:   000000001e92d2d8 000000001e92d350
0x000000001e92d248:   00007ffb1d7304aa 000000006b65b308
0x000000001e92d258:   000000001e92d2d8 000000001e92d350
0x000000001e92d268:   00007ffb9985ba17 0000000000de0000 

Instructions: (pc=0x00007ffb1d7580f0)
0x00007ffb1d7580d0:   48 8b 49 68 ff c0 48 85 c9 75 f5 c3 cc cc cc cc
0x00007ffb1d7580e0:   cc cc cc cc cc cc cc cc cc cc cc cc cc cc cc cc
0x00007ffb1d7580f0:   48 8b 01 48 85 c0 74 17 0f 1f 84 00 00 00 00 00
0x00007ffb1d758100:   48 8b c8 48 8b 40 50 48 85 c0 75 f4 48 8b c1 c3 


Register to memory mapping:

RAX=0x00008b1ba0b45d4e is an unknown value
RBX=0x000000001e92d2e0 is pointing into the stack for thread: 0x000000001ded7800
RCX=0x0000000000000048 is an unknown value
RDX=0x0000000000000000 is an unknown value
RSP=0x000000001e92d178 is pointing into the stack for thread: 0x000000001ded7800
RBP=0x000000001e92d1e9 is pointing into the stack for thread: 0x000000001ded7800
RSI=0x0000000000000000 is an unknown value
RDI=0x000000001e92d310 is pointing into the stack for thread: 0x000000001ded7800
R8 =0x000000001e92d2e0 is pointing into the stack for thread: 0x000000001ded7800
R9 =0x0000000000000000 is an unknown value
R10=0x000000006f3f3d10 is an unknown value
R11=0x0000000000000000 is an unknown value
R12=0x000000006f3f3cc0 is an unknown value
R13=0x0000000000000027 is an unknown value
R14=0x000000006b65b2f0 is an unknown value
R15=0x0000000000000000 is an unknown value


Stack: [0x000000001e830000,0x000000001e930000],  sp=0x000000001e92d178,  free space=1012k
Native frames: (J=compiled Java code, j=interpreted, Vv=VM code, C=native code)
C  [jfxwebkit.dll+0xc380f0]

Java frames: (J=compiled Java code, j=interpreted, Vv=VM code)
j  com.sun.webkit.network.URLLoader.twkDidReceiveResponse(ILjava/lang/String;Ljava/lang/String;JLjava/lang/String;Ljava/lang/String;J)V+0
j  com.sun.webkit.network.URLLoader.notifyDidReceiveResponse(ILjava/lang/String;Ljava/lang/String;JLjava/lang/String;Ljava/lang/String;)V+91
j  com.sun.webkit.network.URLLoader.lambda$didReceiveResponse$3(ILjava/lang/String;Ljava/lang/String;JLjava/lang/String;Ljava/lang/String;)V+17
j  com.sun.webkit.network.URLLoader$$Lambda$237.run()V+28
J 3361 C1 com.sun.javafx.application.PlatformImpl$$Lambda$49.run()Ljava/lang/Object; (8 bytes) @ 0x000000000352610c [0x0000000003525fc0+0x14c]
v  ~StubRoutines::call_stub
J 2697  java.security.AccessController.doPrivileged(Ljava/security/PrivilegedAction;Ljava/security/AccessControlContext;)Ljava/lang/Object; (0 bytes) @ 0x0000000002f5ef66 [0x0000000002f5ef00+0x66]
J 3358 C1 com.sun.javafx.application.PlatformImpl.lambda$runLater$6(Ljava/lang/Runnable;Ljava/security/AccessControlContext;)V (38 bytes) @ 0x000000000352561c [0x0000000003525200+0x41c]
J 3357 C1 com.sun.javafx.application.PlatformImpl$$Lambda$48.run()V (12 bytes) @ 0x000000000352124c [0x00000000035211c0+0x8c]
J 3012 C1 com.sun.glass.ui.InvokeLaterDispatcher$Future.run()V (91 bytes) @ 0x0000000003049514 [0x0000000003049400+0x114]
v  ~StubRoutines::call_stub
j  com.sun.glass.ui.win.WinApplication._runLoop(Ljava/lang/Runnable;)V+0
j  com.sun.glass.ui.win.WinApplication.lambda$null$3(ILjava/lang/Runnable;)V+8
j  com.sun.glass.ui.win.WinApplication$$Lambda$37.run()V+12
j  java.lang.Thread.run()V+11
v  ~StubRoutines::call_stub

---------------  P R O C E S S  ---------------

Java Threads: ( => current thread )
  0x0000000066aaa800 JavaThread "URL-Loader-20" daemon [_thread_blocked, id=9764, stack(0x000000006b7f0000,0x000000006b8f0000)]
  0x0000000066aab000 JavaThread "URL-Loader-19" daemon [_thread_blocked, id=4532, stack(0x000000006acf0000,0x000000006adf0000)]
  0x0000000066aa6800 JavaThread "URL-Loader-18" daemon [_thread_blocked, id=10636, stack(0x000000006a9f0000,0x000000006aaf0000)]
  0x0000000066aa3800 JavaThread "URL-Loader-17" daemon [_thread_blocked, id=5584, stack(0x000000006aef0000,0x000000006aff0000)]
  0x0000000066aa9800 JavaThread "Keep-Alive-Timer" daemon [_thread_blocked, id=5392, stack(0x000000006adf0000,0x000000006aef0000)]
  0x0000000066aa9000 JavaThread "URL-Loader-16" daemon [_thread_blocked, id=10448, stack(0x000000006a7f0000,0x000000006a8f0000)]
  0x0000000066aa8000 JavaThread "URL-Loader-15" daemon [_thread_in_native, id=3084, stack(0x000000006a6f0000,0x000000006a7f0000)]
  0x0000000066aa5800 JavaThread "URL-Loader-14" daemon [_thread_blocked, id=6656, stack(0x000000006a5f0000,0x000000006a6f0000)]
  0x0000000066a72000 JavaThread "URL-Loader-13" daemon [_thread_blocked, id=10896, stack(0x000000006a4f0000,0x000000006a5f0000)]
  0x0000000066a71800 JavaThread "URL-Loader-12" daemon [_thread_blocked, id=11360, stack(0x000000006a3f0000,0x000000006a4f0000)]
  0x0000000066a70800 JavaThread "URL-Loader-11" daemon [_thread_blocked, id=14260, stack(0x000000006a2f0000,0x000000006a3f0000)]
  0x0000000066a70000 JavaThread "URL-Loader-10" daemon [_thread_blocked, id=3580, stack(0x000000006a1f0000,0x000000006a2f0000)]
  0x0000000066a6f000 JavaThread "URL-Loader-9" daemon [_thread_blocked, id=3864, stack(0x000000006a0f0000,0x000000006a1f0000)]
  0x0000000066a6e800 JavaThread "URL-Loader-8" daemon [_thread_blocked, id=10804, stack(0x0000000069ff0000,0x000000006a0f0000)]
  0x0000000066a6d800 JavaThread "URL-Loader-7" daemon [_thread_blocked, id=3348, stack(0x0000000069ef0000,0x0000000069ff0000)]
  0x0000000066a6d000 JavaThread "URL-Loader-6" daemon [_thread_blocked, id=1692, stack(0x0000000069df0000,0x0000000069ef0000)]
  0x0000000066a6c000 JavaThread "URL-Loader-5" daemon [_thread_blocked, id=13268, stack(0x0000000069cf0000,0x0000000069df0000)]
  0x0000000066a6b000 JavaThread "URL-Loader-4" daemon [_thread_blocked, id=3200, stack(0x0000000069bf0000,0x0000000069cf0000)]
  0x0000000066be1800 JavaThread "URL-Loader-3" daemon [_thread_blocked, id=5708, stack(0x0000000069af0000,0x0000000069bf0000)]
  0x0000000066be1000 JavaThread "URL-Loader-2" daemon [_thread_blocked, id=9260, stack(0x00000000699f0000,0x0000000069af0000)]
  0x00000000235f5800 JavaThread "URL-Loader-1" daemon [_thread_blocked, id=2984, stack(0x0000000066540000,0x0000000066640000)]
  0x00000000235fe800 JavaThread "Disposer" daemon [_thread_blocked, id=8480, stack(0x0000000066440000,0x0000000066540000)]
  0x0000000023473000 JavaThread "Prism Font Disposer" daemon [_thread_blocked, id=2592, stack(0x0000000025920000,0x0000000025a20000)]
  0x000000001df57800 JavaThread "Thread-3" daemon [_thread_in_native, id=7560, stack(0x0000000023a00000,0x0000000023b00000)]
  0x000000001deee000 JavaThread "JavaFX-Launcher" [_thread_blocked, id=11396, stack(0x0000000023b00000,0x0000000023c00000)]
=>0x000000001ded7800 JavaThread "JavaFX Application Thread" [_thread_in_native, id=10532, stack(0x000000001e830000,0x000000001e930000)]
  0x000000001dee9800 JavaThread "Thread-1" daemon [_thread_blocked, id=1132, stack(0x000000001e730000,0x000000001e830000)]
  0x000000001dea8800 JavaThread "QuantumRenderer-0" daemon [_thread_blocked, id=6552, stack(0x000000001e390000,0x000000001e490000)]
  0x000000001dba9000 JavaThread "Service Thread" daemon [_thread_blocked, id=6976, stack(0x000000001df60000,0x000000001e060000)]
  0x000000001c24d800 JavaThread "C1 CompilerThread2" daemon [_thread_blocked, id=12596, stack(0x000000001da60000,0x000000001db60000)]
  0x000000001c227800 JavaThread "C2 CompilerThread1" daemon [_thread_blocked, id=13372, stack(0x000000001d960000,0x000000001da60000)]
  0x000000001c218000 JavaThread "C2 CompilerThread0" daemon [_thread_blocked, id=8360, stack(0x000000001d860000,0x000000001d960000)]
  0x000000001c216000 JavaThread "Attach Listener" daemon [_thread_blocked, id=5736, stack(0x000000001d760000,0x000000001d860000)]
  0x000000001c214800 JavaThread "Signal Dispatcher" daemon [_thread_blocked, id=10848, stack(0x000000001d660000,0x000000001d760000)]
  0x0000000002bde800 JavaThread "Finalizer" daemon [_thread_blocked, id=3160, stack(0x000000001d460000,0x000000001d560000)]
  0x0000000002bd3000 JavaThread "Reference Handler" daemon [_thread_blocked, id=2660, stack(0x000000001d360000,0x000000001d460000)]
  0x000000000299e800 JavaThread "main" [_thread_blocked, id=6748, stack(0x00000000029e0000,0x0000000002ae0000)]

Other Threads:
  0x000000001c1d8000 VMThread [stack: 0x000000001d260000,0x000000001d360000] [id=7908]
  0x000000001dbaa000 WatcherThread [stack: 0x000000001e060000,0x000000001e160000] [id=472]

VM state:not at safepoint (normal execution)

VM Mutex/Monitor currently owned by a thread: None

heap address: 0x00000006c1a00000, size: 4070 MB, Compressed Oops mode: Zero based, Oop shift amount: 3
Narrow klass base: 0x0000000000000000, Narrow klass shift: 3
Compressed class space size: 1073741824 Address: 0x00000007c0000000

Heap:
 PSYoungGen      total 183296K, used 76831K [0x000000076b380000, 0x0000000779400000, 0x00000007c0000000)
  eden space 173568K, 38% used [0x000000076b380000,0x000000076f509658,0x0000000775d00000)
  from space 9728K, 99% used [0x0000000777400000,0x0000000777d7e6b8,0x0000000777d80000)
  to   space 23552K, 0% used [0x0000000775d00000,0x0000000775d00000,0x0000000777400000)
 ParOldGen       total 128512K, used 28102K [0x00000006c1a00000, 0x00000006c9780000, 0x000000076b380000)
  object space 128512K, 21% used [0x00000006c1a00000,0x00000006c3571910,0x00000006c9780000)
 Metaspace       used 25052K, capacity 26000K, committed 26240K, reserved 1073152K
  class space    used 3186K, capacity 3410K, committed 3456K, reserved 1048576K

Card table byte_map: [0x0000000011fa0000,0x00000000127a0000] byte_map_base: 0x000000000e993000

Marking Bits: (ParMarkBitMap*) 0x000000006ccb5ce0
 Begin Bits: [0x00000000130f0000, 0x0000000017088000)
 End Bits:   [0x0000000017088000, 0x000000001b020000)

Polling page: 0x0000000002930000

CodeCache: size=245760Kb used=11347Kb max_used=11389Kb free=234412Kb
 bounds [0x0000000002be0000, 0x0000000003710000, 0x0000000011be0000]
 total_blobs=4472 nmethods=3661 adapters=722
 compilation: enabled

Compilation events (10 events):
Event: 11.732 Thread 0x000000001c24d800 4090       3       com.sun.prism.impl.BaseGraphics::scale (28 bytes)
Event: 11.733 Thread 0x000000001c24d800 nmethod 4090 0x00000000037089d0 code [0x0000000003708ba0, 0x0000000003708f48]
Event: 11.875 Thread 0x000000001c24d800 4091       3       java.lang.Long::stringSize (38 bytes)
Event: 11.875 Thread 0x000000001c24d800 nmethod 4091 0x00000000036ffe90 code [0x0000000003700000, 0x0000000003700250]
Event: 11.875 Thread 0x000000001c24d800 4092       3       java.lang.Long::getChars (221 bytes)
Event: 11.876 Thread 0x000000001c24d800 nmethod 4092 0x0000000003707a10 code [0x0000000003707be0, 0x0000000003708250]
Event: 11.876 Thread 0x000000001c24d800 4093       3       java.lang.StringBuilder::append (8 bytes)
Event: 11.876 Thread 0x000000001c24d800 nmethod 4093 0x0000000002d31110 code [0x0000000002d31280, 0x0000000002d31408]
Event: 11.877 Thread 0x000000001c24d800 4094       3       java.lang.AbstractStringBuilder::append (70 bytes)
Event: 11.878 Thread 0x000000001c24d800 nmethod 4094 0x0000000003706dd0 code [0x0000000003706fa0, 0x00000000037076f8]

GC Heap History (10 events):
Event: 5.707 GC heap before
{Heap before GC invocations=3 (full 1):
 PSYoungGen      total 76288K, used 65534K [0x000000076b380000, 0x0000000770880000, 0x00000007c0000000)
  eden space 65536K, 99% used [0x000000076b380000,0x000000076f37fbe8,0x000000076f380000)
  from space 10752K, 0% used [0x000000076f380000,0x000000076f380000,0x000000076fe00000)
  to   space 10752K, 0% used [0x000000076fe00000,0x000000076fe00000,0x0000000770880000)
 ParOldGen       total 128512K, used 8695K [0x00000006c1a00000, 0x00000006c9780000, 0x000000076b380000)
  object space 128512K, 6% used [0x00000006c1a00000,0x00000006c227dcb8,0x00000006c9780000)
 Metaspace       used 20696K, capacity 21438K, committed 21632K, reserved 1069056K
  class space    used 2723K, capacity 2917K, committed 2944K, reserved 1048576K
Event: 5.710 GC heap after
Heap after GC invocations=3 (full 1):
 PSYoungGen      total 76288K, used 377K [0x000000076b380000, 0x0000000772880000, 0x00000007c0000000)
  eden space 65536K, 0% used [0x000000076b380000,0x000000076b380000,0x000000076f380000)
  from space 10752K, 3% used [0x000000076fe00000,0x000000076fe5e478,0x0000000770880000)
  to   space 10752K, 0% used [0x000000076f380000,0x000000076f380000,0x000000076fe00000)
 ParOldGen       total 128512K, used 8703K [0x00000006c1a00000, 0x00000006c9780000, 0x000000076b380000)
  object space 128512K, 6% used [0x00000006c1a00000,0x00000006c227fcb8,0x00000006c9780000)
 Metaspace       used 20696K, capacity 21438K, committed 21632K, reserved 1069056K
  class space    used 2723K, capacity 2917K, committed 2944K, reserved 1048576K
}
Event: 5.731 GC heap before
{Heap before GC invocations=4 (full 1):
 PSYoungGen      total 76288K, used 65834K [0x000000076b380000, 0x0000000772880000, 0x00000007c0000000)
  eden space 65536K, 99% used [0x000000076b380000,0x000000076f36c760,0x000000076f380000)
  from space 10752K, 3% used [0x000000076fe00000,0x000000076fe5e478,0x0000000770880000)
  to   space 10752K, 0% used [0x000000076f380000,0x000000076f380000,0x000000076fe00000)
 ParOldGen       total 128512K, used 8703K [0x00000006c1a00000, 0x00000006c9780000, 0x000000076b380000)
  object space 128512K, 6% used [0x00000006c1a00000,0x00000006c227fcb8,0x00000006c9780000)
 Metaspace       used 20696K, capacity 21438K, committed 21632K, reserved 1069056K
  class space    used 2723K, capacity 2917K, committed 2944K, reserved 1048576K
Event: 5.732 GC heap after
Heap after GC invocations=4 (full 1):
 PSYoungGen      total 76288K, used 402K [0x000000076b380000, 0x0000000773400000, 0x00000007c0000000)
  eden space 65536K, 0% used [0x000000076b380000,0x000000076b380000,0x000000076f380000)
  from space 10752K, 3% used [0x000000076f380000,0x000000076f3e4930,0x000000076fe00000)
  to   space 10752K, 0% used [0x0000000772980000,0x0000000772980000,0x0000000773400000)
 ParOldGen       total 128512K, used 8703K [0x00000006c1a00000, 0x00000006c9780000, 0x000000076b380000)
  object space 128512K, 6% used [0x00000006c1a00000,0x00000006c227fcb8,0x00000006c9780000)
 Metaspace       used 20696K, capacity 21438K, committed 21632K, reserved 1069056K
  class space    used 2723K, capacity 2917K, committed 2944K, reserved 1048576K
}
Event: 5.749 GC heap before
{Heap before GC invocations=5 (full 1):
 PSYoungGen      total 76288K, used 65773K [0x000000076b380000, 0x0000000773400000, 0x00000007c0000000)
  eden space 65536K, 99% used [0x000000076b380000,0x000000076f356cf0,0x000000076f380000)
  from space 10752K, 3% used [0x000000076f380000,0x000000076f3e4930,0x000000076fe00000)
  to   space 10752K, 0% used [0x0000000772980000,0x0000000772980000,0x0000000773400000)
 ParOldGen       total 128512K, used 8703K [0x00000006c1a00000, 0x00000006c9780000, 0x000000076b380000)
  object space 128512K, 6% used [0x00000006c1a00000,0x00000006c227fcb8,0x00000006c9780000)
 Metaspace       used 20696K, capacity 21438K, committed 21632K, reserved 1069056K
  class space    used 2723K, capacity 2917K, committed 2944K, reserved 1048576K
Event: 5.750 GC heap after
Heap after GC invocations=5 (full 1):
 PSYoungGen      total 120832K, used 629K [0x000000076b380000, 0x0000000773880000, 0x00000007c0000000)
  eden space 110080K, 0% used [0x000000076b380000,0x000000076b380000,0x0000000771f00000)
  from space 10752K, 5% used [0x0000000772980000,0x0000000772a1d720,0x0000000773400000)
  to   space 10752K, 0% used [0x0000000771f00000,0x0000000771f00000,0x0000000772980000)
 ParOldGen       total 128512K, used 8703K [0x00000006c1a00000, 0x00000006c9780000, 0x000000076b380000)
  object space 128512K, 6% used [0x00000006c1a00000,0x00000006c227fcb8,0x00000006c9780000)
 Metaspace       used 20696K, capacity 21438K, committed 21632K, reserved 1069056K
  class space    used 2723K, capacity 2917K, committed 2944K, reserved 1048576K
}
Event: 6.965 GC heap before
{Heap before GC invocations=6 (full 1):
 PSYoungGen      total 120832K, used 110709K [0x000000076b380000, 0x0000000773880000, 0x00000007c0000000)
  eden space 110080K, 100% used [0x000000076b380000,0x0000000771f00000,0x0000000771f00000)
  from space 10752K, 5% used [0x0000000772980000,0x0000000772a1d720,0x0000000773400000)
  to   space 10752K, 0% used [0x0000000771f00000,0x0000000771f00000,0x0000000772980000)
 ParOldGen       total 128512K, used 8703K [0x00000006c1a00000, 0x00000006c9780000, 0x000000076b380000)
  object space 128512K, 6% used [0x00000006c1a00000,0x00000006c227fcb8,0x00000006c9780000)
 Metaspace       used 23178K, capacity 24070K, committed 24320K, reserved 1071104K
  class space    used 3046K, capacity 3279K, committed 3328K, reserved 1048576K
Event: 6.973 GC heap after
Heap after GC invocations=6 (full 1):
 PSYoungGen      total 120832K, used 4920K [0x000000076b380000, 0x0000000777d80000, 0x00000007c0000000)
  eden space 110080K, 0% used [0x000000076b380000,0x000000076b380000,0x0000000771f00000)
  from space 10752K, 45% used [0x0000000771f00000,0x00000007723ce1d8,0x0000000772980000)
  to   space 9728K, 0% used [0x0000000777400000,0x0000000777400000,0x0000000777d80000)
 ParOldGen       total 128512K, used 8711K [0x00000006c1a00000, 0x00000006c9780000, 0x000000076b380000)
  object space 128512K, 6% used [0x00000006c1a00000,0x00000006c2281cb8,0x00000006c9780000)
 Metaspace       used 23178K, capacity 24070K, committed 24320K, reserved 1071104K
  class space    used 3046K, capacity 3279K, committed 3328K, reserved 1048576K
}
Event: 9.259 GC heap before
{Heap before GC invocations=7 (full 1):
 PSYoungGen      total 120832K, used 114440K [0x000000076b380000, 0x0000000777d80000, 0x00000007c0000000)
  eden space 110080K, 99% used [0x000000076b380000,0x0000000771e73ef0,0x0000000771f00000)
  from space 10752K, 45% used [0x0000000771f00000,0x00000007723ce1d8,0x0000000772980000)
  to   space 9728K, 0% used [0x0000000777400000,0x0000000777400000,0x0000000777d80000)
 ParOldGen       total 128512K, used 8711K [0x00000006c1a00000, 0x00000006c9780000, 0x000000076b380000)
  object space 128512K, 6% used [0x00000006c1a00000,0x00000006c2281cb8,0x00000006c9780000)
 Metaspace       used 23881K, capacity 24794K, committed 24832K, reserved 1071104K
  class space    used 3069K, capacity 3293K, committed 3328K, reserved 1048576K
Event: 9.274 GC heap after
Heap after GC invocations=7 (full 1):
 PSYoungGen      total 183296K, used 9721K [0x000000076b380000, 0x0000000779400000, 0x00000007c0000000)
  eden space 173568K, 0% used [0x000000076b380000,0x000000076b380000,0x0000000775d00000)
  from space 9728K, 99% used [0x0000000777400000,0x0000000777d7e6b8,0x0000000777d80000)
  to   space 23552K, 0% used [0x0000000775d00000,0x0000000775d00000,0x0000000777400000)
 ParOldGen       total 128512K, used 28102K [0x00000006c1a00000, 0x00000006c9780000, 0x000000076b380000)
  object space 128512K, 21% used [0x00000006c1a00000,0x00000006c3571910,0x00000006c9780000)
 Metaspace       used 23881K, capacity 24794K, committed 24832K, reserved 1071104K
  class space    used 3069K, capacity 3293K, committed 3328K, reserved 1048576K
}

Deoptimization events (10 events):
Event: 6.974 Thread 0x0000000066a6e800 Uncommon trap: reason=unstable_if action=reinterpret pc=0x000000000303e00c method=com.sun.crypto.provider.GaloisCounterMode.increment32([B)V @ 39
Event: 7.692 Thread 0x0000000066a6d000 Uncommon trap: reason=class_check action=maybe_recompile pc=0x00000000031d37f0 method=java.io.FilterInputStream.read()I @ 4
Event: 8.176 Thread 0x00000000235f5800 Uncommon trap: reason=class_check action=maybe_recompile pc=0x00000000031d37f0 method=java.io.FilterInputStream.read()I @ 4
Event: 9.435 Thread 0x000000001ded7800 Uncommon trap: reason=unstable_if action=reinterpret pc=0x000000000359cf60 method=com.sun.javafx.image.impl.ByteBgra$ToByteBgraPreConv.doConvert([BII[BIIII)V @ 31
Event: 9.456 Thread 0x000000001ded7800 Uncommon trap: reason=unstable_if action=reinterpret pc=0x000000000359a0fc method=com.sun.javafx.image.impl.BaseByteToByteConverter$FourByteReorderer.doConvert([BII[BIIII)V @ 31
Event: 9.580 Thread 0x000000001dea8800 Uncommon trap: reason=unstable_if action=reinterpret pc=0x0000000003121af8 method=com.sun.javafx.geom.transform.AffineBase.updateState2D()V @ 33
Event: 10.289 Thread 0x000000001ded7800 Uncommon trap: reason=bimorphic action=maybe_recompile pc=0x000000000361c594 method=javafx.scene.Node.updateLocalToParentTransform()V @ 11
Event: 10.314 Thread 0x000000001ded7800 Uncommon trap: reason=bimorphic action=maybe_recompile pc=0x000000000361c594 method=javafx.scene.Node.updateLocalToParentTransform()V @ 11
Event: 10.330 Thread 0x000000001ded7800 Uncommon trap: reason=bimorphic action=maybe_recompile pc=0x000000000361c594 method=javafx.scene.Node.updateLocalToParentTransform()V @ 11
Event: 10.362 Thread 0x000000001ded7800 Uncommon trap: reason=bimorphic action=maybe_recompile pc=0x000000000361c594 method=javafx.scene.Node.updateLocalToParentTransform()V @ 11

Classes redefined (0 events):
No events

Internal exceptions (10 events):
Event: 3.484 Thread 0x000000001ded7800 Implicit null exception at 0x0000000002f0e158 to 0x0000000002f0e1e6
Event: 3.500 Thread 0x000000001ded7800 Exception <a 'java/io/FileNotFoundException'> (0x000000076d7a8918) thrown at [C:\re\workspace\8-2-build-windows-amd64-cygwin\jdk8u221\13320\hotspot\src\share\vm\prims\jni.cpp, line 710]
Event: 3.515 Thread 0x000000001ded7800 Exception <a 'java/io/FileNotFoundException'> (0x000000076d7d1b20) thrown at [C:\re\workspace\8-2-build-windows-amd64-cygwin\jdk8u221\13320\hotspot\src\share\vm\prims\jni.cpp, line 710]
Event: 3.516 Thread 0x000000001ded7800 Exception <a 'java/io/FileNotFoundException'> (0x000000076d7d2f50) thrown at [C:\re\workspace\8-2-build-windows-amd64-cygwin\jdk8u221\13320\hotspot\src\share\vm\prims\jni.cpp, line 710]
Event: 3.547 Thread 0x000000001ded7800 Exception <a 'java/io/FileNotFoundException'> (0x000000076d836458) thrown at [C:\re\workspace\8-2-build-windows-amd64-cygwin\jdk8u221\13320\hotspot\src\share\vm\prims\jni.cpp, line 710]
Event: 3.577 Thread 0x000000001ded7800 Exception <a 'java/io/FileNotFoundException'> (0x000000076d863bf8) thrown at [C:\re\workspace\8-2-build-windows-amd64-cygwin\jdk8u221\13320\hotspot\src\share\vm\prims\jni.cpp, line 710]
Event: 8.098 Thread 0x000000001ded7800 Exception <a 'java/io/FileNotFoundException'> (0x000000076bb66660) thrown at [C:\re\workspace\8-2-build-windows-amd64-cygwin\jdk8u221\13320\hotspot\src\share\vm\prims\jni.cpp, line 710]
Event: 8.099 Thread 0x000000001ded7800 Exception <a 'java/io/FileNotFoundException'> (0x000000076bb67598) thrown at [C:\re\workspace\8-2-build-windows-amd64-cygwin\jdk8u221\13320\hotspot\src\share\vm\prims\jni.cpp, line 710]
Event: 8.100 Thread 0x000000001ded7800 Exception <a 'java/io/FileNotFoundException'> (0x000000076bb6ce50) thrown at [C:\re\workspace\8-2-build-windows-amd64-cygwin\jdk8u221\13320\hotspot\src\share\vm\prims\jni.cpp, line 710]
Event: 8.100 Thread 0x000000001ded7800 Exception <a 'java/io/FileNotFoundException'> (0x000000076bb6dcf8) thrown at [C:\re\workspace\8-2-build-windows-amd64-cygwin\jdk8u221\13320\hotspot\src\share\vm\prims\jni.cpp, line 710]

Events (10 events):
Event: 11.849 Executing VM operation: RevokeBias
Event: 11.849 Executing VM operation: RevokeBias done
Event: 11.849 Executing VM operation: RevokeBias
Event: 11.849 Executing VM operation: RevokeBias done
Event: 11.849 Executing VM operation: RevokeBias
Event: 11.850 Executing VM operation: RevokeBias done
Event: 11.875 Thread 0x000000001c24d800 flushing nmethod 0x0000000002d31110
Event: 11.875 Thread 0x000000001c24d800 flushing nmethod 0x0000000002d4c250
Event: 11.878 Thread 0x000000001c24d800 flushing nmethod 0x0000000002ed2990
Event: 11.878 Thread 0x000000001c24d800 flushing nmethod 0x0000000002ed7390


Dynamic libraries:
0x00007ff717cd0000 - 0x00007ff717d07000 	C:\Program Files\Java\jdk1.8.0_221\bin\javaw.exe
0x00007ffb99820000 - 0x00007ffb99a10000 	C:\WINDOWS\SYSTEM32\ntdll.dll
0x00007ffb980e0000 - 0x00007ffb98192000 	C:\WINDOWS\System32\KERNEL32.DLL
0x00007ffb97370000 - 0x00007ffb97613000 	C:\WINDOWS\System32\KERNELBASE.dll
0x00007ffb986c0000 - 0x00007ffb98763000 	C:\WINDOWS\System32\ADVAPI32.dll
0x00007ffb98d60000 - 0x00007ffb98dfe000 	C:\WINDOWS\System32\msvcrt.dll
0x00007ffb99740000 - 0x00007ffb997d7000 	C:\WINDOWS\System32\sechost.dll
0x00007ffb99500000 - 0x00007ffb99620000 	C:\WINDOWS\System32\RPCRT4.dll
0x00007ffb98b10000 - 0x00007ffb98ca4000 	C:\WINDOWS\System32\USER32.dll
0x00007ffb978a0000 - 0x00007ffb978c1000 	C:\WINDOWS\System32\win32u.dll
0x00007ffb981a0000 - 0x00007ffb981c6000 	C:\WINDOWS\System32\GDI32.dll
0x00007ffb970b0000 - 0x00007ffb97244000 	C:\WINDOWS\System32\gdi32full.dll
0x00007ffb97270000 - 0x00007ffb9730e000 	C:\WINDOWS\System32\msvcp_win.dll
0x00007ffb96f30000 - 0x00007ffb9702a000 	C:\WINDOWS\System32\ucrtbase.dll
0x00007ffb862c0000 - 0x00007ffb86545000 	C:\WINDOWS\WinSxS\amd64_microsoft.windows.common-controls_6595b64144ccf1df_6.0.18362.476_none_e6c4b11b130f2595\COMCTL32.dll
0x00007ffb97cd0000 - 0x00007ffb98006000 	C:\WINDOWS\System32\combase.dll
0x00007ffb97030000 - 0x00007ffb970b0000 	C:\WINDOWS\System32\bcryptPrimitives.dll
0x00007ffb98930000 - 0x00007ffb9895e000 	C:\WINDOWS\System32\IMM32.DLL
0x00000000685c0000 - 0x0000000068692000 	C:\Program Files\Java\jdk1.8.0_221\jre\bin\msvcr100.dll
0x000000006c490000 - 0x000000006cd35000 	C:\Program Files\Java\jdk1.8.0_221\jre\bin\server\jvm.dll
0x00007ffb97950000 - 0x00007ffb97958000 	C:\WINDOWS\System32\PSAPI.DLL
0x00007ffb82950000 - 0x00007ffb82959000 	C:\WINDOWS\SYSTEM32\WSOCK32.dll
0x00007ffb94750000 - 0x00007ffb94774000 	C:\WINDOWS\SYSTEM32\WINMM.dll
0x00007ffb98010000 - 0x00007ffb9807f000 	C:\WINDOWS\System32\WS2_32.dll
0x00007ffb86950000 - 0x00007ffb8695a000 	C:\WINDOWS\SYSTEM32\VERSION.dll
0x00007ffb94720000 - 0x00007ffb9474d000 	C:\WINDOWS\SYSTEM32\WINMMBASE.dll
0x00007ffb97620000 - 0x00007ffb9766a000 	C:\WINDOWS\System32\cfgmgr32.dll
0x00007ffb8f2c0000 - 0x00007ffb8f2cf000 	C:\Program Files\Java\jdk1.8.0_221\jre\bin\verify.dll
0x00007ffb89c70000 - 0x00007ffb89c99000 	C:\Program Files\Java\jdk1.8.0_221\jre\bin\java.dll
0x00007ffb8bf70000 - 0x00007ffb8bf86000 	C:\Program Files\Java\jdk1.8.0_221\jre\bin\zip.dll
0x00007ffb98e00000 - 0x00007ffb994e5000 	C:\WINDOWS\System32\SHELL32.dll
0x00007ffb98cb0000 - 0x00007ffb98d59000 	C:\WINDOWS\System32\shcore.dll
0x00007ffb967b0000 - 0x00007ffb96f2e000 	C:\WINDOWS\System32\windows.storage.dll
0x00007ffb96770000 - 0x00007ffb9678f000 	C:\WINDOWS\System32\profapi.dll
0x00007ffb96720000 - 0x00007ffb9676a000 	C:\WINDOWS\System32\powrprof.dll
0x00007ffb966f0000 - 0x00007ffb96700000 	C:\WINDOWS\System32\UMPDC.dll
0x00007ffb99620000 - 0x00007ffb99672000 	C:\WINDOWS\System32\shlwapi.dll
0x00007ffb96700000 - 0x00007ffb96711000 	C:\WINDOWS\System32\kernel.appcore.dll
0x00007ffb97250000 - 0x00007ffb97267000 	C:\WINDOWS\System32\cryptsp.dll
0x0000000002970000 - 0x0000000002973000 	C:\Program Files\Java\jdk1.8.0_221\jre\bin\api-ms-win-core-console-l1-1-0.dll
0x0000000002980000 - 0x0000000002983000 	C:\Program Files\Java\jdk1.8.0_221\jre\bin\api-ms-win-core-datetime-l1-1-0.dll
0x00000000029a0000 - 0x00000000029a3000 	C:\Program Files\Java\jdk1.8.0_221\jre\bin\api-ms-win-core-debug-l1-1-0.dll
0x00000000029b0000 - 0x00000000029b3000 	C:\Program Files\Java\jdk1.8.0_221\jre\bin\api-ms-win-core-errorhandling-l1-1-0.dll
0x00000000029c0000 - 0x00000000029c4000 	C:\Program Files\Java\jdk1.8.0_221\jre\bin\api-ms-win-core-file-l1-1-0.dll
0x000000001e160000 - 0x000000001e163000 	C:\Program Files\Java\jdk1.8.0_221\jre\bin\api-ms-win-core-file-l1-2-0.dll
0x000000001e170000 - 0x000000001e173000 	C:\Program Files\Java\jdk1.8.0_221\jre\bin\api-ms-win-core-file-l2-1-0.dll
0x000000001e180000 - 0x000000001e183000 	C:\Program Files\Java\jdk1.8.0_221\jre\bin\api-ms-win-core-handle-l1-1-0.dll
0x000000001e190000 - 0x000000001e193000 	C:\Program Files\Java\jdk1.8.0_221\jre\bin\api-ms-win-core-heap-l1-1-0.dll
0x000000001e1a0000 - 0x000000001e1a3000 	C:\Program Files\Java\jdk1.8.0_221\jre\bin\api-ms-win-core-interlocked-l1-1-0.dll
0x000000001e1b0000 - 0x000000001e1b3000 	C:\Program Files\Java\jdk1.8.0_221\jre\bin\api-ms-win-core-libraryloader-l1-1-0.dll
0x000000001e1c0000 - 0x000000001e1c3000 	C:\Program Files\Java\jdk1.8.0_221\jre\bin\api-ms-win-core-localization-l1-2-0.dll
0x000000001e1d0000 - 0x000000001e1d3000 	C:\Program Files\Java\jdk1.8.0_221\jre\bin\api-ms-win-core-memory-l1-1-0.dll
0x000000001e1e0000 - 0x000000001e1e3000 	C:\Program Files\Java\jdk1.8.0_221\jre\bin\api-ms-win-core-namedpipe-l1-1-0.dll
0x000000001e1f0000 - 0x000000001e1f3000 	C:\Program Files\Java\jdk1.8.0_221\jre\bin\api-ms-win-core-processenvironment-l1-1-0.dll
0x000000001e200000 - 0x000000001e203000 	C:\Program Files\Java\jdk1.8.0_221\jre\bin\api-ms-win-core-processthreads-l1-1-0.dll
0x000000001e210000 - 0x000000001e213000 	C:\Program Files\Java\jdk1.8.0_221\jre\bin\api-ms-win-core-processthreads-l1-1-1.dll
0x000000001e220000 - 0x000000001e223000 	C:\Program Files\Java\jdk1.8.0_221\jre\bin\api-ms-win-core-profile-l1-1-0.dll
0x000000001e230000 - 0x000000001e233000 	C:\Program Files\Java\jdk1.8.0_221\jre\bin\api-ms-win-core-rtlsupport-l1-1-0.dll
0x000000001e240000 - 0x000000001e243000 	C:\Program Files\Java\jdk1.8.0_221\jre\bin\api-ms-win-core-string-l1-1-0.dll
0x000000001e250000 - 0x000000001e253000 	C:\Program Files\Java\jdk1.8.0_221\jre\bin\api-ms-win-core-synch-l1-1-0.dll
0x000000001e260000 - 0x000000001e263000 	C:\Program Files\Java\jdk1.8.0_221\jre\bin\api-ms-win-core-synch-l1-2-0.dll
0x000000001e270000 - 0x000000001e273000 	C:\Program Files\Java\jdk1.8.0_221\jre\bin\api-ms-win-core-sysinfo-l1-1-0.dll
0x000000001e280000 - 0x000000001e283000 	C:\Program Files\Java\jdk1.8.0_221\jre\bin\api-ms-win-core-timezone-l1-1-0.dll
0x000000001e290000 - 0x000000001e293000 	C:\Program Files\Java\jdk1.8.0_221\jre\bin\api-ms-win-core-util-l1-1-0.dll
0x000000001e2a0000 - 0x000000001e2a3000 	C:\Program Files\Java\jdk1.8.0_221\jre\bin\api-ms-win-crt-conio-l1-1-0.dll
0x000000001e2b0000 - 0x000000001e2b4000 	C:\Program Files\Java\jdk1.8.0_221\jre\bin\api-ms-win-crt-convert-l1-1-0.dll
0x000000001e2c0000 - 0x000000001e2c3000 	C:\Program Files\Java\jdk1.8.0_221\jre\bin\api-ms-win-crt-environment-l1-1-0.dll
0x000000001e2d0000 - 0x000000001e2d3000 	C:\Program Files\Java\jdk1.8.0_221\jre\bin\api-ms-win-crt-filesystem-l1-1-0.dll
0x000000001e2e0000 - 0x000000001e2e3000 	C:\Program Files\Java\jdk1.8.0_221\jre\bin\api-ms-win-crt-heap-l1-1-0.dll
0x000000001e2f0000 - 0x000000001e2f3000 	C:\Program Files\Java\jdk1.8.0_221\jre\bin\api-ms-win-crt-locale-l1-1-0.dll
0x000000001e300000 - 0x000000001e305000 	C:\Program Files\Java\jdk1.8.0_221\jre\bin\api-ms-win-crt-math-l1-1-0.dll
0x000000001e310000 - 0x000000001e315000 	C:\Program Files\Java\jdk1.8.0_221\jre\bin\api-ms-win-crt-multibyte-l1-1-0.dll
0x000000001e320000 - 0x000000001e330000 	C:\Program Files\Java\jdk1.8.0_221\jre\bin\api-ms-win-crt-private-l1-1-0.dll
0x000000001e330000 - 0x000000001e333000 	C:\Program Files\Java\jdk1.8.0_221\jre\bin\api-ms-win-crt-process-l1-1-0.dll
0x000000001e340000 - 0x000000001e344000 	C:\Program Files\Java\jdk1.8.0_221\jre\bin\api-ms-win-crt-runtime-l1-1-0.dll
0x000000001e350000 - 0x000000001e354000 	C:\Program Files\Java\jdk1.8.0_221\jre\bin\api-ms-win-crt-stdio-l1-1-0.dll
0x000000001e360000 - 0x000000001e364000 	C:\Program Files\Java\jdk1.8.0_221\jre\bin\api-ms-win-crt-string-l1-1-0.dll
0x000000001e370000 - 0x000000001e373000 	C:\Program Files\Java\jdk1.8.0_221\jre\bin\api-ms-win-crt-time-l1-1-0.dll
0x000000001e380000 - 0x000000001e383000 	C:\Program Files\Java\jdk1.8.0_221\jre\bin\api-ms-win-crt-utility-l1-1-0.dll
0x00007ffb37240000 - 0x00007ffb37336000 	C:\Program Files\Java\jdk1.8.0_221\jre\bin\ucrtbase.dll
0x00007ffb8bfe0000 - 0x00007ffb8bff6000 	C:\Program Files\Java\jdk1.8.0_221\jre\bin\vcruntime140.dll
0x00007ffb53ad0000 - 0x00007ffb53b7a000 	C:\Program Files\Java\jdk1.8.0_221\jre\bin\msvcp140.dll
0x00007ffb6d870000 - 0x00007ffb6d8c4000 	C:\Program Files\Java\jdk1.8.0_221\jre\bin\concrt140.dll
0x00007ffb815c0000 - 0x00007ffb815e3000 	C:\Program Files\Java\jdk1.8.0_221\jre\bin\prism_d3d.dll
0x00007ffb52a70000 - 0x00007ffb52c37000 	C:\WINDOWS\system32\d3d9.dll
0x00007ffb94a70000 - 0x00007ffb94a9d000 	C:\WINDOWS\SYSTEM32\dwmapi.dll
0x00007ffb95390000 - 0x00007ffb953b0000 	C:\WINDOWS\SYSTEM32\dxcore.dll
0x00007ffb94980000 - 0x00007ffb94a19000 	C:\WINDOWS\system32\uxtheme.dll
0x00007ffb42980000 - 0x00007ffb44ebd000 	C:\WINDOWS\SYSTEM32\igdumdim64.dll
0x00007ffb97a30000 - 0x00007ffb97af4000 	C:\WINDOWS\System32\OLEAUT32.dll
0x00007ffb987d0000 - 0x00007ffb98926000 	C:\WINDOWS\System32\ole32.dll
0x00007ffb98250000 - 0x00007ffb986c0000 	C:\WINDOWS\System32\SETUPAPI.dll
0x00007ffb97670000 - 0x00007ffb97696000 	C:\WINDOWS\System32\bcrypt.dll
0x00007ffb7df20000 - 0x00007ffb7df69000 	C:\Program Files\Java\jdk1.8.0_221\jre\bin\glass.dll
0x00007ffb97960000 - 0x00007ffb97a30000 	C:\WINDOWS\System32\COMDLG32.dll
0x00007ffb97b90000 - 0x00007ffb97cc6000 	C:\WINDOWS\System32\MSCTF.dll
0x00007ffb8cce0000 - 0x00007ffb8d71f000 	C:\WINDOWS\SYSTEM32\igdusc64.dll
0x00007ffb82c70000 - 0x00007ffb82c84000 	C:\Program Files\Java\jdk1.8.0_221\jre\bin\javafx_font.dll
0x00007ffb8d8e0000 - 0x00007ffb8dbde000 	C:\WINDOWS\SYSTEM32\dwrite.dll
0x00007ffb95ad0000 - 0x00007ffb95b03000 	C:\WINDOWS\system32\rsaenh.dll
0x00007ffb96610000 - 0x00007ffb96635000 	C:\WINDOWS\SYSTEM32\USERENV.dll
0x00007ffb96130000 - 0x00007ffb9613c000 	C:\WINDOWS\SYSTEM32\CRYPTBASE.dll
0x00007ffb8bd30000 - 0x00007ffb8bd4a000 	C:\Program Files\Java\jdk1.8.0_221\jre\bin\net.dll
0x00007ffb8fda0000 - 0x00007ffb8ff76000 	C:\WINDOWS\SYSTEM32\urlmon.dll
0x00007ffb902a0000 - 0x00007ffb90546000 	C:\WINDOWS\SYSTEM32\iertutil.dll
0x00007ffb95f60000 - 0x00007ffb95fc7000 	C:\WINDOWS\system32\mswsock.dll
0x00007ffb95c70000 - 0x00007ffb95caa000 	C:\WINDOWS\SYSTEM32\IPHLPAPI.DLL
0x00007ffb99730000 - 0x00007ffb99738000 	C:\WINDOWS\System32\NSI.dll
0x00007ffb8f170000 - 0x00007ffb8f186000 	C:\WINDOWS\SYSTEM32\dhcpcsvc6.DLL
0x00007ffb8dc80000 - 0x00007ffb8dc9c000 	C:\WINDOWS\SYSTEM32\dhcpcsvc.DLL
0x00007ffb95cb0000 - 0x00007ffb95d7a000 	C:\WINDOWS\SYSTEM32\DNSAPI.dll
0x00007ffb8aac0000 - 0x00007ffb8aad2000 	C:\Program Files\Java\jdk1.8.0_221\jre\bin\nio.dll
0x00007ffb1cb20000 - 0x00007ffb20b7b000 	C:\Program Files\Java\jdk1.8.0_221\jre\bin\jfxwebkit.dll
0x00007ffb86f70000 - 0x00007ffb86f94000 	C:\Program Files\Java\jdk1.8.0_221\jre\bin\sunec.dll
0x00007ffb99680000 - 0x00007ffb99722000 	C:\WINDOWS\System32\clbcatq.dll
0x00007ffb8e050000 - 0x00007ffb8e1ff000 	C:\WINDOWS\SYSTEM32\WindowsCodecs.dll
0x00007ffb6f8d0000 - 0x00007ffb6f90a000 	C:\WINDOWS\system32\dataexchange.dll
0x00007ffb93390000 - 0x00007ffb935eb000 	C:\WINDOWS\system32\d3d11.dll
0x00007ffb93690000 - 0x00007ffb9386b000 	C:\WINDOWS\system32\dcomp.dll
0x00007ffb954b0000 - 0x00007ffb9559b000 	C:\WINDOWS\system32\dxgi.dll
0x00007ffb94aa0000 - 0x00007ffb94cfa000 	C:\WINDOWS\system32\twinapi.appcore.dll
0x00007ffb94f80000 - 0x00007ffb94fa9000 	C:\WINDOWS\system32\RMCLIENT.dll
0x00007ffb83060000 - 0x00007ffb83093000 	C:\Program Files\Common Files\Microsoft Shared\Ink\rtscom.dll
0x00007ffb935f0000 - 0x00007ffb9368e000 	C:\WINDOWS\System32\TextInputFramework.dll
0x00007ffb92e50000 - 0x00007ffb9317a000 	C:\WINDOWS\System32\CoreUIComponents.dll
0x00007ffb939d0000 - 0x00007ffb93aa4000 	C:\WINDOWS\System32\CoreMessaging.dll
0x00007ffb95690000 - 0x00007ffb956c1000 	C:\WINDOWS\SYSTEM32\ntmarta.dll
0x00007ffb92730000 - 0x00007ffb92883000 	C:\WINDOWS\SYSTEM32\wintypes.dll

VM Arguments:
jvm_args: -Dfile.encoding=UTF-8 
java_command: pl.B4GU5.TW.Main
java_class_path (initial): C:\Users\mbn\eclipse-workspace\TW2\target\classes;C:\Users\mbn\.m2\repository\org\json\json\20190722\json-20190722.jar;C:\Users\mbn\.m2\repository\org\jfxtras\jmetro\8.6-RC-06\jmetro-8.6-RC-06.jar;C:\Users\mbn\.m2\repository\org\controlsfx\controlsfx\8.40.14\controlsfx-8.40.14.jar;C:\Users\mbn\.m2\repository\de\jensd\fontawesomefx\8.9\fontawesomefx-8.9.jar;C:\Users\mbn\.m2\repository\com\jfoenix\jfoenix\8.0.9\jfoenix-8.0.9.jar;C:\Users\mbn\.m2\repository\de\schlegel11\jfxanimation\2.0.0\jfxanimation-2.0.0.jar;C:\Users\mbn\.m2\repository\uk\co\rx14\jmclaunchlib\jMCLaunchLib\0.3.1\jMCLaunchLib-0.3.1.jar;C:\Users\mbn\.m2\repository\org\codehaus\groovy\groovy-all\2.3.11\groovy-all-2.3.11-indy.jar;C:\Users\mbn\.m2\repository\com\mashape\unirest\unirest-java\1.4.5\unirest-java-1.4.5.jar;C:\Users\mbn\.m2\repository\org\apache\httpcomponents\httpclient\4.3.6\httpclient-4.3.6.jar;C:\Users\mbn\.m2\repository\org\apache\httpcomponents\httpcore\4.3.3\httpcore-4.3.3.jar;C:\Users\mbn\.m2\repository\org\apache\httpcomponents\httpasyncclient\4.0.2\httpasyncclient-4.0.2.jar;C:\Users\mbn\.m2\repository\org\apache\httpcomponents\httpcore-nio\4.3.2\httpcore-nio-4.3.2.jar;C:\Users\mbn\.m2\repository\org\apache\httpcomponents\httpmime\4.3.6\httpmime-4.3.6.jar;C:\Users\mbn\.m2\repository\commons-codec\commons-codec\1.10\commons-codec-1.10.jar;C:\Users\mbn\.m2\repository\org\tukaani\xz\1.5\xz-1.5.jar;C:\Users\mbn\.m2\repository\commons-io\commons-io\2.4\commons-io-2.4.jar;C:\Users\mbn\.m2\repository\commons-logging\commons-logging\1.2\commons-logging-1.2.jar;C:\Users\mbn\.m2\repository\org\codefx\libfx\LibFX\0.3.0\LibFX-0.3.0.jar
Launcher Type: SUN_STANDARD

Environment Variables:
PATH=C:/Program Files/Java/jdk1.8.0_221/bin/../jre/bin/server;C:/Program Files/Java/jdk1.8.0_221/bin/../jre/bin;C:/Program Files/Java/jdk1.8.0_221/bin/../jre/lib/amd64;C:\Program Files (x86)\Common Files\Oracle\Java\javapath;C:\ProgramData\Oracle\Java\javapath;C:\Program Files (x86)\Intel\Intel(R) Management Engine Components\iCLS\;C:\Program Files\Intel\Intel(R) Management Engine Components\iCLS\;C:\WINDOWS\system32;C:\WINDOWS;C:\WINDOWS\System32\Wbem;C:\WINDOWS\System32\WindowsPowerShell\v1.0\;C:\WINDOWS\System32\OpenSSH\;C:\Program Files (x86)\Intel\Intel(R) Management Engine Components\DAL;C:\Program Files\Intel\Intel(R) Management Engine Components\DAL;C:\Program Files\Intel\WiFi\bin\;C:\Program Files\Common Files\Intel\WirelessCommon\;C:\Program Files (x86)\PuTTY\;C:\Program Files\Git\cmd;C:\Users\mbn\AppData\Local\Microsoft\WindowsApps;;C:\Users\mbn\Desktop;
USERNAME=mbn
OS=Windows_NT
PROCESSOR_IDENTIFIER=Intel64 Family 6 Model 61 Stepping 4, GenuineIntel



---------------  S Y S T E M  ---------------

OS: Windows 10.0 , 64 bit Build 18362 (10.0.18362.329)

CPU:total 4 (initial active 4) (2 cores per cpu, 2 threads per core) family 6 model 61 stepping 4, cmov, cx8, fxsr, mmx, sse, sse2, sse3, ssse3, sse4.1, sse4.2, popcnt, avx, avx2, aes, clmul, erms, rtm, 3dnowpref, lzcnt, ht, tsc, tscinvbit, bmi1, bmi2, adx

Memory: 4k page, physical 16666048k(8601108k free), swap 19156416k(8642908k free)

vm_info: Java HotSpot(TM) 64-Bit Server VM (25.221-b11) for windows-amd64 JRE (1.8.0_221-b11), built on Jul  4 2019 04:39:29 by "java_re" with MS VC++ 10.0 (VS2010)

time: Mon Dec 02 13:09:02 2019
timezone: Central European Standard Time
elapsed time: 11 seconds (0d 0h 0m 11s)

